Command line invocation:
    /Applications/Xcode.app/Contents/Developer/usr/bin/xcodebuild -scheme books -project /Users/justingardner/Downloads/Xcode/books_build2/books.xcodeproj -destination "platform=iOS Simulator,id=C1463CC7-4EE6-4F97-BD44-99E9286B5BC4" -configuration Debug CODE_SIGNING_ALLOWED=NO -enableCodeCoverage YES test

Build settings from command line:
    CODE_SIGNING_ALLOWED = NO

ComputePackagePrebuildTargetDependencyGraph

Prepare packages

CreateBuildRequest

SendProjectDescription

CreateBuildOperation

ComputeTargetDependencyGraph
note: Building targets in dependency order
note: Target dependency graph (3 targets)
    Target 'booksUITests' in project 'books'
        ➜ Explicit dependency on target 'books' in project 'books'
    Target 'booksTests' in project 'books'
        ➜ Explicit dependency on target 'books' in project 'books'
    Target 'books' in project 'books' (no dependencies)

GatherProvisioningInputs

CreateBuildDescription

ExecuteExternalTool /Applications/Xcode.app/Contents/Developer/Toolchains/XcodeDefault.xctoolchain/usr/bin/swiftc --version

ExecuteExternalTool /Applications/Xcode.app/Contents/Developer/Toolchains/XcodeDefault.xctoolchain/usr/bin/clang -v -E -dM -isysroot /Applications/Xcode.app/Contents/Developer/Platforms/iPhoneSimulator.platform/Developer/SDKs/iPhoneSimulator18.5.sdk -x c -c /dev/null

ExecuteExternalTool /Applications/Xcode.app/Contents/Developer/usr/bin/actool --print-asset-tag-combinations --output-format xml1 /Users/justingardner/Downloads/xcode/books_build2/books/Assets.xcassets

ExecuteExternalTool /Applications/Xcode.app/Contents/Developer/Toolchains/XcodeDefault.xctoolchain/usr/bin/ld -version_details

ExecuteExternalTool /Applications/Xcode.app/Contents/Developer/usr/bin/actool --version --output-format xml1

Build description signature: fe98e35aec3da7a569b04a9d7462bf09
Build description path: /Users/justingardner/Library/Developer/Xcode/DerivedData/books-fpommwulutefkublemohbizwfike/Build/Intermediates.noindex/XCBuildData/fe98e35aec3da7a569b04a9d7462bf09.xcbuilddata
ClangStatCache /Applications/Xcode.app/Contents/Developer/Toolchains/XcodeDefault.xctoolchain/usr/bin/clang-stat-cache /Applications/Xcode.app/Contents/Developer/Platforms/iPhoneSimulator.platform/Developer/SDKs/iPhoneSimulator18.5.sdk /Users/justingardner/Library/Developer/Xcode/DerivedData/SDKStatCaches.noindex/iphonesimulator18.5-22F76-d5fc8ad4295d2ef488fb7d0f804ce0c4.sdkstatcache
    cd /Users/justingardner/Downloads/xcode/books_build2/books.xcodeproj
    /Applications/Xcode.app/Contents/Developer/Toolchains/XcodeDefault.xctoolchain/usr/bin/clang-stat-cache /Applications/Xcode.app/Contents/Developer/Platforms/iPhoneSimulator.platform/Developer/SDKs/iPhoneSimulator18.5.sdk -o /Users/justingardner/Library/Developer/Xcode/DerivedData/SDKStatCaches.noindex/iphonesimulator18.5-22F76-d5fc8ad4295d2ef488fb7d0f804ce0c4.sdkstatcache

WriteAuxiliaryFile /Users/justingardner/Library/Developer/Xcode/DerivedData/books-fpommwulutefkublemohbizwfike/Build/Intermediates.noindex/books.build/Debug-iphonesimulator/books.build/Objects-normal/arm64/books.SwiftFileList (in target 'books' from project 'books')
    cd /Users/justingardner/Downloads/xcode/books_build2
    write-file /Users/justingardner/Library/Developer/Xcode/DerivedData/books-fpommwulutefkublemohbizwfike/Build/Intermediates.noindex/books.build/Debug-iphonesimulator/books.build/Objects-normal/arm64/books.SwiftFileList

WriteAuxiliaryFile /Users/justingardner/Library/Developer/Xcode/DerivedData/books-fpommwulutefkublemohbizwfike/Build/Intermediates.noindex/books.build/Debug-iphonesimulator/books.build/Objects-normal/arm64/books.SwiftConstValuesFileList (in target 'books' from project 'books')
    cd /Users/justingardner/Downloads/xcode/books_build2
    write-file /Users/justingardner/Library/Developer/Xcode/DerivedData/books-fpommwulutefkublemohbizwfike/Build/Intermediates.noindex/books.build/Debug-iphonesimulator/books.build/Objects-normal/arm64/books.SwiftConstValuesFileList

WriteAuxiliaryFile /Users/justingardner/Library/Developer/Xcode/DerivedData/books-fpommwulutefkublemohbizwfike/Build/Intermediates.noindex/books.build/Debug-iphonesimulator/books.build/Objects-normal/arm64/books.LinkFileList (in target 'books' from project 'books')
    cd /Users/justingardner/Downloads/xcode/books_build2
    write-file /Users/justingardner/Library/Developer/Xcode/DerivedData/books-fpommwulutefkublemohbizwfike/Build/Intermediates.noindex/books.build/Debug-iphonesimulator/books.build/Objects-normal/arm64/books.LinkFileList

WriteAuxiliaryFile /Users/justingardner/Library/Developer/Xcode/DerivedData/books-fpommwulutefkublemohbizwfike/Build/Intermediates.noindex/books.build/Debug-iphonesimulator/booksTests.build/Objects-normal/arm64/booksTests.LinkFileList (in target 'booksTests' from project 'books')
    cd /Users/justingardner/Downloads/xcode/books_build2
    write-file /Users/justingardner/Library/Developer/Xcode/DerivedData/books-fpommwulutefkublemohbizwfike/Build/Intermediates.noindex/books.build/Debug-iphonesimulator/booksTests.build/Objects-normal/arm64/booksTests.LinkFileList

WriteAuxiliaryFile /Users/justingardner/Library/Developer/Xcode/DerivedData/books-fpommwulutefkublemohbizwfike/Build/Intermediates.noindex/books.build/Debug-iphonesimulator/booksTests.build/Objects-normal/arm64/booksTests.SwiftConstValuesFileList (in target 'booksTests' from project 'books')
    cd /Users/justingardner/Downloads/xcode/books_build2
    write-file /Users/justingardner/Library/Developer/Xcode/DerivedData/books-fpommwulutefkublemohbizwfike/Build/Intermediates.noindex/books.build/Debug-iphonesimulator/booksTests.build/Objects-normal/arm64/booksTests.SwiftConstValuesFileList

WriteAuxiliaryFile /Users/justingardner/Library/Developer/Xcode/DerivedData/books-fpommwulutefkublemohbizwfike/Build/Intermediates.noindex/books.build/Debug-iphonesimulator/booksTests.build/Objects-normal/arm64/booksTests.SwiftFileList (in target 'booksTests' from project 'books')
    cd /Users/justingardner/Downloads/xcode/books_build2
    write-file /Users/justingardner/Library/Developer/Xcode/DerivedData/books-fpommwulutefkublemohbizwfike/Build/Intermediates.noindex/books.build/Debug-iphonesimulator/booksTests.build/Objects-normal/arm64/booksTests.SwiftFileList

ProcessInfoPlistFile /Users/justingardner/Library/Developer/Xcode/DerivedData/books-fpommwulutefkublemohbizwfike/Build/Products/Debug-iphonesimulator/books.app/Info.plist /Users/justingardner/Downloads/xcode/books_build2/books/Info.plist (in target 'books' from project 'books')
    cd /Users/justingardner/Downloads/xcode/books_build2
    builtin-infoPlistUtility /Users/justingardner/Downloads/xcode/books_build2/books/Info.plist -producttype com.apple.product-type.application -genpkginfo /Users/justingardner/Library/Developer/Xcode/DerivedData/books-fpommwulutefkublemohbizwfike/Build/Products/Debug-iphonesimulator/books.app/PkgInfo -expandbuildsettings -format binary -platform iphonesimulator -additionalcontentfile /Users/justingardner/Library/Developer/Xcode/DerivedData/books-fpommwulutefkublemohbizwfike/Build/Intermediates.noindex/books.build/Debug-iphonesimulator/books.build/assetcatalog_generated_info.plist -o /Users/justingardner/Library/Developer/Xcode/DerivedData/books-fpommwulutefkublemohbizwfike/Build/Products/Debug-iphonesimulator/books.app/Info.plist

SwiftDriver books normal arm64 com.apple.xcode.tools.swift.compiler (in target 'books' from project 'books')
    cd /Users/justingardner/Downloads/xcode/books_build2
    builtin-SwiftDriver -- /Applications/Xcode.app/Contents/Developer/Toolchains/XcodeDefault.xctoolchain/usr/bin/swiftc -module-name books -Onone -enforce-exclusivity\=checked @/Users/justingardner/Library/Developer/Xcode/DerivedData/books-fpommwulutefkublemohbizwfike/Build/Intermediates.noindex/books.build/Debug-iphonesimulator/books.build/Objects-normal/arm64/books.SwiftFileList -DDEBUG -enable-bare-slash-regex -enable-experimental-feature DebugDescriptionMacro -sdk /Applications/Xcode.app/Contents/Developer/Platforms/iPhoneSimulator.platform/Developer/SDKs/iPhoneSimulator18.5.sdk -target arm64-apple-ios18.0-simulator -g -module-cache-path /Users/justingardner/Library/Developer/Xcode/DerivedData/ModuleCache.noindex -Xfrontend -serialize-debugging-options -profile-coverage-mapping -profile-generate -enable-testing -index-store-path /Users/justingardner/Library/Developer/Xcode/DerivedData/books-fpommwulutefkublemohbizwfike/Index.noindex/DataStore -swift-version 5 -I /Users/justingardner/Library/Developer/Xcode/DerivedData/books-fpommwulutefkublemohbizwfike/Build/Products/Debug-iphonesimulator -F /Users/justingardner/Library/Developer/Xcode/DerivedData/books-fpommwulutefkublemohbizwfike/Build/Products/Debug-iphonesimulator -emit-localized-strings -emit-localized-strings-path /Users/justingardner/Library/Developer/Xcode/DerivedData/books-fpommwulutefkublemohbizwfike/Build/Intermediates.noindex/books.build/Debug-iphonesimulator/books.build/Objects-normal/arm64 -c -j12 -enable-batch-mode -incremental -Xcc -ivfsstatcache -Xcc /Users/justingardner/Library/Developer/Xcode/DerivedData/SDKStatCaches.noindex/iphonesimulator18.5-22F76-d5fc8ad4295d2ef488fb7d0f804ce0c4.sdkstatcache -output-file-map /Users/justingardner/Library/Developer/Xcode/DerivedData/books-fpommwulutefkublemohbizwfike/Build/Intermediates.noindex/books.build/Debug-iphonesimulator/books.build/Objects-normal/arm64/books-OutputFileMap.json -use-frontend-parseable-output -save-temps -no-color-diagnostics -serialize-diagnostics -emit-dependencies -emit-module -emit-module-path /Users/justingardner/Library/Developer/Xcode/DerivedData/books-fpommwulutefkublemohbizwfike/Build/Intermediates.noindex/books.build/Debug-iphonesimulator/books.build/Objects-normal/arm64/books.swiftmodule -validate-clang-modules-once -clang-build-session-file /Users/justingardner/Library/Developer/Xcode/DerivedData/ModuleCache.noindex/Session.modulevalidation -Xcc -I/Users/justingardner/Library/Developer/Xcode/DerivedData/books-fpommwulutefkublemohbizwfike/Build/Intermediates.noindex/books.build/Debug-iphonesimulator/books.build/swift-overrides.hmap -emit-const-values -Xfrontend -const-gather-protocols-file -Xfrontend /Users/justingardner/Library/Developer/Xcode/DerivedData/books-fpommwulutefkublemohbizwfike/Build/Intermediates.noindex/books.build/Debug-iphonesimulator/books.build/Objects-normal/arm64/books_const_extract_protocols.json -Xcc -iquote -Xcc /Users/justingardner/Library/Developer/Xcode/DerivedData/books-fpommwulutefkublemohbizwfike/Build/Intermediates.noindex/books.build/Debug-iphonesimulator/books.build/books-generated-files.hmap -Xcc -I/Users/justingardner/Library/Developer/Xcode/DerivedData/books-fpommwulutefkublemohbizwfike/Build/Intermediates.noindex/books.build/Debug-iphonesimulator/books.build/books-own-target-headers.hmap -Xcc -I/Users/justingardner/Library/Developer/Xcode/DerivedData/books-fpommwulutefkublemohbizwfike/Build/Intermediates.noindex/books.build/Debug-iphonesimulator/books.build/books-all-target-headers.hmap -Xcc -iquote -Xcc /Users/justingardner/Library/Developer/Xcode/DerivedData/books-fpommwulutefkublemohbizwfike/Build/Intermediates.noindex/books.build/Debug-iphonesimulator/books.build/books-project-headers.hmap -Xcc -I/Users/justingardner/Library/Developer/Xcode/DerivedData/books-fpommwulutefkublemohbizwfike/Build/Products/Debug-iphonesimulator/include -Xcc -I/Users/justingardner/Library/Developer/Xcode/DerivedData/books-fpommwulutefkublemohbizwfike/Build/Intermediates.noindex/books.build/Debug-iphonesimulator/books.build/DerivedSources-normal/arm64 -Xcc -I/Users/justingardner/Library/Developer/Xcode/DerivedData/books-fpommwulutefkublemohbizwfike/Build/Intermediates.noindex/books.build/Debug-iphonesimulator/books.build/DerivedSources/arm64 -Xcc -I/Users/justingardner/Library/Developer/Xcode/DerivedData/books-fpommwulutefkublemohbizwfike/Build/Intermediates.noindex/books.build/Debug-iphonesimulator/books.build/DerivedSources -Xcc -DDEBUG\=1 -emit-objc-header -emit-objc-header-path /Users/justingardner/Library/Developer/Xcode/DerivedData/books-fpommwulutefkublemohbizwfike/Build/Intermediates.noindex/books.build/Debug-iphonesimulator/books.build/Objects-normal/arm64/books-Swift.h -working-directory /Users/justingardner/Downloads/xcode/books_build2 -experimental-emit-module-separately -disable-cmo

SwiftCompile normal arm64 Compiling\ SearchView.swift,\ BookDetailsView.swift,\ BookSearchService.swift /Users/justingardner/Downloads/xcode/books_build2/books/Views/Main/SearchView.swift /Users/justingardner/Downloads/xcode/books_build2/books/Views/Detail/BookDetailsView.swift /Users/justingardner/Downloads/xcode/books_build2/books/Services/BookSearchService.swift (in target 'books' from project 'books')

SwiftCompile normal arm64 /Users/justingardner/Downloads/xcode/books_build2/books/Views/Main/SearchView.swift (in target 'books' from project 'books')
    cd /Users/justingardner/Downloads/xcode/books_build2
    

SwiftCompile normal arm64 /Users/justingardner/Downloads/xcode/books_build2/books/Views/Detail/BookDetailsView.swift (in target 'books' from project 'books')
    cd /Users/justingardner/Downloads/xcode/books_build2
    

SwiftCompile normal arm64 /Users/justingardner/Downloads/xcode/books_build2/books/Services/BookSearchService.swift (in target 'books' from project 'books')
    cd /Users/justingardner/Downloads/xcode/books_build2
    

SwiftCompile normal arm64 Compiling\ QuickRatingView.swift,\ BookCardView.swift /Users/justingardner/Downloads/xcode/books_build2/books/Views/Components/QuickRatingView.swift /Users/justingardner/Downloads/xcode/books_build2/books/Views/Components/BookCardView.swift (in target 'books' from project 'books')

SwiftCompile normal arm64 /Users/justingardner/Downloads/xcode/books_build2/books/Views/Components/QuickRatingView.swift (in target 'books' from project 'books')
    cd /Users/justingardner/Downloads/xcode/books_build2
    

SwiftCompile normal arm64 /Users/justingardner/Downloads/xcode/books_build2/books/Views/Components/BookCardView.swift (in target 'books' from project 'books')
    cd /Users/justingardner/Downloads/xcode/books_build2
    

SwiftCompile normal arm64 Compiling\ PageInputView.swift,\ EditBookView.swift /Users/justingardner/Downloads/xcode/books_build2/books/Views/Components/PageInputView.swift /Users/justingardner/Downloads/xcode/books_build2/books/Views/Detail/EditBookView.swift (in target 'books' from project 'books')

SwiftCompile normal arm64 /Users/justingardner/Downloads/xcode/books_build2/books/Views/Components/PageInputView.swift (in target 'books' from project 'books')
    cd /Users/justingardner/Downloads/xcode/books_build2
    

SwiftCompile normal arm64 /Users/justingardner/Downloads/xcode/books_build2/books/Views/Detail/EditBookView.swift (in target 'books' from project 'books')
    cd /Users/justingardner/Downloads/xcode/books_build2
    

SwiftCompile normal arm64 Compiling\ BackgroundImportProgressIndicator.swift,\ ConcurrentImportConfig.swift /Users/justingardner/Downloads/xcode/books_build2/books/Views/Components/BackgroundImportProgressIndicator.swift /Users/justingardner/Downloads/xcode/books_build2/books/Services/ConcurrentImportConfig.swift (in target 'books' from project 'books')

SwiftCompile normal arm64 /Users/justingardner/Downloads/xcode/books_build2/books/Views/Components/BackgroundImportProgressIndicator.swift (in target 'books' from project 'books')
    cd /Users/justingardner/Downloads/xcode/books_build2
    

SwiftCompile normal arm64 /Users/justingardner/Downloads/xcode/books_build2/books/Services/ConcurrentImportConfig.swift (in target 'books' from project 'books')
    cd /Users/justingardner/Downloads/xcode/books_build2
    

SwiftCompile normal arm64 Compiling\ CloudKitManager.swift,\ QuickFilterBar.swift /Users/justingardner/Downloads/xcode/books_build2/books/Services/CloudKitManager.swift /Users/justingardner/Downloads/xcode/books_build2/books/Views/Components/QuickFilterBar.swift (in target 'books' from project 'books')

SwiftCompile normal arm64 /Users/justingardner/Downloads/xcode/books_build2/books/Services/CloudKitManager.swift (in target 'books' from project 'books')
    cd /Users/justingardner/Downloads/xcode/books_build2
    

SwiftCompile normal arm64 /Users/justingardner/Downloads/xcode/books_build2/books/Views/Components/QuickFilterBar.swift (in target 'books' from project 'books')
    cd /Users/justingardner/Downloads/xcode/books_build2
    

SwiftCompile normal arm64 Compiling\ ThemePreviewCard.swift,\ AboutThisAppView.swift /Users/justingardner/Downloads/xcode/books_build2/books/Views/Components/ThemePreviewCard.swift /Users/justingardner/Downloads/xcode/books_build2/books/Views/Main/AboutThisAppView.swift (in target 'books' from project 'books')

SwiftCompile normal arm64 /Users/justingardner/Downloads/xcode/books_build2/books/Views/Components/ThemePreviewCard.swift (in target 'books' from project 'books')
    cd /Users/justingardner/Downloads/xcode/books_build2
    

SwiftCompile normal arm64 /Users/justingardner/Downloads/xcode/books_build2/books/Views/Main/AboutThisAppView.swift (in target 'books' from project 'books')
    cd /Users/justingardner/Downloads/xcode/books_build2
    

SwiftCompile normal arm64 Compiling\ ImportPreviewView.swift,\ iCloudLoginView.swift /Users/justingardner/Downloads/xcode/books_build2/books/Views/Import/ImportPreviewView.swift /Users/justingardner/Downloads/xcode/books_build2/books/Views/Onboarding/iCloudLoginView.swift (in target 'books' from project 'books')

SwiftCompile normal arm64 /Users/justingardner/Downloads/xcode/books_build2/books/Views/Import/ImportPreviewView.swift (in target 'books' from project 'books')
    cd /Users/justingardner/Downloads/xcode/books_build2
    

SwiftCompile normal arm64 /Users/justingardner/Downloads/xcode/books_build2/books/Views/Onboarding/iCloudLoginView.swift (in target 'books' from project 'books')
    cd /Users/justingardner/Downloads/xcode/books_build2
    

SwiftEmitModule normal arm64 Emitting\ module\ for\ books (in target 'books' from project 'books')

EmitSwiftModule normal arm64 (in target 'books' from project 'books')
    cd /Users/justingardner/Downloads/xcode/books_build2
    

SwiftCompile normal arm64 Compiling\ ContentView.swift,\ UserBook.swift /Users/justingardner/Downloads/xcode/books_build2/books/Views/Main/ContentView.swift /Users/justingardner/Downloads/xcode/books_build2/books/Models/UserBook.swift (in target 'books' from project 'books')

SwiftCompile normal arm64 /Users/justingardner/Downloads/xcode/books_build2/books/Views/Main/ContentView.swift (in target 'books' from project 'books')
    cd /Users/justingardner/Downloads/xcode/books_build2
    

SwiftCompile normal arm64 /Users/justingardner/Downloads/xcode/books_build2/books/Models/UserBook.swift (in target 'books' from project 'books')
    cd /Users/justingardner/Downloads/xcode/books_build2
    

SwiftCompile normal arm64 Compiling\ GoalProgressRing.swift,\ Color+Extensions.swift /Users/justingardner/Downloads/xcode/books_build2/books/Views/Components/GoalProgressRing.swift /Users/justingardner/Downloads/xcode/books_build2/books/Extensions/Color+Extensions.swift (in target 'books' from project 'books')

SwiftCompile normal arm64 /Users/justingardner/Downloads/xcode/books_build2/books/Views/Components/GoalProgressRing.swift (in target 'books' from project 'books')
    cd /Users/justingardner/Downloads/xcode/books_build2
    

SwiftCompile normal arm64 /Users/justingardner/Downloads/xcode/books_build2/books/Extensions/Color+Extensions.swift (in target 'books' from project 'books')
    cd /Users/justingardner/Downloads/xcode/books_build2
    

SwiftCompile normal arm64 Compiling\ UIColor+Luminance.swift,\ StatusBarBackgroundModifier.swift /Users/justingardner/Downloads/xcode/books_build2/books/Extensions/UIColor+Luminance.swift /Users/justingardner/Downloads/xcode/books_build2/books/Theme/StatusBarBackgroundModifier.swift (in target 'books' from project 'books')

SwiftCompile normal arm64 /Users/justingardner/Downloads/xcode/books_build2/books/Extensions/UIColor+Luminance.swift (in target 'books' from project 'books')
    cd /Users/justingardner/Downloads/xcode/books_build2
    

SwiftCompile normal arm64 /Users/justingardner/Downloads/xcode/books_build2/books/Theme/StatusBarBackgroundModifier.swift (in target 'books' from project 'books')
    cd /Users/justingardner/Downloads/xcode/books_build2
    

SwiftCompile normal arm64 Compiling\ CulturalDiversityView.swift,\ GoalSettingsView.swift /Users/justingardner/Downloads/xcode/books_build2/books/Views/Main/CulturalDiversityView.swift /Users/justingardner/Downloads/xcode/books_build2/books/Views/Components/GoalSettingsView.swift (in target 'books' from project 'books')

SwiftCompile normal arm64 /Users/justingardner/Downloads/xcode/books_build2/books/Views/Main/CulturalDiversityView.swift (in target 'books' from project 'books')
    cd /Users/justingardner/Downloads/xcode/books_build2
    

SwiftCompile normal arm64 /Users/justingardner/Downloads/xcode/books_build2/books/Views/Components/GoalSettingsView.swift (in target 'books' from project 'books')
    cd /Users/justingardner/Downloads/xcode/books_build2
    

SwiftCompile normal arm64 Compiling\ DataQualityIndicator.swift,\ ImportStateManager.swift /Users/justingardner/Downloads/xcode/books_build2/books/Views/Components/DataQualityIndicator.swift /Users/justingardner/Downloads/xcode/books_build2/books/Services/ImportStateManager.swift (in target 'books' from project 'books')

SwiftCompile normal arm64 /Users/justingardner/Downloads/xcode/books_build2/books/Views/Components/DataQualityIndicator.swift (in target 'books' from project 'books')
    cd /Users/justingardner/Downloads/xcode/books_build2
    

SwiftCompile normal arm64 /Users/justingardner/Downloads/xcode/books_build2/books/Services/ImportStateManager.swift (in target 'books' from project 'books')
    cd /Users/justingardner/Downloads/xcode/books_build2
    

SwiftDriverJobDiscovery normal arm64 Compiling UIColor+Luminance.swift, StatusBarBackgroundModifier.swift (in target 'books' from project 'books')

SwiftDriverJobDiscovery normal arm64 Compiling CloudKitManager.swift, QuickFilterBar.swift (in target 'books' from project 'books')

SwiftDriverJobDiscovery normal arm64 Compiling ThemePreviewCard.swift, AboutThisAppView.swift (in target 'books' from project 'books')

SwiftDriverJobDiscovery normal arm64 Compiling QuickRatingView.swift, BookCardView.swift (in target 'books' from project 'books')

SwiftDriverJobDiscovery normal arm64 Compiling BackgroundImportProgressIndicator.swift, ConcurrentImportConfig.swift (in target 'books' from project 'books')

SwiftDriverJobDiscovery normal arm64 Compiling GoalProgressRing.swift, Color+Extensions.swift (in target 'books' from project 'books')

SwiftDriverJobDiscovery normal arm64 Compiling ImportPreviewView.swift, iCloudLoginView.swift (in target 'books' from project 'books')

SwiftDriverJobDiscovery normal arm64 Emitting module for books (in target 'books' from project 'books')

SwiftDriver\ Compilation\ Requirements books normal arm64 com.apple.xcode.tools.swift.compiler (in target 'books' from project 'books')
    cd /Users/justingardner/Downloads/xcode/books_build2
    builtin-Swift-Compilation-Requirements -- /Applications/Xcode.app/Contents/Developer/Toolchains/XcodeDefault.xctoolchain/usr/bin/swiftc -module-name books -Onone -enforce-exclusivity\=checked @/Users/justingardner/Library/Developer/Xcode/DerivedData/books-fpommwulutefkublemohbizwfike/Build/Intermediates.noindex/books.build/Debug-iphonesimulator/books.build/Objects-normal/arm64/books.SwiftFileList -DDEBUG -enable-bare-slash-regex -enable-experimental-feature DebugDescriptionMacro -sdk /Applications/Xcode.app/Contents/Developer/Platforms/iPhoneSimulator.platform/Developer/SDKs/iPhoneSimulator18.5.sdk -target arm64-apple-ios18.0-simulator -g -module-cache-path /Users/justingardner/Library/Developer/Xcode/DerivedData/ModuleCache.noindex -Xfrontend -serialize-debugging-options -profile-coverage-mapping -profile-generate -enable-testing -index-store-path /Users/justingardner/Library/Developer/Xcode/DerivedData/books-fpommwulutefkublemohbizwfike/Index.noindex/DataStore -swift-version 5 -I /Users/justingardner/Library/Developer/Xcode/DerivedData/books-fpommwulutefkublemohbizwfike/Build/Products/Debug-iphonesimulator -F /Users/justingardner/Library/Developer/Xcode/DerivedData/books-fpommwulutefkublemohbizwfike/Build/Products/Debug-iphonesimulator -emit-localized-strings -emit-localized-strings-path /Users/justingardner/Library/Developer/Xcode/DerivedData/books-fpommwulutefkublemohbizwfike/Build/Intermediates.noindex/books.build/Debug-iphonesimulator/books.build/Objects-normal/arm64 -c -j12 -enable-batch-mode -incremental -Xcc -ivfsstatcache -Xcc /Users/justingardner/Library/Developer/Xcode/DerivedData/SDKStatCaches.noindex/iphonesimulator18.5-22F76-d5fc8ad4295d2ef488fb7d0f804ce0c4.sdkstatcache -output-file-map /Users/justingardner/Library/Developer/Xcode/DerivedData/books-fpommwulutefkublemohbizwfike/Build/Intermediates.noindex/books.build/Debug-iphonesimulator/books.build/Objects-normal/arm64/books-OutputFileMap.json -use-frontend-parseable-output -save-temps -no-color-diagnostics -serialize-diagnostics -emit-dependencies -emit-module -emit-module-path /Users/justingardner/Library/Developer/Xcode/DerivedData/books-fpommwulutefkublemohbizwfike/Build/Intermediates.noindex/books.build/Debug-iphonesimulator/books.build/Objects-normal/arm64/books.swiftmodule -validate-clang-modules-once -clang-build-session-file /Users/justingardner/Library/Developer/Xcode/DerivedData/ModuleCache.noindex/Session.modulevalidation -Xcc -I/Users/justingardner/Library/Developer/Xcode/DerivedData/books-fpommwulutefkublemohbizwfike/Build/Intermediates.noindex/books.build/Debug-iphonesimulator/books.build/swift-overrides.hmap -emit-const-values -Xfrontend -const-gather-protocols-file -Xfrontend /Users/justingardner/Library/Developer/Xcode/DerivedData/books-fpommwulutefkublemohbizwfike/Build/Intermediates.noindex/books.build/Debug-iphonesimulator/books.build/Objects-normal/arm64/books_const_extract_protocols.json -Xcc -iquote -Xcc /Users/justingardner/Library/Developer/Xcode/DerivedData/books-fpommwulutefkublemohbizwfike/Build/Intermediates.noindex/books.build/Debug-iphonesimulator/books.build/books-generated-files.hmap -Xcc -I/Users/justingardner/Library/Developer/Xcode/DerivedData/books-fpommwulutefkublemohbizwfike/Build/Intermediates.noindex/books.build/Debug-iphonesimulator/books.build/books-own-target-headers.hmap -Xcc -I/Users/justingardner/Library/Developer/Xcode/DerivedData/books-fpommwulutefkublemohbizwfike/Build/Intermediates.noindex/books.build/Debug-iphonesimulator/books.build/books-all-target-headers.hmap -Xcc -iquote -Xcc /Users/justingardner/Library/Developer/Xcode/DerivedData/books-fpommwulutefkublemohbizwfike/Build/Intermediates.noindex/books.build/Debug-iphonesimulator/books.build/books-project-headers.hmap -Xcc -I/Users/justingardner/Library/Developer/Xcode/DerivedData/books-fpommwulutefkublemohbizwfike/Build/Products/Debug-iphonesimulator/include -Xcc -I/Users/justingardner/Library/Developer/Xcode/DerivedData/books-fpommwulutefkublemohbizwfike/Build/Intermediates.noindex/books.build/Debug-iphonesimulator/books.build/DerivedSources-normal/arm64 -Xcc -I/Users/justingardner/Library/Developer/Xcode/DerivedData/books-fpommwulutefkublemohbizwfike/Build/Intermediates.noindex/books.build/Debug-iphonesimulator/books.build/DerivedSources/arm64 -Xcc -I/Users/justingardner/Library/Developer/Xcode/DerivedData/books-fpommwulutefkublemohbizwfike/Build/Intermediates.noindex/books.build/Debug-iphonesimulator/books.build/DerivedSources -Xcc -DDEBUG\=1 -emit-objc-header -emit-objc-header-path /Users/justingardner/Library/Developer/Xcode/DerivedData/books-fpommwulutefkublemohbizwfike/Build/Intermediates.noindex/books.build/Debug-iphonesimulator/books.build/Objects-normal/arm64/books-Swift.h -working-directory /Users/justingardner/Downloads/xcode/books_build2 -experimental-emit-module-separately -disable-cmo

Copy /Users/justingardner/Library/Developer/Xcode/DerivedData/books-fpommwulutefkublemohbizwfike/Build/Products/Debug-iphonesimulator/books.swiftmodule/arm64-apple-ios-simulator.swiftmodule /Users/justingardner/Library/Developer/Xcode/DerivedData/books-fpommwulutefkublemohbizwfike/Build/Intermediates.noindex/books.build/Debug-iphonesimulator/books.build/Objects-normal/arm64/books.swiftmodule (in target 'books' from project 'books')
    cd /Users/justingardner/Downloads/xcode/books_build2
    builtin-copy -exclude .DS_Store -exclude CVS -exclude .svn -exclude .git -exclude .hg -resolve-src-symlinks -rename /Users/justingardner/Library/Developer/Xcode/DerivedData/books-fpommwulutefkublemohbizwfike/Build/Intermediates.noindex/books.build/Debug-iphonesimulator/books.build/Objects-normal/arm64/books.swiftmodule /Users/justingardner/Library/Developer/Xcode/DerivedData/books-fpommwulutefkublemohbizwfike/Build/Products/Debug-iphonesimulator/books.swiftmodule/arm64-apple-ios-simulator.swiftmodule

Copy /Users/justingardner/Library/Developer/Xcode/DerivedData/books-fpommwulutefkublemohbizwfike/Build/Products/Debug-iphonesimulator/books.swiftmodule/arm64-apple-ios-simulator.abi.json /Users/justingardner/Library/Developer/Xcode/DerivedData/books-fpommwulutefkublemohbizwfike/Build/Intermediates.noindex/books.build/Debug-iphonesimulator/books.build/Objects-normal/arm64/books.abi.json (in target 'books' from project 'books')
    cd /Users/justingardner/Downloads/xcode/books_build2
    builtin-copy -exclude .DS_Store -exclude CVS -exclude .svn -exclude .git -exclude .hg -resolve-src-symlinks -rename /Users/justingardner/Library/Developer/Xcode/DerivedData/books-fpommwulutefkublemohbizwfike/Build/Intermediates.noindex/books.build/Debug-iphonesimulator/books.build/Objects-normal/arm64/books.abi.json /Users/justingardner/Library/Developer/Xcode/DerivedData/books-fpommwulutefkublemohbizwfike/Build/Products/Debug-iphonesimulator/books.swiftmodule/arm64-apple-ios-simulator.abi.json

Copy /Users/justingardner/Library/Developer/Xcode/DerivedData/books-fpommwulutefkublemohbizwfike/Build/Products/Debug-iphonesimulator/books.swiftmodule/arm64-apple-ios-simulator.swiftdoc /Users/justingardner/Library/Developer/Xcode/DerivedData/books-fpommwulutefkublemohbizwfike/Build/Intermediates.noindex/books.build/Debug-iphonesimulator/books.build/Objects-normal/arm64/books.swiftdoc (in target 'books' from project 'books')
    cd /Users/justingardner/Downloads/xcode/books_build2
    builtin-copy -exclude .DS_Store -exclude CVS -exclude .svn -exclude .git -exclude .hg -resolve-src-symlinks -rename /Users/justingardner/Library/Developer/Xcode/DerivedData/books-fpommwulutefkublemohbizwfike/Build/Intermediates.noindex/books.build/Debug-iphonesimulator/books.build/Objects-normal/arm64/books.swiftdoc /Users/justingardner/Library/Developer/Xcode/DerivedData/books-fpommwulutefkublemohbizwfike/Build/Products/Debug-iphonesimulator/books.swiftmodule/arm64-apple-ios-simulator.swiftdoc

Copy /Users/justingardner/Library/Developer/Xcode/DerivedData/books-fpommwulutefkublemohbizwfike/Build/Products/Debug-iphonesimulator/books.swiftmodule/Project/arm64-apple-ios-simulator.swiftsourceinfo /Users/justingardner/Library/Developer/Xcode/DerivedData/books-fpommwulutefkublemohbizwfike/Build/Intermediates.noindex/books.build/Debug-iphonesimulator/books.build/Objects-normal/arm64/books.swiftsourceinfo (in target 'books' from project 'books')
    cd /Users/justingardner/Downloads/xcode/books_build2
    builtin-copy -exclude .DS_Store -exclude CVS -exclude .svn -exclude .git -exclude .hg -resolve-src-symlinks -rename /Users/justingardner/Library/Developer/Xcode/DerivedData/books-fpommwulutefkublemohbizwfike/Build/Intermediates.noindex/books.build/Debug-iphonesimulator/books.build/Objects-normal/arm64/books.swiftsourceinfo /Users/justingardner/Library/Developer/Xcode/DerivedData/books-fpommwulutefkublemohbizwfike/Build/Products/Debug-iphonesimulator/books.swiftmodule/Project/arm64-apple-ios-simulator.swiftsourceinfo

SwiftDriver booksTests normal arm64 com.apple.xcode.tools.swift.compiler (in target 'booksTests' from project 'books')
    cd /Users/justingardner/Downloads/xcode/books_build2
    builtin-SwiftDriver -- /Applications/Xcode.app/Contents/Developer/Toolchains/XcodeDefault.xctoolchain/usr/bin/swiftc -module-name booksTests -Onone -enforce-exclusivity\=checked @/Users/justingardner/Library/Developer/Xcode/DerivedData/books-fpommwulutefkublemohbizwfike/Build/Intermediates.noindex/books.build/Debug-iphonesimulator/booksTests.build/Objects-normal/arm64/booksTests.SwiftFileList -DDEBUG -plugin-path /Applications/Xcode.app/Contents/Developer/Toolchains/XcodeDefault.xctoolchain/usr/lib/swift/host/plugins/testing -enable-bare-slash-regex -enable-experimental-feature DebugDescriptionMacro -sdk /Applications/Xcode.app/Contents/Developer/Platforms/iPhoneSimulator.platform/Developer/SDKs/iPhoneSimulator18.5.sdk -target arm64-apple-ios18.0-simulator -g -module-cache-path /Users/justingardner/Library/Developer/Xcode/DerivedData/ModuleCache.noindex -Xfrontend -serialize-debugging-options -profile-coverage-mapping -profile-generate -enable-testing -index-store-path /Users/justingardner/Library/Developer/Xcode/DerivedData/books-fpommwulutefkublemohbizwfike/Index.noindex/DataStore -swift-version 5 -I /Users/justingardner/Library/Developer/Xcode/DerivedData/books-fpommwulutefkublemohbizwfike/Build/Products/Debug-iphonesimulator -I /Applications/Xcode.app/Contents/Developer/Platforms/iPhoneSimulator.platform/Developer/usr/lib -F /Users/justingardner/Library/Developer/Xcode/DerivedData/books-fpommwulutefkublemohbizwfike/Build/Products/Debug-iphonesimulator -F /Applications/Xcode.app/Contents/Developer/Platforms/iPhoneSimulator.platform/Developer/Library/Frameworks -F /Applications/Xcode.app/Contents/Developer/Platforms/iPhoneSimulator.platform/Developer/SDKs/iPhoneSimulator18.5.sdk/Developer/Library/Frameworks -c -j12 -enable-batch-mode -incremental -Xcc -ivfsstatcache -Xcc /Users/justingardner/Library/Developer/Xcode/DerivedData/SDKStatCaches.noindex/iphonesimulator18.5-22F76-d5fc8ad4295d2ef488fb7d0f804ce0c4.sdkstatcache -output-file-map /Users/justingardner/Library/Developer/Xcode/DerivedData/books-fpommwulutefkublemohbizwfike/Build/Intermediates.noindex/books.build/Debug-iphonesimulator/booksTests.build/Objects-normal/arm64/booksTests-OutputFileMap.json -use-frontend-parseable-output -save-temps -no-color-diagnostics -serialize-diagnostics -emit-dependencies -emit-module -emit-module-path /Users/justingardner/Library/Developer/Xcode/DerivedData/books-fpommwulutefkublemohbizwfike/Build/Intermediates.noindex/books.build/Debug-iphonesimulator/booksTests.build/Objects-normal/arm64/booksTests.swiftmodule -validate-clang-modules-once -clang-build-session-file /Users/justingardner/Library/Developer/Xcode/DerivedData/ModuleCache.noindex/Session.modulevalidation -Xcc -I/Users/justingardner/Library/Developer/Xcode/DerivedData/books-fpommwulutefkublemohbizwfike/Build/Intermediates.noindex/books.build/Debug-iphonesimulator/booksTests.build/swift-overrides.hmap -emit-const-values -Xfrontend -const-gather-protocols-file -Xfrontend /Users/justingardner/Library/Developer/Xcode/DerivedData/books-fpommwulutefkublemohbizwfike/Build/Intermediates.noindex/books.build/Debug-iphonesimulator/booksTests.build/Objects-normal/arm64/booksTests_const_extract_protocols.json -Xcc -iquote -Xcc /Users/justingardner/Library/Developer/Xcode/DerivedData/books-fpommwulutefkublemohbizwfike/Build/Intermediates.noindex/books.build/Debug-iphonesimulator/booksTests.build/booksTests-generated-files.hmap -Xcc -I/Users/justingardner/Library/Developer/Xcode/DerivedData/books-fpommwulutefkublemohbizwfike/Build/Intermediates.noindex/books.build/Debug-iphonesimulator/booksTests.build/booksTests-own-target-headers.hmap -Xcc -I/Users/justingardner/Library/Developer/Xcode/DerivedData/books-fpommwulutefkublemohbizwfike/Build/Intermediates.noindex/books.build/Debug-iphonesimulator/booksTests.build/booksTests-all-target-headers.hmap -Xcc -iquote -Xcc /Users/justingardner/Library/Developer/Xcode/DerivedData/books-fpommwulutefkublemohbizwfike/Build/Intermediates.noindex/books.build/Debug-iphonesimulator/booksTests.build/booksTests-project-headers.hmap -Xcc -I/Users/justingardner/Library/Developer/Xcode/DerivedData/books-fpommwulutefkublemohbizwfike/Build/Products/Debug-iphonesimulator/include -Xcc -I/Users/justingardner/Library/Developer/Xcode/DerivedData/books-fpommwulutefkublemohbizwfike/Build/Intermediates.noindex/books.build/Debug-iphonesimulator/booksTests.build/DerivedSources-normal/arm64 -Xcc -I/Users/justingardner/Library/Developer/Xcode/DerivedData/books-fpommwulutefkublemohbizwfike/Build/Intermediates.noindex/books.build/Debug-iphonesimulator/booksTests.build/DerivedSources/arm64 -Xcc -I/Users/justingardner/Library/Developer/Xcode/DerivedData/books-fpommwulutefkublemohbizwfike/Build/Intermediates.noindex/books.build/Debug-iphonesimulator/booksTests.build/DerivedSources -Xcc -DDEBUG\=1 -emit-objc-header -emit-objc-header-path /Users/justingardner/Library/Developer/Xcode/DerivedData/books-fpommwulutefkublemohbizwfike/Build/Intermediates.noindex/books.build/Debug-iphonesimulator/booksTests.build/Objects-normal/arm64/booksTests-Swift.h -working-directory /Users/justingardner/Downloads/xcode/books_build2 -experimental-emit-module-separately -disable-cmo

SwiftDriverJobDiscovery normal arm64 Compiling DataQualityIndicator.swift, ImportStateManager.swift (in target 'books' from project 'books')

SwiftCompile normal arm64 Compiling\ ImageCacheTests.swift,\ ModelTests.swift /Users/justingardner/Downloads/xcode/books_build2/booksTests/ImageCacheTests.swift /Users/justingardner/Downloads/xcode/books_build2/booksTests/ModelTests.swift (in target 'booksTests' from project 'books')

SwiftCompile normal arm64 /Users/justingardner/Downloads/xcode/books_build2/booksTests/ImageCacheTests.swift (in target 'booksTests' from project 'books')
    cd /Users/justingardner/Downloads/xcode/books_build2
    

SwiftCompile normal arm64 /Users/justingardner/Downloads/xcode/books_build2/booksTests/ModelTests.swift (in target 'booksTests' from project 'books')
    cd /Users/justingardner/Downloads/xcode/books_build2
    

SwiftCompile normal arm64 Compiling\ ModelContainerTests.swift,\ AppLaunchTests.swift /Users/justingardner/Downloads/xcode/books_build2/booksTests/ModelContainerTests.swift /Users/justingardner/Downloads/xcode/books_build2/booksTests/AppLaunchTests.swift (in target 'booksTests' from project 'books')

SwiftCompile normal arm64 /Users/justingardner/Downloads/xcode/books_build2/booksTests/ModelContainerTests.swift (in target 'booksTests' from project 'books')
    cd /Users/justingardner/Downloads/xcode/books_build2
    

SwiftCompile normal arm64 /Users/justingardner/Downloads/xcode/books_build2/booksTests/AppLaunchTests.swift (in target 'booksTests' from project 'books')
    cd /Users/justingardner/Downloads/xcode/books_build2
    

SwiftEmitModule normal arm64 Emitting\ module\ for\ booksTests (in target 'booksTests' from project 'books')

EmitSwiftModule normal arm64 (in target 'booksTests' from project 'books')
    cd /Users/justingardner/Downloads/xcode/books_build2
    

SwiftCompile normal arm64 Compiling\ SimpleISBNLookupServiceTests.swift,\ CSVImportTests.swift /Users/justingardner/Downloads/xcode/books_build2/booksTests/SimpleISBNLookupServiceTests.swift /Users/justingardner/Downloads/xcode/books_build2/booksTests/CSVImportTests.swift (in target 'booksTests' from project 'books')

SwiftCompile normal arm64 /Users/justingardner/Downloads/xcode/books_build2/booksTests/SimpleISBNLookupServiceTests.swift (in target 'booksTests' from project 'books')
    cd /Users/justingardner/Downloads/xcode/books_build2
    

SwiftCompile normal arm64 /Users/justingardner/Downloads/xcode/books_build2/booksTests/CSVImportTests.swift (in target 'booksTests' from project 'books')
    cd /Users/justingardner/Downloads/xcode/books_build2
    

SwiftCompile normal arm64 Compiling\ CSVImportWorkflowTests.swift /Users/justingardner/Downloads/xcode/books_build2/booksTests/CSVImportWorkflowTests.swift (in target 'booksTests' from project 'books')
Failed frontend command:
/Applications/Xcode.app/Contents/Developer/Toolchains/XcodeDefault.xctoolchain/usr/bin/swift-frontend -frontend -c /Users/justingardner/Downloads/xcode/books_build2/booksTests/ViewTests.swift /Users/justingardner/Downloads/xcode/books_build2/booksTests/CulturalDiversityTests.swift /Users/justingardner/Downloads/xcode/books_build2/booksTests/DataMergingLogicTests.swift /Users/justingardner/Downloads/xcode/books_build2/booksTests/DuplicateDetectionTests.swift /Users/justingardner/Downloads/xcode/books_build2/booksTests/ErrorHandlingAndRetryLogicTests.swift /Users/justingardner/Downloads/xcode/books_build2/booksTests/MockStrategiesAndNetworkTesting.swift /Users/justingardner/Downloads/xcode/books_build2/booksTests/AdaptiveRateLimitingTests.swift /Users/justingardner/Downloads/xcode/books_build2/booksTests/HapticFeedbackTests.swift /Users/justingardner/Downloads/xcode/books_build2/booksTests/ModelContainerTests.swift /Users/justingardner/Downloads/xcode/books_build2/booksTests/AppLaunchTests.swift /Users/justingardner/Downloads/xcode/books_build2/booksTests/ImageCacheTests.swift /Users/justingardner/Downloads/xcode/books_build2/booksTests/ModelTests.swift /Users/justingardner/Downloads/xcode/books_build2/booksTests/BackgroundProcessingResumeTests.swift /Users/justingardner/Downloads/xcode/books_build2/booksTests/IntegrationTests.swift /Users/justingardner/Downloads/xcode/books_build2/booksTests/PerformanceTestingStrategy.swift /Users/justingardner/Downloads/xcode/books_build2/booksTests/BarcodeScannerTests.swift /Users/justingardner/Downloads/xcode/books_build2/booksTests/PriorityQueueIntegrationTests.swift /Users/justingardner/Downloads/xcode/books_build2/booksTests/BookSearchServiceTests.swift /Users/justingardner/Downloads/xcode/books_build2/booksTests/ServiceIntegrationTests.swift /Users/justingardner/Downloads/xcode/books_build2/booksTests/booksTests.swift /Users/justingardner/Downloads/xcode/books_build2/booksTests/LibraryResetTests.swift /Users/justingardner/Downloads/xcode/books_build2/booksTests/ServiceProtocols.swift /Users/justingardner/Downloads/xcode/books_build2/booksTests/BookTrackerTestSuite.swift /Users/justingardner/Downloads/xcode/books_build2/booksTests/SimpleISBNLookupServiceTests.swift /Users/justingardner/Downloads/xcode/books_build2/booksTests/CSVImportTests.swift -primary-file /Users/justingardner/Downloads/xcode/books_build2/booksTests/CSVImportWorkflowTests.swift /Users/justingardner/Downloads/xcode/books_build2/booksTests/UserBookModelTests.swift /Users/justingardner/Downloads/xcode/books_build2/booksTests/CSVParserISBNTests.swift -emit-dependencies-path /Users/justingardner/Library/Developer/Xcode/DerivedData/books-fpommwulutefkublemohbizwfike/Build/Intermediates.noindex/books.build/Debug-iphonesimulator/booksTests.build/Objects-normal/arm64/CSVImportWorkflowTests.d -emit-const-values-path /Users/justingardner/Library/Developer/Xcode/DerivedData/books-fpommwulutefkublemohbizwfike/Build/Intermediates.noindex/books.build/Debug-iphonesimulator/booksTests.build/Objects-normal/arm64/CSVImportWorkflowTests.swiftconstvalues -emit-reference-dependencies-path /Users/justingardner/Library/Developer/Xcode/DerivedData/books-fpommwulutefkublemohbizwfike/Build/Intermediates.noindex/books.build/Debug-iphonesimulator/booksTests.build/Objects-normal/arm64/CSVImportWorkflowTests.swiftdeps -serialize-diagnostics-path /Users/justingardner/Library/Developer/Xcode/DerivedData/books-fpommwulutefkublemohbizwfike/Build/Intermediates.noindex/books.build/Debug-iphonesimulator/booksTests.build/Objects-normal/arm64/CSVImportWorkflowTests.dia -target arm64-apple-ios18.0-simulator -Xllvm -aarch64-use-tbi -enable-objc-interop -sdk /Applications/Xcode.app/Contents/Developer/Platforms/iPhoneSimulator.platform/Developer/SDKs/iPhoneSimulator18.5.sdk -I /Users/justingardner/Library/Developer/Xcode/DerivedData/books-fpommwulutefkublemohbizwfike/Build/Products/Debug-iphonesimulator -I /Applications/Xcode.app/Contents/Developer/Platforms/iPhoneSimulator.platform/Developer/usr/lib -F /Users/justingardner/Library/Developer/Xcode/DerivedData/books-fpommwulutefkublemohbizwfike/Build/Products/Debug-iphonesimulator -F /Applications/Xcode.app/Contents/Developer/Platforms/iPhoneSimulator.platform/Developer/Library/Frameworks -F /Applications/Xcode.app/Contents/Developer/Platforms/iPhoneSimulator.platform/Developer/SDKs/iPhoneSimulator18.5.sdk/Developer/Library/Frameworks -no-color-diagnostics -enable-testing -g -debug-info-format\=dwarf -dwarf-version\=5 -module-cache-path /Users/justingardner/Library/Developer/Xcode/DerivedData/ModuleCache.noindex -profile-generate -profile-coverage-mapping -swift-version 5 -enforce-exclusivity\=checked -Onone -D DEBUG -serialize-debugging-options -const-gather-protocols-file /Users/justingardner/Library/Developer/Xcode/DerivedData/books-fpommwulutefkublemohbizwfike/Build/Intermediates.noindex/books.build/Debug-iphonesimulator/booksTests.build/Objects-normal/arm64/booksTests_const_extract_protocols.json -enable-experimental-feature DebugDescriptionMacro -enable-bare-slash-regex -empty-abi-descriptor -plugin-path /Applications/Xcode.app/Contents/Developer/Toolchains/XcodeDefault.xctoolchain/usr/lib/swift/host/plugins/testing -validate-clang-modules-once -clang-build-session-file /Users/justingardner/Library/Developer/Xcode/DerivedData/ModuleCache.noindex/Session.modulevalidation -Xcc -working-directory -Xcc /Users/justingardner/Downloads/xcode/books_build2 -resource-dir /Applications/Xcode.app/Contents/Developer/Toolchains/XcodeDefault.xctoolchain/usr/lib/swift -enable-anonymous-context-mangled-names -file-compilation-dir /Users/justingardner/Downloads/xcode/books_build2 -Xcc -ivfsstatcache -Xcc /Users/justingardner/Library/Developer/Xcode/DerivedData/SDKStatCaches.noindex/iphonesimulator18.5-22F76-d5fc8ad4295d2ef488fb7d0f804ce0c4.sdkstatcache -Xcc -I/Users/justingardner/Library/Developer/Xcode/DerivedData/books-fpommwulutefkublemohbizwfike/Build/Intermediates.noindex/books.build/Debug-iphonesimulator/booksTests.build/swift-overrides.hmap -Xcc -iquote -Xcc /Users/justingardner/Library/Developer/Xcode/DerivedData/books-fpommwulutefkublemohbizwfike/Build/Intermediates.noindex/books.build/Debug-iphonesimulator/booksTests.build/booksTests-generated-files.hmap -Xcc -I/Users/justingardner/Library/Developer/Xcode/DerivedData/books-fpommwulutefkublemohbizwfike/Build/Intermediates.noindex/books.build/Debug-iphonesimulator/booksTests.build/booksTests-own-target-headers.hmap -Xcc -I/Users/justingardner/Library/Developer/Xcode/DerivedData/books-fpommwulutefkublemohbizwfike/Build/Intermediates.noindex/books.build/Debug-iphonesimulator/booksTests.build/booksTests-all-target-headers.hmap -Xcc -iquote -Xcc /Users/justingardner/Library/Developer/Xcode/DerivedData/books-fpommwulutefkublemohbizwfike/Build/Intermediates.noindex/books.build/Debug-iphonesimulator/booksTests.build/booksTests-project-headers.hmap -Xcc -I/Users/justingardner/Library/Developer/Xcode/DerivedData/books-fpommwulutefkublemohbizwfike/Build/Products/Debug-iphonesimulator/include -Xcc -I/Users/justingardner/Library/Developer/Xcode/DerivedData/books-fpommwulutefkublemohbizwfike/Build/Intermediates.noindex/books.build/Debug-iphonesimulator/booksTests.build/DerivedSources-normal/arm64 -Xcc -I/Users/justingardner/Library/Developer/Xcode/DerivedData/books-fpommwulutefkublemohbizwfike/Build/Intermediates.noindex/books.build/Debug-iphonesimulator/booksTests.build/DerivedSources/arm64 -Xcc -I/Users/justingardner/Library/Developer/Xcode/DerivedData/books-fpommwulutefkublemohbizwfike/Build/Intermediates.noindex/books.build/Debug-iphonesimulator/booksTests.build/DerivedSources -Xcc -DDEBUG\=1 -module-name booksTests -frontend-parseable-output -disable-clang-spi -target-sdk-version 18.5 -target-sdk-name iphonesimulator18.5 -external-plugin-path /Applications/Xcode.app/Contents/Developer/Platforms/iPhoneOS.platform/Developer/usr/lib/swift/host/plugins\#/Applications/Xcode.app/Contents/Developer/Platforms/iPhoneOS.platform/Developer/usr/bin/swift-plugin-server -external-plugin-path /Applications/Xcode.app/Contents/Developer/Platforms/iPhoneOS.platform/Developer/usr/local/lib/swift/host/plugins\#/Applications/Xcode.app/Contents/Developer/Platforms/iPhoneOS.platform/Developer/usr/bin/swift-plugin-server -in-process-plugin-server-path /Applications/Xcode.app/Contents/Developer/Toolchains/XcodeDefault.xctoolchain/usr/lib/swift/host/libSwiftInProcPluginServer.dylib -plugin-path /Applications/Xcode.app/Contents/Developer/Toolchains/XcodeDefault.xctoolchain/usr/lib/swift/host/plugins -plugin-path /Applications/Xcode.app/Contents/Developer/Toolchains/XcodeDefault.xctoolchain/usr/local/lib/swift/host/plugins -o /Users/justingardner/Library/Developer/Xcode/DerivedData/books-fpommwulutefkublemohbizwfike/Build/Intermediates.noindex/books.build/Debug-iphonesimulator/booksTests.build/Objects-normal/arm64/CSVImportWorkflowTests.o -index-unit-output-path /books.build/Debug-iphonesimulator/booksTests.build/Objects-normal/arm64/CSVImportWorkflowTests.o -index-store-path /Users/justingardner/Library/Developer/Xcode/DerivedData/books-fpommwulutefkublemohbizwfike/Index.noindex/DataStore -index-system-modules

SwiftCompile normal arm64 /Users/justingardner/Downloads/xcode/books_build2/booksTests/CSVImportWorkflowTests.swift (in target 'booksTests' from project 'books')
    cd /Users/justingardner/Downloads/xcode/books_build2
    
/Users/justingardner/Downloads/xcode/books_build2/booksTests/CSVImportWorkflowTests.swift:95:17: error: cannot find 'CSVBookPreview' in scope
                CSVBookPreview(title: "The Great Gatsby", author: "F. Scott Fitzgerald", isbn: "9780743273565"),
                ^~~~~~~~~~~~~~
/Users/justingardner/Downloads/xcode/books_build2/booksTests/CSVImportWorkflowTests.swift:96:17: error: cannot find 'CSVBookPreview' in scope
                CSVBookPreview(title: "To Kill a Mockingbird", author: "Harper Lee", isbn: "9780061120084"),
                ^~~~~~~~~~~~~~
/Users/justingardner/Downloads/xcode/books_build2/booksTests/CSVImportWorkflowTests.swift:97:17: error: cannot find 'CSVBookPreview' in scope
                CSVBookPreview(title: "1984", author: "George Orwell", isbn: "9780451524935")
                ^~~~~~~~~~~~~~
/Users/justingardner/Downloads/xcode/books_build2/booksTests/CSVImportWorkflowTests.swift:130:17: error: cannot find 'CSVBookPreview' in scope
                CSVBookPreview(title: "Book with, comma in title", author: "Author Name", isbn: "1234567890"),
                ^~~~~~~~~~~~~~
/Users/justingardner/Downloads/xcode/books_build2/booksTests/CSVImportWorkflowTests.swift:131:17: error: cannot find 'CSVBookPreview' in scope
                CSVBookPreview(title: "Book with \"quoted\" words", author: "Another Author", isbn: "0987654321")
                ^~~~~~~~~~~~~~
/Users/justingardner/Downloads/xcode/books_build2/booksTests/CSVImportWorkflowTests.swift:143:40: error: value of optional type 'String?' must be unwrapped to refer to member 'contains' of wrapped base type 'String'
        XCTAssertTrue(preview.books[0].title.contains("comma"))
                                       ^
/Users/justingardner/Downloads/xcode/books_build2/booksTests/CSVImportWorkflowTests.swift:143:40: note: chain the optional using '?' to access member 'contains' only for non-'nil' base values
        XCTAssertTrue(preview.books[0].title.contains("comma"))
                                       ^
                                            ?
/Users/justingardner/Downloads/xcode/books_build2/booksTests/CSVImportWorkflowTests.swift:143:40: note: force-unwrap using '!' to abort execution if the optional value contains 'nil'
        XCTAssertTrue(preview.books[0].title.contains("comma"))
                                       ^
                                            !
/Users/justingardner/Downloads/xcode/books_build2/booksTests/CSVImportWorkflowTests.swift:144:40: error: value of optional type 'String?' must be unwrapped to refer to member 'contains' of wrapped base type 'String'
        XCTAssertTrue(preview.books[1].title.contains("quoted"))
                                       ^
/Users/justingardner/Downloads/xcode/books_build2/booksTests/CSVImportWorkflowTests.swift:144:40: note: chain the optional using '?' to access member 'contains' only for non-'nil' base values
        XCTAssertTrue(preview.books[1].title.contains("quoted"))
                                       ^
                                            ?
/Users/justingardner/Downloads/xcode/books_build2/booksTests/CSVImportWorkflowTests.swift:144:40: note: force-unwrap using '!' to abort execution if the optional value contains 'nil'
        XCTAssertTrue(preview.books[1].title.contains("quoted"))
                                       ^
                                            !
/Users/justingardner/Downloads/xcode/books_build2/booksTests/CSVImportWorkflowTests.swift:238:27: error: cannot find 'CSVSkippedBook' in scope
        let skippedBook = CSVSkippedBook(
                          ^~~~~~~~~~~~~~
/Users/justingardner/Downloads/xcode/books_build2/booksTests/CSVImportWorkflowTests.swift:262:51: error: value of type 'ParsedBook' has no member 'reason'
        XCTAssertEqual(result.skippedBooks.first?.reason, "Book already exists in library")
                       ~~~~~~~~~~~~~~~~~~~~~~~~~~ ^~~~~~
/Users/justingardner/Downloads/xcode/books_build2/booksTests/CSVImportWorkflowTests.swift:270:27: error: cannot find 'CSVImportError' in scope
        let importError = CSVImportError(
                          ^~~~~~~~~~~~~~
/Users/justingardner/Downloads/xcode/books_build2/booksTests/CSVImportWorkflowTests.swift:295:45: error: value of type 'ImportError' has no member 'columnName'
        XCTAssertEqual(result.errors.first?.columnName, "ISBN")
                       ~~~~~~~~~~~~~~~~~~~~ ^~~~~~~~~~
/Users/justingardner/Downloads/xcode/books_build2/booksTests/CSVImportWorkflowTests.swift:304:13: warning: initialization of immutable value 'book1' was never used; consider replacing with assignment to '_' or removing it
        let book1 = createTestUserBook(title: "Imported Book 1", author: "Author 1")
        ~~~~^~~~~
        _
/Users/justingardner/Downloads/xcode/books_build2/booksTests/CSVImportWorkflowTests.swift:305:13: warning: initialization of immutable value 'book2' was never used; consider replacing with assignment to '_' or removing it
        let book2 = createTestUserBook(title: "Imported Book 2", author: "Author 2")
        ~~~~^~~~~
        _
/Users/justingardner/Downloads/xcode/books_build2/booksTests/CSVImportWorkflowTests.swift:306:13: warning: initialization of immutable value 'book3' was never used; consider replacing with assignment to '_' or removing it
        let book3 = createTestUserBook(title: "Imported Book 3", author: "Author 3")
        ~~~~^~~~~
        _
/Users/justingardner/Downloads/xcode/books_build2/booksTests/CSVImportWorkflowTests.swift:324:17: error: cannot find 'CSVSkippedBook' in scope
                CSVSkippedBook(title: "Duplicate", author: "Author", reason: "Already exists", rowNumber: 3)
                ^~~~~~~~~~~~~~
/Users/justingardner/Downloads/xcode/books_build2/booksTests/CSVImportWorkflowTests.swift:327:17: error: cannot find 'CSVImportError' in scope
                CSVImportError(message: "Invalid data", rowNumber: 7, columnName: "ISBN", value: "bad-isbn")
                ^~~~~~~~~~~~~~

SwiftCompile normal arm64 Compiling\ UserBookModelTests.swift /Users/justingardner/Downloads/xcode/books_build2/booksTests/UserBookModelTests.swift (in target 'booksTests' from project 'books')

SwiftCompile normal arm64 /Users/justingardner/Downloads/xcode/books_build2/booksTests/UserBookModelTests.swift (in target 'booksTests' from project 'books')
    cd /Users/justingardner/Downloads/xcode/books_build2
    

SwiftCompile normal arm64 Compiling\ BookSearchServiceTests.swift,\ ServiceIntegrationTests.swift /Users/justingardner/Downloads/xcode/books_build2/booksTests/BookSearchServiceTests.swift /Users/justingardner/Downloads/xcode/books_build2/booksTests/ServiceIntegrationTests.swift (in target 'booksTests' from project 'books')

SwiftCompile normal arm64 /Users/justingardner/Downloads/xcode/books_build2/booksTests/BookSearchServiceTests.swift (in target 'booksTests' from project 'books')
    cd /Users/justingardner/Downloads/xcode/books_build2
    

SwiftCompile normal arm64 /Users/justingardner/Downloads/xcode/books_build2/booksTests/ServiceIntegrationTests.swift (in target 'booksTests' from project 'books')
    cd /Users/justingardner/Downloads/xcode/books_build2
    

SwiftCompile normal arm64 Compiling\ CSVParserISBNTests.swift /Users/justingardner/Downloads/xcode/books_build2/booksTests/CSVParserISBNTests.swift (in target 'booksTests' from project 'books')

SwiftCompile normal arm64 /Users/justingardner/Downloads/xcode/books_build2/booksTests/CSVParserISBNTests.swift (in target 'booksTests' from project 'books')
    cd /Users/justingardner/Downloads/xcode/books_build2
    

SwiftCompile normal arm64 Compiling\ MockStrategiesAndNetworkTesting.swift,\ AdaptiveRateLimitingTests.swift /Users/justingardner/Downloads/xcode/books_build2/booksTests/MockStrategiesAndNetworkTesting.swift /Users/justingardner/Downloads/xcode/books_build2/booksTests/AdaptiveRateLimitingTests.swift (in target 'booksTests' from project 'books')
Command SwiftCompile failed with a nonzero exit code

SwiftDriverJobDiscovery normal arm64 Compiling ContentView.swift, UserBook.swift (in target 'books' from project 'books')

SwiftCompile normal arm64 Compiling\ BackgroundProcessingResumeTests.swift,\ IntegrationTests.swift /Users/justingardner/Downloads/xcode/books_build2/booksTests/BackgroundProcessingResumeTests.swift /Users/justingardner/Downloads/xcode/books_build2/booksTests/IntegrationTests.swift (in target 'booksTests' from project 'books')
Command SwiftCompile failed with a nonzero exit code


Test session results, code coverage, and logs:
	/Users/justingardner/Library/Developer/Xcode/DerivedData/books-fpommwulutefkublemohbizwfike/Logs/Test/Test-books-2025.08.13_09-35-53--0500.xcresult

