Command line invocation:
    /Applications/Xcode.app/Contents/Developer/usr/bin/xcodebuild -scheme books -project /Users/justingardner/Downloads/Xcode/books_build2/books.xcodeproj -destination "platform=iOS Simulator,id=C1463CC7-4EE6-4F97-BD44-99E9286B5BC4" -configuration Debug CODE_SIGNING_ALLOWED=NO -enableCodeCoverage YES test

Build settings from command line:
    CODE_SIGNING_ALLOWED = NO

ComputePackagePrebuildTargetDependencyGraph

Prepare packages

CreateBuildRequest

SendProjectDescription

CreateBuildOperation

ComputeTargetDependencyGraph
note: Building targets in dependency order
note: Target dependency graph (3 targets)
    Target 'booksUITests' in project 'books'
        ➜ Explicit dependency on target 'books' in project 'books'
    Target 'booksTests' in project 'books'
        ➜ Explicit dependency on target 'books' in project 'books'
    Target 'books' in project 'books' (no dependencies)

GatherProvisioningInputs

CreateBuildDescription

ExecuteExternalTool /Applications/Xcode.app/Contents/Developer/Toolchains/XcodeDefault.xctoolchain/usr/bin/clang -v -E -dM -isysroot /Applications/Xcode.app/Contents/Developer/Platforms/iPhoneSimulator.platform/Developer/SDKs/iPhoneSimulator18.5.sdk -x c -c /dev/null

ExecuteExternalTool /Applications/Xcode.app/Contents/Developer/Toolchains/XcodeDefault.xctoolchain/usr/bin/swiftc --version

ExecuteExternalTool /Applications/Xcode.app/Contents/Developer/usr/bin/actool --print-asset-tag-combinations --output-format xml1 /Users/justingardner/Downloads/xcode/books_build2/books/Assets.xcassets

ExecuteExternalTool /Applications/Xcode.app/Contents/Developer/usr/bin/actool --version --output-format xml1

ExecuteExternalTool /Applications/Xcode.app/Contents/Developer/Toolchains/XcodeDefault.xctoolchain/usr/bin/ld -version_details

Build description signature: 260f6d0df02c36945caaf7dc804eb185
Build description path: /Users/justingardner/Library/Developer/Xcode/DerivedData/books-fpommwulutefkublemohbizwfike/Build/Intermediates.noindex/XCBuildData/260f6d0df02c36945caaf7dc804eb185.xcbuilddata
ClangStatCache /Applications/Xcode.app/Contents/Developer/Toolchains/XcodeDefault.xctoolchain/usr/bin/clang-stat-cache /Applications/Xcode.app/Contents/Developer/Platforms/iPhoneSimulator.platform/Developer/SDKs/iPhoneSimulator18.5.sdk /Users/justingardner/Library/Developer/Xcode/DerivedData/SDKStatCaches.noindex/iphonesimulator18.5-22F76-d5fc8ad4295d2ef488fb7d0f804ce0c4.sdkstatcache
    cd /Users/justingardner/Downloads/xcode/books_build2/books.xcodeproj
    /Applications/Xcode.app/Contents/Developer/Toolchains/XcodeDefault.xctoolchain/usr/bin/clang-stat-cache /Applications/Xcode.app/Contents/Developer/Platforms/iPhoneSimulator.platform/Developer/SDKs/iPhoneSimulator18.5.sdk -o /Users/justingardner/Library/Developer/Xcode/DerivedData/SDKStatCaches.noindex/iphonesimulator18.5-22F76-d5fc8ad4295d2ef488fb7d0f804ce0c4.sdkstatcache

WriteAuxiliaryFile /Users/justingardner/Library/Developer/Xcode/DerivedData/books-fpommwulutefkublemohbizwfike/Build/Intermediates.noindex/books.build/Debug-iphonesimulator/books.build/Objects-normal/arm64/books.SwiftFileList (in target 'books' from project 'books')
    cd /Users/justingardner/Downloads/xcode/books_build2
    write-file /Users/justingardner/Library/Developer/Xcode/DerivedData/books-fpommwulutefkublemohbizwfike/Build/Intermediates.noindex/books.build/Debug-iphonesimulator/books.build/Objects-normal/arm64/books.SwiftFileList

WriteAuxiliaryFile /Users/justingardner/Library/Developer/Xcode/DerivedData/books-fpommwulutefkublemohbizwfike/Build/Intermediates.noindex/books.build/Debug-iphonesimulator/books.build/Objects-normal/arm64/books.SwiftConstValuesFileList (in target 'books' from project 'books')
    cd /Users/justingardner/Downloads/xcode/books_build2
    write-file /Users/justingardner/Library/Developer/Xcode/DerivedData/books-fpommwulutefkublemohbizwfike/Build/Intermediates.noindex/books.build/Debug-iphonesimulator/books.build/Objects-normal/arm64/books.SwiftConstValuesFileList

WriteAuxiliaryFile /Users/justingardner/Library/Developer/Xcode/DerivedData/books-fpommwulutefkublemohbizwfike/Build/Intermediates.noindex/books.build/Debug-iphonesimulator/booksUITests.build/Objects-normal/arm64/booksUITests.LinkFileList (in target 'booksUITests' from project 'books')
    cd /Users/justingardner/Downloads/xcode/books_build2
    write-file /Users/justingardner/Library/Developer/Xcode/DerivedData/books-fpommwulutefkublemohbizwfike/Build/Intermediates.noindex/books.build/Debug-iphonesimulator/booksUITests.build/Objects-normal/arm64/booksUITests.LinkFileList

WriteAuxiliaryFile /Users/justingardner/Library/Developer/Xcode/DerivedData/books-fpommwulutefkublemohbizwfike/Build/Intermediates.noindex/books.build/Debug-iphonesimulator/booksUITests.build/Objects-normal/arm64/booksUITests.SwiftFileList (in target 'booksUITests' from project 'books')
    cd /Users/justingardner/Downloads/xcode/books_build2
    write-file /Users/justingardner/Library/Developer/Xcode/DerivedData/books-fpommwulutefkublemohbizwfike/Build/Intermediates.noindex/books.build/Debug-iphonesimulator/booksUITests.build/Objects-normal/arm64/booksUITests.SwiftFileList

WriteAuxiliaryFile /Users/justingardner/Library/Developer/Xcode/DerivedData/books-fpommwulutefkublemohbizwfike/Build/Intermediates.noindex/books.build/Debug-iphonesimulator/booksTests.build/Objects-normal/arm64/booksTests.SwiftFileList (in target 'booksTests' from project 'books')
    cd /Users/justingardner/Downloads/xcode/books_build2
    write-file /Users/justingardner/Library/Developer/Xcode/DerivedData/books-fpommwulutefkublemohbizwfike/Build/Intermediates.noindex/books.build/Debug-iphonesimulator/booksTests.build/Objects-normal/arm64/booksTests.SwiftFileList

WriteAuxiliaryFile /Users/justingardner/Library/Developer/Xcode/DerivedData/books-fpommwulutefkublemohbizwfike/Build/Intermediates.noindex/books.build/Debug-iphonesimulator/booksUITests.build/Objects-normal/arm64/booksUITests.SwiftConstValuesFileList (in target 'booksUITests' from project 'books')
    cd /Users/justingardner/Downloads/xcode/books_build2
    write-file /Users/justingardner/Library/Developer/Xcode/DerivedData/books-fpommwulutefkublemohbizwfike/Build/Intermediates.noindex/books.build/Debug-iphonesimulator/booksUITests.build/Objects-normal/arm64/booksUITests.SwiftConstValuesFileList

WriteAuxiliaryFile /Users/justingardner/Library/Developer/Xcode/DerivedData/books-fpommwulutefkublemohbizwfike/Build/Intermediates.noindex/books.build/Debug-iphonesimulator/booksTests.build/Objects-normal/arm64/booksTests.SwiftConstValuesFileList (in target 'booksTests' from project 'books')
    cd /Users/justingardner/Downloads/xcode/books_build2
    write-file /Users/justingardner/Library/Developer/Xcode/DerivedData/books-fpommwulutefkublemohbizwfike/Build/Intermediates.noindex/books.build/Debug-iphonesimulator/booksTests.build/Objects-normal/arm64/booksTests.SwiftConstValuesFileList

WriteAuxiliaryFile /Users/justingardner/Library/Developer/Xcode/DerivedData/books-fpommwulutefkublemohbizwfike/Build/Intermediates.noindex/books.build/Debug-iphonesimulator/booksTests.build/Objects-normal/arm64/booksTests.LinkFileList (in target 'booksTests' from project 'books')
    cd /Users/justingardner/Downloads/xcode/books_build2
    write-file /Users/justingardner/Library/Developer/Xcode/DerivedData/books-fpommwulutefkublemohbizwfike/Build/Intermediates.noindex/books.build/Debug-iphonesimulator/booksTests.build/Objects-normal/arm64/booksTests.LinkFileList

WriteAuxiliaryFile /Users/justingardner/Library/Developer/Xcode/DerivedData/books-fpommwulutefkublemohbizwfike/Build/Intermediates.noindex/books.build/Debug-iphonesimulator/books.build/Objects-normal/arm64/books.LinkFileList (in target 'books' from project 'books')
    cd /Users/justingardner/Downloads/xcode/books_build2
    write-file /Users/justingardner/Library/Developer/Xcode/DerivedData/books-fpommwulutefkublemohbizwfike/Build/Intermediates.noindex/books.build/Debug-iphonesimulator/books.build/Objects-normal/arm64/books.LinkFileList

ProcessInfoPlistFile /Users/justingardner/Library/Developer/Xcode/DerivedData/books-fpommwulutefkublemohbizwfike/Build/Products/Debug-iphonesimulator/books.app/Info.plist /Users/justingardner/Downloads/xcode/books_build2/books/Info.plist (in target 'books' from project 'books')
    cd /Users/justingardner/Downloads/xcode/books_build2
    builtin-infoPlistUtility /Users/justingardner/Downloads/xcode/books_build2/books/Info.plist -producttype com.apple.product-type.application -genpkginfo /Users/justingardner/Library/Developer/Xcode/DerivedData/books-fpommwulutefkublemohbizwfike/Build/Products/Debug-iphonesimulator/books.app/PkgInfo -expandbuildsettings -format binary -platform iphonesimulator -additionalcontentfile /Users/justingardner/Library/Developer/Xcode/DerivedData/books-fpommwulutefkublemohbizwfike/Build/Intermediates.noindex/books.build/Debug-iphonesimulator/books.build/assetcatalog_generated_info.plist -o /Users/justingardner/Library/Developer/Xcode/DerivedData/books-fpommwulutefkublemohbizwfike/Build/Products/Debug-iphonesimulator/books.app/Info.plist

SwiftDriver books normal arm64 com.apple.xcode.tools.swift.compiler (in target 'books' from project 'books')
    cd /Users/justingardner/Downloads/xcode/books_build2
    builtin-SwiftDriver -- /Applications/Xcode.app/Contents/Developer/Toolchains/XcodeDefault.xctoolchain/usr/bin/swiftc -module-name books -Onone -enforce-exclusivity\=checked @/Users/justingardner/Library/Developer/Xcode/DerivedData/books-fpommwulutefkublemohbizwfike/Build/Intermediates.noindex/books.build/Debug-iphonesimulator/books.build/Objects-normal/arm64/books.SwiftFileList -DDEBUG -enable-bare-slash-regex -enable-experimental-feature DebugDescriptionMacro -sdk /Applications/Xcode.app/Contents/Developer/Platforms/iPhoneSimulator.platform/Developer/SDKs/iPhoneSimulator18.5.sdk -target arm64-apple-ios18.0-simulator -g -module-cache-path /Users/justingardner/Library/Developer/Xcode/DerivedData/ModuleCache.noindex -Xfrontend -serialize-debugging-options -profile-coverage-mapping -profile-generate -enable-testing -index-store-path /Users/justingardner/Library/Developer/Xcode/DerivedData/books-fpommwulutefkublemohbizwfike/Index.noindex/DataStore -swift-version 5 -I /Users/justingardner/Library/Developer/Xcode/DerivedData/books-fpommwulutefkublemohbizwfike/Build/Products/Debug-iphonesimulator -F /Users/justingardner/Library/Developer/Xcode/DerivedData/books-fpommwulutefkublemohbizwfike/Build/Products/Debug-iphonesimulator -emit-localized-strings -emit-localized-strings-path /Users/justingardner/Library/Developer/Xcode/DerivedData/books-fpommwulutefkublemohbizwfike/Build/Intermediates.noindex/books.build/Debug-iphonesimulator/books.build/Objects-normal/arm64 -c -j12 -enable-batch-mode -incremental -Xcc -ivfsstatcache -Xcc /Users/justingardner/Library/Developer/Xcode/DerivedData/SDKStatCaches.noindex/iphonesimulator18.5-22F76-d5fc8ad4295d2ef488fb7d0f804ce0c4.sdkstatcache -output-file-map /Users/justingardner/Library/Developer/Xcode/DerivedData/books-fpommwulutefkublemohbizwfike/Build/Intermediates.noindex/books.build/Debug-iphonesimulator/books.build/Objects-normal/arm64/books-OutputFileMap.json -use-frontend-parseable-output -save-temps -no-color-diagnostics -serialize-diagnostics -emit-dependencies -emit-module -emit-module-path /Users/justingardner/Library/Developer/Xcode/DerivedData/books-fpommwulutefkublemohbizwfike/Build/Intermediates.noindex/books.build/Debug-iphonesimulator/books.build/Objects-normal/arm64/books.swiftmodule -validate-clang-modules-once -clang-build-session-file /Users/justingardner/Library/Developer/Xcode/DerivedData/ModuleCache.noindex/Session.modulevalidation -Xcc -I/Users/justingardner/Library/Developer/Xcode/DerivedData/books-fpommwulutefkublemohbizwfike/Build/Intermediates.noindex/books.build/Debug-iphonesimulator/books.build/swift-overrides.hmap -emit-const-values -Xfrontend -const-gather-protocols-file -Xfrontend /Users/justingardner/Library/Developer/Xcode/DerivedData/books-fpommwulutefkublemohbizwfike/Build/Intermediates.noindex/books.build/Debug-iphonesimulator/books.build/Objects-normal/arm64/books_const_extract_protocols.json -Xcc -iquote -Xcc /Users/justingardner/Library/Developer/Xcode/DerivedData/books-fpommwulutefkublemohbizwfike/Build/Intermediates.noindex/books.build/Debug-iphonesimulator/books.build/books-generated-files.hmap -Xcc -I/Users/justingardner/Library/Developer/Xcode/DerivedData/books-fpommwulutefkublemohbizwfike/Build/Intermediates.noindex/books.build/Debug-iphonesimulator/books.build/books-own-target-headers.hmap -Xcc -I/Users/justingardner/Library/Developer/Xcode/DerivedData/books-fpommwulutefkublemohbizwfike/Build/Intermediates.noindex/books.build/Debug-iphonesimulator/books.build/books-all-target-headers.hmap -Xcc -iquote -Xcc /Users/justingardner/Library/Developer/Xcode/DerivedData/books-fpommwulutefkublemohbizwfike/Build/Intermediates.noindex/books.build/Debug-iphonesimulator/books.build/books-project-headers.hmap -Xcc -I/Users/justingardner/Library/Developer/Xcode/DerivedData/books-fpommwulutefkublemohbizwfike/Build/Products/Debug-iphonesimulator/include -Xcc -I/Users/justingardner/Library/Developer/Xcode/DerivedData/books-fpommwulutefkublemohbizwfike/Build/Intermediates.noindex/books.build/Debug-iphonesimulator/books.build/DerivedSources-normal/arm64 -Xcc -I/Users/justingardner/Library/Developer/Xcode/DerivedData/books-fpommwulutefkublemohbizwfike/Build/Intermediates.noindex/books.build/Debug-iphonesimulator/books.build/DerivedSources/arm64 -Xcc -I/Users/justingardner/Library/Developer/Xcode/DerivedData/books-fpommwulutefkublemohbizwfike/Build/Intermediates.noindex/books.build/Debug-iphonesimulator/books.build/DerivedSources -Xcc -DDEBUG\=1 -emit-objc-header -emit-objc-header-path /Users/justingardner/Library/Developer/Xcode/DerivedData/books-fpommwulutefkublemohbizwfike/Build/Intermediates.noindex/books.build/Debug-iphonesimulator/books.build/Objects-normal/arm64/books-Swift.h -working-directory /Users/justingardner/Downloads/xcode/books_build2 -experimental-emit-module-separately -disable-cmo

SwiftCompile normal arm64 Compiling\ ThemeMigrationHelper.swift,\ NavigationDestinations.swift,\ HapticFeedbackManager.swift /Users/justingardner/Downloads/xcode/books_build2/books/Styling/ThemeMigrationHelper.swift /Users/justingardner/Downloads/xcode/books_build2/books/Views/Navigation/NavigationDestinations.swift /Users/justingardner/Downloads/xcode/books_build2/books/Services/HapticFeedbackManager.swift (in target 'books' from project 'books')

SwiftCompile normal arm64 /Users/justingardner/Downloads/xcode/books_build2/books/Styling/ThemeMigrationHelper.swift (in target 'books' from project 'books')
    cd /Users/justingardner/Downloads/xcode/books_build2
    

SwiftCompile normal arm64 /Users/justingardner/Downloads/xcode/books_build2/books/Views/Navigation/NavigationDestinations.swift (in target 'books' from project 'books')
    cd /Users/justingardner/Downloads/xcode/books_build2
    

SwiftCompile normal arm64 /Users/justingardner/Downloads/xcode/books_build2/books/Services/HapticFeedbackManager.swift (in target 'books' from project 'books')
    cd /Users/justingardner/Downloads/xcode/books_build2
    

SwiftCompile normal arm64 Compiling\ DuplicateDetection.swift,\ ImageCache.swift,\ ImportModels.swift /Users/justingardner/Downloads/xcode/books_build2/books/Utilities/DuplicateDetection.swift /Users/justingardner/Downloads/xcode/books_build2/books/Services/ImageCache.swift /Users/justingardner/Downloads/xcode/books_build2/books/Models/ImportModels.swift (in target 'books' from project 'books')
SwiftCompile normal arm64 /Users/justingardner/Downloads/xcode/books_build2/books/Utilities/DuplicateDetection.swift (in target 'books' from project 'books')
    cd /Users/justingardner/Downloads/xcode/books_build2
    

SwiftCompile normal arm64 /Users/justingardner/Downloads/xcode/books_build2/books/Services/ImageCache.swift (in target 'books' from project 'books')
    cd /Users/justingardner/Downloads/xcode/books_build2
    

SwiftCompile normal arm64 /Users/justingardner/Downloads/xcode/books_build2/books/Models/ImportModels.swift (in target 'books' from project 'books')
    cd /Users/justingardner/Downloads/xcode/books_build2
    

SwiftCompile normal arm64 Compiling\ CulturalSelections.swift,\ CulturalSelectionPickers.swift,\ MonthlyReadsChartView.swift /Users/justingardner/Downloads/xcode/books_build2/books/Models/CulturalSelections.swift /Users/justingardner/Downloads/xcode/books_build2/books/Views/Components/CulturalSelectionPickers.swift /Users/justingardner/Downloads/xcode/books_build2/books/Charts/MonthlyReadsChartView.swift (in target 'books' from project 'books')
SwiftCompile normal arm64 /Users/justingardner/Downloads/xcode/books_build2/books/Models/CulturalSelections.swift (in target 'books' from project 'books')
    cd /Users/justingardner/Downloads/xcode/books_build2
    

SwiftCompile normal arm64 /Users/justingardner/Downloads/xcode/books_build2/books/Views/Components/CulturalSelectionPickers.swift (in target 'books' from project 'books')
    cd /Users/justingardner/Downloads/xcode/books_build2
    

SwiftCompile normal arm64 /Users/justingardner/Downloads/xcode/books_build2/books/Charts/MonthlyReadsChartView.swift (in target 'books' from project 'books')
    cd /Users/justingardner/Downloads/xcode/books_build2
    

SwiftCompile normal arm64 Compiling\ AboutThisAppView.swift,\ LibraryResetViewModel.swift,\ SharedModifiers.swift /Users/justingardner/Downloads/xcode/books_build2/books/Views/Main/AboutThisAppView.swift /Users/justingardner/Downloads/xcode/books_build2/books/ViewModels/LibraryResetViewModel.swift /Users/justingardner/Downloads/xcode/books_build2/books/Theme/SharedModifiers.swift (in target 'books' from project 'books')

SwiftCompile normal arm64 /Users/justingardner/Downloads/xcode/books_build2/books/Views/Main/AboutThisAppView.swift (in target 'books' from project 'books')
    cd /Users/justingardner/Downloads/xcode/books_build2
    

SwiftCompile normal arm64 /Users/justingardner/Downloads/xcode/books_build2/books/ViewModels/LibraryResetViewModel.swift (in target 'books' from project 'books')
    cd /Users/justingardner/Downloads/xcode/books_build2
    

SwiftCompile normal arm64 /Users/justingardner/Downloads/xcode/books_build2/books/Theme/SharedModifiers.swift (in target 'books' from project 'books')
    cd /Users/justingardner/Downloads/xcode/books_build2
    

SwiftCompile normal arm64 Compiling\ LibraryResetService.swift,\ UnifiedBookComponents.swift,\ LibraryResetConfirmationView.swift /Users/justingardner/Downloads/xcode/books_build2/books/Services/LibraryResetService.swift /Users/justingardner/Downloads/xcode/books_build2/books/Views/Components/UnifiedBookComponents.swift /Users/justingardner/Downloads/xcode/books_build2/books/Views/Settings/LibraryResetConfirmationView.swift (in target 'books' from project 'books')
SwiftCompile normal arm64 /Users/justingardner/Downloads/xcode/books_build2/books/Services/LibraryResetService.swift (in target 'books' from project 'books')
    cd /Users/justingardner/Downloads/xcode/books_build2
    

SwiftCompile normal arm64 /Users/justingardner/Downloads/xcode/books_build2/books/Views/Components/UnifiedBookComponents.swift (in target 'books' from project 'books')
    cd /Users/justingardner/Downloads/xcode/books_build2
    

SwiftCompile normal arm64 /Users/justingardner/Downloads/xcode/books_build2/books/Views/Settings/LibraryResetConfirmationView.swift (in target 'books' from project 'books')
    cd /Users/justingardner/Downloads/xcode/books_build2
    

SwiftCompile normal arm64 Compiling\ CSVImportView.swift,\ SupportingViews.swift,\ DataValidationService.swift /Users/justingardner/Downloads/xcode/books_build2/books/Views/Import/CSVImportView.swift /Users/justingardner/Downloads/xcode/books_build2/books/Views/Components/SupportingViews.swift /Users/justingardner/Downloads/xcode/books_build2/books/Utilities/DataValidationService.swift (in target 'books' from project 'books')
SwiftCompile normal arm64 /Users/justingardner/Downloads/xcode/books_build2/books/Views/Import/CSVImportView.swift (in target 'books' from project 'books')
    cd /Users/justingardner/Downloads/xcode/books_build2
    

SwiftCompile normal arm64 /Users/justingardner/Downloads/xcode/books_build2/books/Views/Components/SupportingViews.swift (in target 'books' from project 'books')
    cd /Users/justingardner/Downloads/xcode/books_build2
    

SwiftCompile normal arm64 /Users/justingardner/Downloads/xcode/books_build2/books/Utilities/DataValidationService.swift (in target 'books' from project 'books')
    cd /Users/justingardner/Downloads/xcode/books_build2
    

SwiftCompile normal arm64 Compiling\ ThemeAwareModifier.swift,\ SimpleISBNLookupService.swift /Users/justingardner/Downloads/xcode/books_build2/books/Theme/ThemeAwareModifier.swift /Users/justingardner/Downloads/xcode/books_build2/books/Services/SimpleISBNLookupService.swift (in target 'books' from project 'books')

SwiftCompile normal arm64 /Users/justingardner/Downloads/xcode/books_build2/books/Theme/ThemeAwareModifier.swift (in target 'books' from project 'books')
    cd /Users/justingardner/Downloads/xcode/books_build2
    

SwiftCompile normal arm64 /Users/justingardner/Downloads/xcode/books_build2/books/Services/SimpleISBNLookupService.swift (in target 'books' from project 'books')
    cd /Users/justingardner/Downloads/xcode/books_build2
    

SwiftCompile normal arm64 Compiling\ CulturalDiversityView.swift,\ BookDetailsView.swift,\ PageInputView.swift /Users/justingardner/Downloads/xcode/books_build2/books/Views/Main/CulturalDiversityView.swift /Users/justingardner/Downloads/xcode/books_build2/books/Views/Detail/BookDetailsView.swift /Users/justingardner/Downloads/xcode/books_build2/books/Views/Components/PageInputView.swift (in target 'books' from project 'books')
SwiftCompile normal arm64 /Users/justingardner/Downloads/xcode/books_build2/books/Views/Main/CulturalDiversityView.swift (in target 'books' from project 'books')
    cd /Users/justingardner/Downloads/xcode/books_build2
    

SwiftCompile normal arm64 /Users/justingardner/Downloads/xcode/books_build2/books/Views/Detail/BookDetailsView.swift (in target 'books' from project 'books')
    cd /Users/justingardner/Downloads/xcode/books_build2
    

SwiftCompile normal arm64 /Users/justingardner/Downloads/xcode/books_build2/books/Views/Components/PageInputView.swift (in target 'books' from project 'books')
    cd /Users/justingardner/Downloads/xcode/books_build2
    

SwiftCompile normal arm64 Compiling\ ThemePickerView.swift,\ CSVImportService.swift /Users/justingardner/Downloads/xcode/books_build2/books/Views/Main/ThemePickerView.swift /Users/justingardner/Downloads/xcode/books_build2/books/Services/CSVImportService.swift (in target 'books' from project 'books')

SwiftCompile normal arm64 /Users/justingardner/Downloads/xcode/books_build2/books/Views/Main/ThemePickerView.swift (in target 'books' from project 'books')
    cd /Users/justingardner/Downloads/xcode/books_build2
    

SwiftCompile normal arm64 /Users/justingardner/Downloads/xcode/books_build2/books/Services/CSVImportService.swift (in target 'books' from project 'books')
    cd /Users/justingardner/Downloads/xcode/books_build2
    

SwiftCompile normal arm64 Compiling\ StatsView.swift,\ RatingGestureModifier.swift /Users/justingardner/Downloads/xcode/books_build2/books/Views/Main/StatsView.swift /Users/justingardner/Downloads/xcode/books_build2/books/Views/Components/RatingGestureModifier.swift (in target 'books' from project 'books')

SwiftCompile normal arm64 /Users/justingardner/Downloads/xcode/books_build2/books/Views/Main/StatsView.swift (in target 'books' from project 'books')
    cd /Users/justingardner/Downloads/xcode/books_build2
    

SwiftCompile normal arm64 /Users/justingardner/Downloads/xcode/books_build2/books/Views/Components/RatingGestureModifier.swift (in target 'books' from project 'books')
    cd /Users/justingardner/Downloads/xcode/books_build2
    

SwiftCompile normal arm64 Compiling\ BookCoverImage.swift,\ CSVParser.swift /Users/justingardner/Downloads/xcode/books_build2/books/Views/Components/BookCoverImage.swift /Users/justingardner/Downloads/xcode/books_build2/books/Utilities/CSVParser.swift (in target 'books' from project 'books')

SwiftCompile normal arm64 /Users/justingardner/Downloads/xcode/books_build2/books/Views/Components/BookCoverImage.swift (in target 'books' from project 'books')
    cd /Users/justingardner/Downloads/xcode/books_build2
    

SwiftCompile normal arm64 /Users/justingardner/Downloads/xcode/books_build2/books/Utilities/CSVParser.swift (in target 'books' from project 'books')
    cd /Users/justingardner/Downloads/xcode/books_build2
    

SwiftEmitModule normal arm64 Emitting\ module\ for\ books (in target 'books' from project 'books')

EmitSwiftModule normal arm64 (in target 'books' from project 'books')
    cd /Users/justingardner/Downloads/xcode/books_build2
    

SwiftCompile normal arm64 Compiling\ SettingsView.swift,\ SearchResultDetailView.swift /Users/justingardner/Downloads/xcode/books_build2/books/Views/Main/SettingsView.swift /Users/justingardner/Downloads/xcode/books_build2/books/Views/Detail/SearchResultDetailView.swift (in target 'books' from project 'books')

SwiftCompile normal arm64 /Users/justingardner/Downloads/xcode/books_build2/books/Views/Main/SettingsView.swift (in target 'books' from project 'books')
    cd /Users/justingardner/Downloads/xcode/books_build2
    

SwiftCompile normal arm64 /Users/justingardner/Downloads/xcode/books_build2/books/Views/Detail/SearchResultDetailView.swift (in target 'books' from project 'books')
    cd /Users/justingardner/Downloads/xcode/books_build2
    

SwiftDriverJobDiscovery normal arm64 Compiling ThemeAwareModifier.swift, SimpleISBNLookupService.swift (in target 'books' from project 'books')

SwiftCompile normal arm64 Compiling\ LibraryFilterView.swift,\ Theme.swift,\ PerformanceMonitor.swift,\ LibraryView.swift /Users/justingardner/Downloads/xcode/books_build2/books/Views/Components/LibraryFilterView.swift /Users/justingardner/Downloads/xcode/books_build2/books/Theme/Theme.swift /Users/justingardner/Downloads/xcode/books_build2/books/Services/PerformanceMonitor.swift /Users/justingardner/Downloads/xcode/books_build2/books/Views/Main/LibraryView.swift (in target 'books' from project 'books')

SwiftCompile normal arm64 /Users/justingardner/Downloads/xcode/books_build2/books/Views/Components/LibraryFilterView.swift (in target 'books' from project 'books')
    cd /Users/justingardner/Downloads/xcode/books_build2
    

SwiftCompile normal arm64 /Users/justingardner/Downloads/xcode/books_build2/books/Theme/Theme.swift (in target 'books' from project 'books')
    cd /Users/justingardner/Downloads/xcode/books_build2
    

SwiftCompile normal arm64 /Users/justingardner/Downloads/xcode/books_build2/books/Services/PerformanceMonitor.swift (in target 'books' from project 'books')
    cd /Users/justingardner/Downloads/xcode/books_build2
    

SwiftCompile normal arm64 /Users/justingardner/Downloads/xcode/books_build2/books/Views/Main/LibraryView.swift (in target 'books' from project 'books')
    cd /Users/justingardner/Downloads/xcode/books_build2
    

SwiftDriverJobDiscovery normal arm64 Compiling ThemeMigrationHelper.swift, NavigationDestinations.swift, HapticFeedbackManager.swift (in target 'books' from project 'books')

SwiftCompile normal arm64 Compiling\ BackgroundTaskManager.swift,\ ReadingGoalsManager.swift,\ Theme+Variants.swift,\ RateLimiter.swift /Users/justingardner/Downloads/xcode/books_build2/books/Services/BackgroundTaskManager.swift /Users/justingardner/Downloads/xcode/books_build2/books/Managers/ReadingGoalsManager.swift /Users/justingardner/Downloads/xcode/books_build2/books/Theme/Theme+Variants.swift /Users/justingardner/Downloads/xcode/books_build2/books/Services/RateLimiter.swift (in target 'books' from project 'books')

SwiftCompile normal arm64 /Users/justingardner/Downloads/xcode/books_build2/books/Services/BackgroundTaskManager.swift (in target 'books' from project 'books')
    cd /Users/justingardner/Downloads/xcode/books_build2
    

SwiftCompile normal arm64 /Users/justingardner/Downloads/xcode/books_build2/books/Managers/ReadingGoalsManager.swift (in target 'books' from project 'books')
    cd /Users/justingardner/Downloads/xcode/books_build2
    

SwiftCompile normal arm64 /Users/justingardner/Downloads/xcode/books_build2/books/Theme/Theme+Variants.swift (in target 'books' from project 'books')
    cd /Users/justingardner/Downloads/xcode/books_build2
    

SwiftCompile normal arm64 /Users/justingardner/Downloads/xcode/books_build2/books/Services/RateLimiter.swift (in target 'books' from project 'books')
    cd /Users/justingardner/Downloads/xcode/books_build2
    

SwiftDriverJobDiscovery normal arm64 Compiling DuplicateDetection.swift, ImageCache.swift, ImportModels.swift (in target 'books' from project 'books')

SwiftCompile normal arm64 Compiling\ LiveActivityManager.swift,\ BackgroundImportCoordinator.swift,\ ImportCompletionBanner.swift,\ AuthorSearchResultsView.swift /Users/justingardner/Downloads/xcode/books_build2/books/Services/LiveActivityManager.swift /Users/justingardner/Downloads/xcode/books_build2/books/Services/BackgroundImportCoordinator.swift /Users/justingardner/Downloads/xcode/books_build2/books/Views/Components/ImportCompletionBanner.swift /Users/justingardner/Downloads/xcode/books_build2/books/Views/Detail/AuthorSearchResultsView.swift (in target 'books' from project 'books')

SwiftCompile normal arm64 /Users/justingardner/Downloads/xcode/books_build2/books/Services/LiveActivityManager.swift (in target 'books' from project 'books')
    cd /Users/justingardner/Downloads/xcode/books_build2
    

SwiftCompile normal arm64 /Users/justingardner/Downloads/xcode/books_build2/books/Services/BackgroundImportCoordinator.swift (in target 'books' from project 'books')
    cd /Users/justingardner/Downloads/xcode/books_build2
    

SwiftCompile normal arm64 /Users/justingardner/Downloads/xcode/books_build2/books/Views/Components/ImportCompletionBanner.swift (in target 'books' from project 'books')
    cd /Users/justingardner/Downloads/xcode/books_build2
    

SwiftCompile normal arm64 /Users/justingardner/Downloads/xcode/books_build2/books/Views/Detail/AuthorSearchResultsView.swift (in target 'books' from project 'books')
    cd /Users/justingardner/Downloads/xcode/books_build2
    

SwiftDriverJobDiscovery normal arm64 Compiling AboutThisAppView.swift, LibraryResetViewModel.swift, SharedModifiers.swift (in target 'books' from project 'books')

SwiftCompile normal arm64 Compiling\ DataMigrationManager.swift,\ BookMetadata.swift,\ BookRowView.swift,\ GenreBreakdownChartView.swift /Users/justingardner/Downloads/xcode/books_build2/books/Services/DataMigrationManager.swift /Users/justingardner/Downloads/xcode/books_build2/books/Models/BookMetadata.swift /Users/justingardner/Downloads/xcode/books_build2/books/Views/Components/BookRowView.swift /Users/justingardner/Downloads/xcode/books_build2/books/Charts/GenreBreakdownChartView.swift (in target 'books' from project 'books')

SwiftCompile normal arm64 /Users/justingardner/Downloads/xcode/books_build2/books/Services/DataMigrationManager.swift (in target 'books' from project 'books')
    cd /Users/justingardner/Downloads/xcode/books_build2
    

SwiftCompile normal arm64 /Users/justingardner/Downloads/xcode/books_build2/books/Models/BookMetadata.swift (in target 'books' from project 'books')
    cd /Users/justingardner/Downloads/xcode/books_build2
    

SwiftCompile normal arm64 /Users/justingardner/Downloads/xcode/books_build2/books/Views/Components/BookRowView.swift (in target 'books' from project 'books')
    cd /Users/justingardner/Downloads/xcode/books_build2
    

SwiftCompile normal arm64 /Users/justingardner/Downloads/xcode/books_build2/books/Charts/GenreBreakdownChartView.swift (in target 'books' from project 'books')
    cd /Users/justingardner/Downloads/xcode/books_build2
    

SwiftDriverJobDiscovery normal arm64 Compiling BookCoverImage.swift, CSVParser.swift (in target 'books' from project 'books')

SwiftCompile normal arm64 Compiling\ SearchView.swift,\ BookSearchService.swift,\ EditBookView.swift /Users/justingardner/Downloads/xcode/books_build2/books/Views/Main/SearchView.swift /Users/justingardner/Downloads/xcode/books_build2/books/Services/BookSearchService.swift /Users/justingardner/Downloads/xcode/books_build2/books/Views/Detail/EditBookView.swift (in target 'books' from project 'books')

SwiftCompile normal arm64 /Users/justingardner/Downloads/xcode/books_build2/books/Views/Main/SearchView.swift (in target 'books' from project 'books')
    cd /Users/justingardner/Downloads/xcode/books_build2
    

SwiftCompile normal arm64 /Users/justingardner/Downloads/xcode/books_build2/books/Services/BookSearchService.swift (in target 'books' from project 'books')
    cd /Users/justingardner/Downloads/xcode/books_build2
    

SwiftCompile normal arm64 /Users/justingardner/Downloads/xcode/books_build2/books/Views/Detail/EditBookView.swift (in target 'books' from project 'books')
    cd /Users/justingardner/Downloads/xcode/books_build2
    

SwiftDriverJobDiscovery normal arm64 Emitting module for books (in target 'books' from project 'books')

SwiftDriver\ Compilation\ Requirements books normal arm64 com.apple.xcode.tools.swift.compiler (in target 'books' from project 'books')
    cd /Users/justingardner/Downloads/xcode/books_build2
    builtin-Swift-Compilation-Requirements -- /Applications/Xcode.app/Contents/Developer/Toolchains/XcodeDefault.xctoolchain/usr/bin/swiftc -module-name books -Onone -enforce-exclusivity\=checked @/Users/justingardner/Library/Developer/Xcode/DerivedData/books-fpommwulutefkublemohbizwfike/Build/Intermediates.noindex/books.build/Debug-iphonesimulator/books.build/Objects-normal/arm64/books.SwiftFileList -DDEBUG -enable-bare-slash-regex -enable-experimental-feature DebugDescriptionMacro -sdk /Applications/Xcode.app/Contents/Developer/Platforms/iPhoneSimulator.platform/Developer/SDKs/iPhoneSimulator18.5.sdk -target arm64-apple-ios18.0-simulator -g -module-cache-path /Users/justingardner/Library/Developer/Xcode/DerivedData/ModuleCache.noindex -Xfrontend -serialize-debugging-options -profile-coverage-mapping -profile-generate -enable-testing -index-store-path /Users/justingardner/Library/Developer/Xcode/DerivedData/books-fpommwulutefkublemohbizwfike/Index.noindex/DataStore -swift-version 5 -I /Users/justingardner/Library/Developer/Xcode/DerivedData/books-fpommwulutefkublemohbizwfike/Build/Products/Debug-iphonesimulator -F /Users/justingardner/Library/Developer/Xcode/DerivedData/books-fpommwulutefkublemohbizwfike/Build/Products/Debug-iphonesimulator -emit-localized-strings -emit-localized-strings-path /Users/justingardner/Library/Developer/Xcode/DerivedData/books-fpommwulutefkublemohbizwfike/Build/Intermediates.noindex/books.build/Debug-iphonesimulator/books.build/Objects-normal/arm64 -c -j12 -enable-batch-mode -incremental -Xcc -ivfsstatcache -Xcc /Users/justingardner/Library/Developer/Xcode/DerivedData/SDKStatCaches.noindex/iphonesimulator18.5-22F76-d5fc8ad4295d2ef488fb7d0f804ce0c4.sdkstatcache -output-file-map /Users/justingardner/Library/Developer/Xcode/DerivedData/books-fpommwulutefkublemohbizwfike/Build/Intermediates.noindex/books.build/Debug-iphonesimulator/books.build/Objects-normal/arm64/books-OutputFileMap.json -use-frontend-parseable-output -save-temps -no-color-diagnostics -serialize-diagnostics -emit-dependencies -emit-module -emit-module-path /Users/justingardner/Library/Developer/Xcode/DerivedData/books-fpommwulutefkublemohbizwfike/Build/Intermediates.noindex/books.build/Debug-iphonesimulator/books.build/Objects-normal/arm64/books.swiftmodule -validate-clang-modules-once -clang-build-session-file /Users/justingardner/Library/Developer/Xcode/DerivedData/ModuleCache.noindex/Session.modulevalidation -Xcc -I/Users/justingardner/Library/Developer/Xcode/DerivedData/books-fpommwulutefkublemohbizwfike/Build/Intermediates.noindex/books.build/Debug-iphonesimulator/books.build/swift-overrides.hmap -emit-const-values -Xfrontend -const-gather-protocols-file -Xfrontend /Users/justingardner/Library/Developer/Xcode/DerivedData/books-fpommwulutefkublemohbizwfike/Build/Intermediates.noindex/books.build/Debug-iphonesimulator/books.build/Objects-normal/arm64/books_const_extract_protocols.json -Xcc -iquote -Xcc /Users/justingardner/Library/Developer/Xcode/DerivedData/books-fpommwulutefkublemohbizwfike/Build/Intermediates.noindex/books.build/Debug-iphonesimulator/books.build/books-generated-files.hmap -Xcc -I/Users/justingardner/Library/Developer/Xcode/DerivedData/books-fpommwulutefkublemohbizwfike/Build/Intermediates.noindex/books.build/Debug-iphonesimulator/books.build/books-own-target-headers.hmap -Xcc -I/Users/justingardner/Library/Developer/Xcode/DerivedData/books-fpommwulutefkublemohbizwfike/Build/Intermediates.noindex/books.build/Debug-iphonesimulator/books.build/books-all-target-headers.hmap -Xcc -iquote -Xcc /Users/justingardner/Library/Developer/Xcode/DerivedData/books-fpommwulutefkublemohbizwfike/Build/Intermediates.noindex/books.build/Debug-iphonesimulator/books.build/books-project-headers.hmap -Xcc -I/Users/justingardner/Library/Developer/Xcode/DerivedData/books-fpommwulutefkublemohbizwfike/Build/Products/Debug-iphonesimulator/include -Xcc -I/Users/justingardner/Library/Developer/Xcode/DerivedData/books-fpommwulutefkublemohbizwfike/Build/Intermediates.noindex/books.build/Debug-iphonesimulator/books.build/DerivedSources-normal/arm64 -Xcc -I/Users/justingardner/Library/Developer/Xcode/DerivedData/books-fpommwulutefkublemohbizwfike/Build/Intermediates.noindex/books.build/Debug-iphonesimulator/books.build/DerivedSources/arm64 -Xcc -I/Users/justingardner/Library/Developer/Xcode/DerivedData/books-fpommwulutefkublemohbizwfike/Build/Intermediates.noindex/books.build/Debug-iphonesimulator/books.build/DerivedSources -Xcc -DDEBUG\=1 -emit-objc-header -emit-objc-header-path /Users/justingardner/Library/Developer/Xcode/DerivedData/books-fpommwulutefkublemohbizwfike/Build/Intermediates.noindex/books.build/Debug-iphonesimulator/books.build/Objects-normal/arm64/books-Swift.h -working-directory /Users/justingardner/Downloads/xcode/books_build2 -experimental-emit-module-separately -disable-cmo

SwiftDriverJobDiscovery normal arm64 Compiling BackgroundTaskManager.swift, ReadingGoalsManager.swift, Theme+Variants.swift, RateLimiter.swift (in target 'books' from project 'books')

SwiftCompile normal arm64 Compiling\ booksApp.swift,\ BarcodeScanner.swift,\ ThemeStore.swift /Users/justingardner/Downloads/xcode/books_build2/books/App/booksApp.swift /Users/justingardner/Downloads/xcode/books_build2/books/Utilities/BarcodeScanner.swift /Users/justingardner/Downloads/xcode/books_build2/books/Stores/ThemeStore.swift (in target 'books' from project 'books')

SwiftCompile normal arm64 /Users/justingardner/Downloads/xcode/books_build2/books/App/booksApp.swift (in target 'books' from project 'books')
    cd /Users/justingardner/Downloads/xcode/books_build2
    

SwiftCompile normal arm64 /Users/justingardner/Downloads/xcode/books_build2/books/Utilities/BarcodeScanner.swift (in target 'books' from project 'books')
    cd /Users/justingardner/Downloads/xcode/books_build2
    

SwiftCompile normal arm64 /Users/justingardner/Downloads/xcode/books_build2/books/Stores/ThemeStore.swift (in target 'books' from project 'books')
    cd /Users/justingardner/Downloads/xcode/books_build2
    

Copy /Users/justingardner/Library/Developer/Xcode/DerivedData/books-fpommwulutefkublemohbizwfike/Build/Products/Debug-iphonesimulator/books.swiftmodule/arm64-apple-ios-simulator.swiftmodule /Users/justingardner/Library/Developer/Xcode/DerivedData/books-fpommwulutefkublemohbizwfike/Build/Intermediates.noindex/books.build/Debug-iphonesimulator/books.build/Objects-normal/arm64/books.swiftmodule (in target 'books' from project 'books')
    cd /Users/justingardner/Downloads/xcode/books_build2
    builtin-copy -exclude .DS_Store -exclude CVS -exclude .svn -exclude .git -exclude .hg -resolve-src-symlinks -rename /Users/justingardner/Library/Developer/Xcode/DerivedData/books-fpommwulutefkublemohbizwfike/Build/Intermediates.noindex/books.build/Debug-iphonesimulator/books.build/Objects-normal/arm64/books.swiftmodule /Users/justingardner/Library/Developer/Xcode/DerivedData/books-fpommwulutefkublemohbizwfike/Build/Products/Debug-iphonesimulator/books.swiftmodule/arm64-apple-ios-simulator.swiftmodule

SwiftDriverJobDiscovery normal arm64 Compiling CulturalSelections.swift, CulturalSelectionPickers.swift, MonthlyReadsChartView.swift (in target 'books' from project 'books')

Copy /Users/justingardner/Library/Developer/Xcode/DerivedData/books-fpommwulutefkublemohbizwfike/Build/Products/Debug-iphonesimulator/books.swiftmodule/arm64-apple-ios-simulator.swiftdoc /Users/justingardner/Library/Developer/Xcode/DerivedData/books-fpommwulutefkublemohbizwfike/Build/Intermediates.noindex/books.build/Debug-iphonesimulator/books.build/Objects-normal/arm64/books.swiftdoc (in target 'books' from project 'books')
    cd /Users/justingardner/Downloads/xcode/books_build2
    builtin-copy -exclude .DS_Store -exclude CVS -exclude .svn -exclude .git -exclude .hg -resolve-src-symlinks -rename /Users/justingardner/Library/Developer/Xcode/DerivedData/books-fpommwulutefkublemohbizwfike/Build/Intermediates.noindex/books.build/Debug-iphonesimulator/books.build/Objects-normal/arm64/books.swiftdoc /Users/justingardner/Library/Developer/Xcode/DerivedData/books-fpommwulutefkublemohbizwfike/Build/Products/Debug-iphonesimulator/books.swiftmodule/arm64-apple-ios-simulator.swiftdoc

Copy /Users/justingardner/Library/Developer/Xcode/DerivedData/books-fpommwulutefkublemohbizwfike/Build/Products/Debug-iphonesimulator/books.swiftmodule/arm64-apple-ios-simulator.abi.json /Users/justingardner/Library/Developer/Xcode/DerivedData/books-fpommwulutefkublemohbizwfike/Build/Intermediates.noindex/books.build/Debug-iphonesimulator/books.build/Objects-normal/arm64/books.abi.json (in target 'books' from project 'books')
    cd /Users/justingardner/Downloads/xcode/books_build2
    builtin-copy -exclude .DS_Store -exclude CVS -exclude .svn -exclude .git -exclude .hg -resolve-src-symlinks -rename /Users/justingardner/Library/Developer/Xcode/DerivedData/books-fpommwulutefkublemohbizwfike/Build/Intermediates.noindex/books.build/Debug-iphonesimulator/books.build/Objects-normal/arm64/books.abi.json /Users/justingardner/Library/Developer/Xcode/DerivedData/books-fpommwulutefkublemohbizwfike/Build/Products/Debug-iphonesimulator/books.swiftmodule/arm64-apple-ios-simulator.abi.json

Copy /Users/justingardner/Library/Developer/Xcode/DerivedData/books-fpommwulutefkublemohbizwfike/Build/Products/Debug-iphonesimulator/books.swiftmodule/Project/arm64-apple-ios-simulator.swiftsourceinfo /Users/justingardner/Library/Developer/Xcode/DerivedData/books-fpommwulutefkublemohbizwfike/Build/Intermediates.noindex/books.build/Debug-iphonesimulator/books.build/Objects-normal/arm64/books.swiftsourceinfo (in target 'books' from project 'books')
    cd /Users/justingardner/Downloads/xcode/books_build2
    builtin-copy -exclude .DS_Store -exclude CVS -exclude .svn -exclude .git -exclude .hg -resolve-src-symlinks -rename /Users/justingardner/Library/Developer/Xcode/DerivedData/books-fpommwulutefkublemohbizwfike/Build/Intermediates.noindex/books.build/Debug-iphonesimulator/books.build/Objects-normal/arm64/books.swiftsourceinfo /Users/justingardner/Library/Developer/Xcode/DerivedData/books-fpommwulutefkublemohbizwfike/Build/Products/Debug-iphonesimulator/books.swiftmodule/Project/arm64-apple-ios-simulator.swiftsourceinfo

SwiftCompile normal arm64 Compiling\ ColumnMappingView.swift,\ SharedComponents.swift,\ GeneratedAssetSymbols.swift /Users/justingardner/Downloads/xcode/books_build2/books/Views/Import/ColumnMappingView.swift /Users/justingardner/Downloads/xcode/books_build2/books/Views/Components/SharedComponents.swift /Users/justingardner/Library/Developer/Xcode/DerivedData/books-fpommwulutefkublemohbizwfike/Build/Intermediates.noindex/books.build/Debug-iphonesimulator/books.build/DerivedSources/GeneratedAssetSymbols.swift (in target 'books' from project 'books')

SwiftCompile normal arm64 /Users/justingardner/Downloads/xcode/books_build2/books/Views/Import/ColumnMappingView.swift (in target 'books' from project 'books')
    cd /Users/justingardner/Downloads/xcode/books_build2
    

SwiftCompile normal arm64 /Users/justingardner/Downloads/xcode/books_build2/books/Views/Components/SharedComponents.swift (in target 'books' from project 'books')
    cd /Users/justingardner/Downloads/xcode/books_build2
    

SwiftCompile normal arm64 /Users/justingardner/Library/Developer/Xcode/DerivedData/books-fpommwulutefkublemohbizwfike/Build/Intermediates.noindex/books.build/Debug-iphonesimulator/books.build/DerivedSources/GeneratedAssetSymbols.swift (in target 'books' from project 'books')
    cd /Users/justingardner/Downloads/xcode/books_build2
    

SwiftCompile normal arm64 Compiling\ ContentView.swift,\ GoalSettingsView.swift,\ UIColor+Luminance.swift,\ StatusBarBackgroundModifier.swift /Users/justingardner/Downloads/xcode/books_build2/books/Views/Main/ContentView.swift /Users/justingardner/Downloads/xcode/books_build2/books/Views/Components/GoalSettingsView.swift /Users/justingardner/Downloads/xcode/books_build2/books/Extensions/UIColor+Luminance.swift /Users/justingardner/Downloads/xcode/books_build2/books/Theme/StatusBarBackgroundModifier.swift (in target 'books' from project 'books')

SwiftCompile normal arm64 /Users/justingardner/Downloads/xcode/books_build2/books/Views/Main/ContentView.swift (in target 'books' from project 'books')
    cd /Users/justingardner/Downloads/xcode/books_build2
    

SwiftCompile normal arm64 /Users/justingardner/Downloads/xcode/books_build2/books/Views/Components/GoalSettingsView.swift (in target 'books' from project 'books')
    cd /Users/justingardner/Downloads/xcode/books_build2
    

SwiftCompile normal arm64 /Users/justingardner/Downloads/xcode/books_build2/books/Extensions/UIColor+Luminance.swift (in target 'books' from project 'books')
    cd /Users/justingardner/Downloads/xcode/books_build2
    

SwiftCompile normal arm64 /Users/justingardner/Downloads/xcode/books_build2/books/Theme/StatusBarBackgroundModifier.swift (in target 'books' from project 'books')
    cd /Users/justingardner/Downloads/xcode/books_build2
    

SwiftDriverJobDiscovery normal arm64 Compiling ThemePickerView.swift, CSVImportService.swift (in target 'books' from project 'books')

SwiftCompile normal arm64 Compiling\ ImportPreviewView.swift,\ ThemePreviewCard.swift,\ DataQualityIndicator.swift,\ iCloudLoginView.swift /Users/justingardner/Downloads/xcode/books_build2/books/Views/Import/ImportPreviewView.swift /Users/justingardner/Downloads/xcode/books_build2/books/Views/Components/ThemePreviewCard.swift /Users/justingardner/Downloads/xcode/books_build2/books/Views/Components/DataQualityIndicator.swift /Users/justingardner/Downloads/xcode/books_build2/books/Views/Onboarding/iCloudLoginView.swift (in target 'books' from project 'books')

SwiftCompile normal arm64 /Users/justingardner/Downloads/xcode/books_build2/books/Views/Import/ImportPreviewView.swift (in target 'books' from project 'books')
    cd /Users/justingardner/Downloads/xcode/books_build2
    

SwiftCompile normal arm64 /Users/justingardner/Downloads/xcode/books_build2/books/Views/Components/ThemePreviewCard.swift (in target 'books' from project 'books')
    cd /Users/justingardner/Downloads/xcode/books_build2
    

SwiftCompile normal arm64 /Users/justingardner/Downloads/xcode/books_build2/books/Views/Components/DataQualityIndicator.swift (in target 'books' from project 'books')
    cd /Users/justingardner/Downloads/xcode/books_build2
    

SwiftCompile normal arm64 /Users/justingardner/Downloads/xcode/books_build2/books/Views/Onboarding/iCloudLoginView.swift (in target 'books' from project 'books')
    cd /Users/justingardner/Downloads/xcode/books_build2
    

SwiftDriverJobDiscovery normal arm64 Compiling LibraryResetService.swift, UnifiedBookComponents.swift, LibraryResetConfirmationView.swift (in target 'books' from project 'books')

SwiftDriver booksUITests normal arm64 com.apple.xcode.tools.swift.compiler (in target 'booksUITests' from project 'books')
    cd /Users/justingardner/Downloads/xcode/books_build2
    builtin-SwiftDriver -- /Applications/Xcode.app/Contents/Developer/Toolchains/XcodeDefault.xctoolchain/usr/bin/swiftc -module-name booksUITests -Onone -enforce-exclusivity\=checked @/Users/justingardner/Library/Developer/Xcode/DerivedData/books-fpommwulutefkublemohbizwfike/Build/Intermediates.noindex/books.build/Debug-iphonesimulator/booksUITests.build/Objects-normal/arm64/booksUITests.SwiftFileList -DDEBUG -module-alias Testing\=_Testing_Unavailable -plugin-path /Applications/Xcode.app/Contents/Developer/Toolchains/XcodeDefault.xctoolchain/usr/lib/swift/host/plugins/testing -enable-bare-slash-regex -enable-experimental-feature DebugDescriptionMacro -sdk /Applications/Xcode.app/Contents/Developer/Platforms/iPhoneSimulator.platform/Developer/SDKs/iPhoneSimulator18.5.sdk -target arm64-apple-ios18.0-simulator -g -module-cache-path /Users/justingardner/Library/Developer/Xcode/DerivedData/ModuleCache.noindex -Xfrontend -serialize-debugging-options -profile-coverage-mapping -profile-generate -enable-testing -index-store-path /Users/justingardner/Library/Developer/Xcode/DerivedData/books-fpommwulutefkublemohbizwfike/Index.noindex/DataStore -swift-version 5 -I /Users/justingardner/Library/Developer/Xcode/DerivedData/books-fpommwulutefkublemohbizwfike/Build/Products/Debug-iphonesimulator -I /Applications/Xcode.app/Contents/Developer/Platforms/iPhoneSimulator.platform/Developer/usr/lib -F /Users/justingardner/Library/Developer/Xcode/DerivedData/books-fpommwulutefkublemohbizwfike/Build/Products/Debug-iphonesimulator -F /Applications/Xcode.app/Contents/Developer/Platforms/iPhoneSimulator.platform/Developer/Library/Frameworks -F /Applications/Xcode.app/Contents/Developer/Platforms/iPhoneSimulator.platform/Developer/SDKs/iPhoneSimulator18.5.sdk/Developer/Library/Frameworks -c -j12 -enable-batch-mode -incremental -Xcc -ivfsstatcache -Xcc /Users/justingardner/Library/Developer/Xcode/DerivedData/SDKStatCaches.noindex/iphonesimulator18.5-22F76-d5fc8ad4295d2ef488fb7d0f804ce0c4.sdkstatcache -output-file-map /Users/justingardner/Library/Developer/Xcode/DerivedData/books-fpommwulutefkublemohbizwfike/Build/Intermediates.noindex/books.build/Debug-iphonesimulator/booksUITests.build/Objects-normal/arm64/booksUITests-OutputFileMap.json -use-frontend-parseable-output -save-temps -no-color-diagnostics -serialize-diagnostics -emit-dependencies -emit-module -emit-module-path /Users/justingardner/Library/Developer/Xcode/DerivedData/books-fpommwulutefkublemohbizwfike/Build/Intermediates.noindex/books.build/Debug-iphonesimulator/booksUITests.build/Objects-normal/arm64/booksUITests.swiftmodule -validate-clang-modules-once -clang-build-session-file /Users/justingardner/Library/Developer/Xcode/DerivedData/ModuleCache.noindex/Session.modulevalidation -Xcc -I/Users/justingardner/Library/Developer/Xcode/DerivedData/books-fpommwulutefkublemohbizwfike/Build/Intermediates.noindex/books.build/Debug-iphonesimulator/booksUITests.build/swift-overrides.hmap -emit-const-values -Xfrontend -const-gather-protocols-file -Xfrontend /Users/justingardner/Library/Developer/Xcode/DerivedData/books-fpommwulutefkublemohbizwfike/Build/Intermediates.noindex/books.build/Debug-iphonesimulator/booksUITests.build/Objects-normal/arm64/booksUITests_const_extract_protocols.json -Xcc -iquote -Xcc /Users/justingardner/Library/Developer/Xcode/DerivedData/books-fpommwulutefkublemohbizwfike/Build/Intermediates.noindex/books.build/Debug-iphonesimulator/booksUITests.build/booksUITests-generated-files.hmap -Xcc -I/Users/justingardner/Library/Developer/Xcode/DerivedData/books-fpommwulutefkublemohbizwfike/Build/Intermediates.noindex/books.build/Debug-iphonesimulator/booksUITests.build/booksUITests-own-target-headers.hmap -Xcc -I/Users/justingardner/Library/Developer/Xcode/DerivedData/books-fpommwulutefkublemohbizwfike/Build/Intermediates.noindex/books.build/Debug-iphonesimulator/booksUITests.build/booksUITests-all-target-headers.hmap -Xcc -iquote -Xcc /Users/justingardner/Library/Developer/Xcode/DerivedData/books-fpommwulutefkublemohbizwfike/Build/Intermediates.noindex/books.build/Debug-iphonesimulator/booksUITests.build/booksUITests-project-headers.hmap -Xcc -I/Users/justingardner/Library/Developer/Xcode/DerivedData/books-fpommwulutefkublemohbizwfike/Build/Products/Debug-iphonesimulator/include -Xcc -I/Users/justingardner/Library/Developer/Xcode/DerivedData/books-fpommwulutefkublemohbizwfike/Build/Intermediates.noindex/books.build/Debug-iphonesimulator/booksUITests.build/DerivedSources-normal/arm64 -Xcc -I/Users/justingardner/Library/Developer/Xcode/DerivedData/books-fpommwulutefkublemohbizwfike/Build/Intermediates.noindex/books.build/Debug-iphonesimulator/booksUITests.build/DerivedSources/arm64 -Xcc -I/Users/justingardner/Library/Developer/Xcode/DerivedData/books-fpommwulutefkublemohbizwfike/Build/Intermediates.noindex/books.build/Debug-iphonesimulator/booksUITests.build/DerivedSources -Xcc -DDEBUG\=1 -emit-objc-header -emit-objc-header-path /Users/justingardner/Library/Developer/Xcode/DerivedData/books-fpommwulutefkublemohbizwfike/Build/Intermediates.noindex/books.build/Debug-iphonesimulator/booksUITests.build/Objects-normal/arm64/booksUITests-Swift.h -working-directory /Users/justingardner/Downloads/xcode/books_build2 -experimental-emit-module-separately -disable-cmo

SwiftDriverJobDiscovery normal arm64 Compiling SettingsView.swift, SearchResultDetailView.swift (in target 'books' from project 'books')

SwiftDriver booksTests normal arm64 com.apple.xcode.tools.swift.compiler (in target 'booksTests' from project 'books')
    cd /Users/justingardner/Downloads/xcode/books_build2
    builtin-SwiftDriver -- /Applications/Xcode.app/Contents/Developer/Toolchains/XcodeDefault.xctoolchain/usr/bin/swiftc -module-name booksTests -Onone -enforce-exclusivity\=checked @/Users/justingardner/Library/Developer/Xcode/DerivedData/books-fpommwulutefkublemohbizwfike/Build/Intermediates.noindex/books.build/Debug-iphonesimulator/booksTests.build/Objects-normal/arm64/booksTests.SwiftFileList -DDEBUG -plugin-path /Applications/Xcode.app/Contents/Developer/Toolchains/XcodeDefault.xctoolchain/usr/lib/swift/host/plugins/testing -enable-bare-slash-regex -enable-experimental-feature DebugDescriptionMacro -sdk /Applications/Xcode.app/Contents/Developer/Platforms/iPhoneSimulator.platform/Developer/SDKs/iPhoneSimulator18.5.sdk -target arm64-apple-ios18.0-simulator -g -module-cache-path /Users/justingardner/Library/Developer/Xcode/DerivedData/ModuleCache.noindex -Xfrontend -serialize-debugging-options -profile-coverage-mapping -profile-generate -enable-testing -index-store-path /Users/justingardner/Library/Developer/Xcode/DerivedData/books-fpommwulutefkublemohbizwfike/Index.noindex/DataStore -swift-version 5 -I /Users/justingardner/Library/Developer/Xcode/DerivedData/books-fpommwulutefkublemohbizwfike/Build/Products/Debug-iphonesimulator -I /Applications/Xcode.app/Contents/Developer/Platforms/iPhoneSimulator.platform/Developer/usr/lib -F /Users/justingardner/Library/Developer/Xcode/DerivedData/books-fpommwulutefkublemohbizwfike/Build/Products/Debug-iphonesimulator -F /Applications/Xcode.app/Contents/Developer/Platforms/iPhoneSimulator.platform/Developer/Library/Frameworks -F /Applications/Xcode.app/Contents/Developer/Platforms/iPhoneSimulator.platform/Developer/SDKs/iPhoneSimulator18.5.sdk/Developer/Library/Frameworks -c -j12 -enable-batch-mode -incremental -Xcc -ivfsstatcache -Xcc /Users/justingardner/Library/Developer/Xcode/DerivedData/SDKStatCaches.noindex/iphonesimulator18.5-22F76-d5fc8ad4295d2ef488fb7d0f804ce0c4.sdkstatcache -output-file-map /Users/justingardner/Library/Developer/Xcode/DerivedData/books-fpommwulutefkublemohbizwfike/Build/Intermediates.noindex/books.build/Debug-iphonesimulator/booksTests.build/Objects-normal/arm64/booksTests-OutputFileMap.json -use-frontend-parseable-output -save-temps -no-color-diagnostics -serialize-diagnostics -emit-dependencies -emit-module -emit-module-path /Users/justingardner/Library/Developer/Xcode/DerivedData/books-fpommwulutefkublemohbizwfike/Build/Intermediates.noindex/books.build/Debug-iphonesimulator/booksTests.build/Objects-normal/arm64/booksTests.swiftmodule -validate-clang-modules-once -clang-build-session-file /Users/justingardner/Library/Developer/Xcode/DerivedData/ModuleCache.noindex/Session.modulevalidation -Xcc -I/Users/justingardner/Library/Developer/Xcode/DerivedData/books-fpommwulutefkublemohbizwfike/Build/Intermediates.noindex/books.build/Debug-iphonesimulator/booksTests.build/swift-overrides.hmap -emit-const-values -Xfrontend -const-gather-protocols-file -Xfrontend /Users/justingardner/Library/Developer/Xcode/DerivedData/books-fpommwulutefkublemohbizwfike/Build/Intermediates.noindex/books.build/Debug-iphonesimulator/booksTests.build/Objects-normal/arm64/booksTests_const_extract_protocols.json -Xcc -iquote -Xcc /Users/justingardner/Library/Developer/Xcode/DerivedData/books-fpommwulutefkublemohbizwfike/Build/Intermediates.noindex/books.build/Debug-iphonesimulator/booksTests.build/booksTests-generated-files.hmap -Xcc -I/Users/justingardner/Library/Developer/Xcode/DerivedData/books-fpommwulutefkublemohbizwfike/Build/Intermediates.noindex/books.build/Debug-iphonesimulator/booksTests.build/booksTests-own-target-headers.hmap -Xcc -I/Users/justingardner/Library/Developer/Xcode/DerivedData/books-fpommwulutefkublemohbizwfike/Build/Intermediates.noindex/books.build/Debug-iphonesimulator/booksTests.build/booksTests-all-target-headers.hmap -Xcc -iquote -Xcc /Users/justingardner/Library/Developer/Xcode/DerivedData/books-fpommwulutefkublemohbizwfike/Build/Intermediates.noindex/books.build/Debug-iphonesimulator/booksTests.build/booksTests-project-headers.hmap -Xcc -I/Users/justingardner/Library/Developer/Xcode/DerivedData/books-fpommwulutefkublemohbizwfike/Build/Products/Debug-iphonesimulator/include -Xcc -I/Users/justingardner/Library/Developer/Xcode/DerivedData/books-fpommwulutefkublemohbizwfike/Build/Intermediates.noindex/books.build/Debug-iphonesimulator/booksTests.build/DerivedSources-normal/arm64 -Xcc -I/Users/justingardner/Library/Developer/Xcode/DerivedData/books-fpommwulutefkublemohbizwfike/Build/Intermediates.noindex/books.build/Debug-iphonesimulator/booksTests.build/DerivedSources/arm64 -Xcc -I/Users/justingardner/Library/Developer/Xcode/DerivedData/books-fpommwulutefkublemohbizwfike/Build/Intermediates.noindex/books.build/Debug-iphonesimulator/booksTests.build/DerivedSources -Xcc -DDEBUG\=1 -emit-objc-header -emit-objc-header-path /Users/justingardner/Library/Developer/Xcode/DerivedData/books-fpommwulutefkublemohbizwfike/Build/Intermediates.noindex/books.build/Debug-iphonesimulator/booksTests.build/Objects-normal/arm64/booksTests-Swift.h -working-directory /Users/justingardner/Downloads/xcode/books_build2 -experimental-emit-module-separately -disable-cmo

SwiftDriver\ Compilation\ Requirements booksUITests normal arm64 com.apple.xcode.tools.swift.compiler (in target 'booksUITests' from project 'books')
    cd /Users/justingardner/Downloads/xcode/books_build2
    builtin-Swift-Compilation-Requirements -- /Applications/Xcode.app/Contents/Developer/Toolchains/XcodeDefault.xctoolchain/usr/bin/swiftc -module-name booksUITests -Onone -enforce-exclusivity\=checked @/Users/justingardner/Library/Developer/Xcode/DerivedData/books-fpommwulutefkublemohbizwfike/Build/Intermediates.noindex/books.build/Debug-iphonesimulator/booksUITests.build/Objects-normal/arm64/booksUITests.SwiftFileList -DDEBUG -module-alias Testing\=_Testing_Unavailable -plugin-path /Applications/Xcode.app/Contents/Developer/Toolchains/XcodeDefault.xctoolchain/usr/lib/swift/host/plugins/testing -enable-bare-slash-regex -enable-experimental-feature DebugDescriptionMacro -sdk /Applications/Xcode.app/Contents/Developer/Platforms/iPhoneSimulator.platform/Developer/SDKs/iPhoneSimulator18.5.sdk -target arm64-apple-ios18.0-simulator -g -module-cache-path /Users/justingardner/Library/Developer/Xcode/DerivedData/ModuleCache.noindex -Xfrontend -serialize-debugging-options -profile-coverage-mapping -profile-generate -enable-testing -index-store-path /Users/justingardner/Library/Developer/Xcode/DerivedData/books-fpommwulutefkublemohbizwfike/Index.noindex/DataStore -swift-version 5 -I /Users/justingardner/Library/Developer/Xcode/DerivedData/books-fpommwulutefkublemohbizwfike/Build/Products/Debug-iphonesimulator -I /Applications/Xcode.app/Contents/Developer/Platforms/iPhoneSimulator.platform/Developer/usr/lib -F /Users/justingardner/Library/Developer/Xcode/DerivedData/books-fpommwulutefkublemohbizwfike/Build/Products/Debug-iphonesimulator -F /Applications/Xcode.app/Contents/Developer/Platforms/iPhoneSimulator.platform/Developer/Library/Frameworks -F /Applications/Xcode.app/Contents/Developer/Platforms/iPhoneSimulator.platform/Developer/SDKs/iPhoneSimulator18.5.sdk/Developer/Library/Frameworks -c -j12 -enable-batch-mode -incremental -Xcc -ivfsstatcache -Xcc /Users/justingardner/Library/Developer/Xcode/DerivedData/SDKStatCaches.noindex/iphonesimulator18.5-22F76-d5fc8ad4295d2ef488fb7d0f804ce0c4.sdkstatcache -output-file-map /Users/justingardner/Library/Developer/Xcode/DerivedData/books-fpommwulutefkublemohbizwfike/Build/Intermediates.noindex/books.build/Debug-iphonesimulator/booksUITests.build/Objects-normal/arm64/booksUITests-OutputFileMap.json -use-frontend-parseable-output -save-temps -no-color-diagnostics -serialize-diagnostics -emit-dependencies -emit-module -emit-module-path /Users/justingardner/Library/Developer/Xcode/DerivedData/books-fpommwulutefkublemohbizwfike/Build/Intermediates.noindex/books.build/Debug-iphonesimulator/booksUITests.build/Objects-normal/arm64/booksUITests.swiftmodule -validate-clang-modules-once -clang-build-session-file /Users/justingardner/Library/Developer/Xcode/DerivedData/ModuleCache.noindex/Session.modulevalidation -Xcc -I/Users/justingardner/Library/Developer/Xcode/DerivedData/books-fpommwulutefkublemohbizwfike/Build/Intermediates.noindex/books.build/Debug-iphonesimulator/booksUITests.build/swift-overrides.hmap -emit-const-values -Xfrontend -const-gather-protocols-file -Xfrontend /Users/justingardner/Library/Developer/Xcode/DerivedData/books-fpommwulutefkublemohbizwfike/Build/Intermediates.noindex/books.build/Debug-iphonesimulator/booksUITests.build/Objects-normal/arm64/booksUITests_const_extract_protocols.json -Xcc -iquote -Xcc /Users/justingardner/Library/Developer/Xcode/DerivedData/books-fpommwulutefkublemohbizwfike/Build/Intermediates.noindex/books.build/Debug-iphonesimulator/booksUITests.build/booksUITests-generated-files.hmap -Xcc -I/Users/justingardner/Library/Developer/Xcode/DerivedData/books-fpommwulutefkublemohbizwfike/Build/Intermediates.noindex/books.build/Debug-iphonesimulator/booksUITests.build/booksUITests-own-target-headers.hmap -Xcc -I/Users/justingardner/Library/Developer/Xcode/DerivedData/books-fpommwulutefkublemohbizwfike/Build/Intermediates.noindex/books.build/Debug-iphonesimulator/booksUITests.build/booksUITests-all-target-headers.hmap -Xcc -iquote -Xcc /Users/justingardner/Library/Developer/Xcode/DerivedData/books-fpommwulutefkublemohbizwfike/Build/Intermediates.noindex/books.build/Debug-iphonesimulator/booksUITests.build/booksUITests-project-headers.hmap -Xcc -I/Users/justingardner/Library/Developer/Xcode/DerivedData/books-fpommwulutefkublemohbizwfike/Build/Products/Debug-iphonesimulator/include -Xcc -I/Users/justingardner/Library/Developer/Xcode/DerivedData/books-fpommwulutefkublemohbizwfike/Build/Intermediates.noindex/books.build/Debug-iphonesimulator/booksUITests.build/DerivedSources-normal/arm64 -Xcc -I/Users/justingardner/Library/Developer/Xcode/DerivedData/books-fpommwulutefkublemohbizwfike/Build/Intermediates.noindex/books.build/Debug-iphonesimulator/booksUITests.build/DerivedSources/arm64 -Xcc -I/Users/justingardner/Library/Developer/Xcode/DerivedData/books-fpommwulutefkublemohbizwfike/Build/Intermediates.noindex/books.build/Debug-iphonesimulator/booksUITests.build/DerivedSources -Xcc -DDEBUG\=1 -emit-objc-header -emit-objc-header-path /Users/justingardner/Library/Developer/Xcode/DerivedData/books-fpommwulutefkublemohbizwfike/Build/Intermediates.noindex/books.build/Debug-iphonesimulator/booksUITests.build/Objects-normal/arm64/booksUITests-Swift.h -working-directory /Users/justingardner/Downloads/xcode/books_build2 -experimental-emit-module-separately -disable-cmo

SwiftDriver\ Compilation booksUITests normal arm64 com.apple.xcode.tools.swift.compiler (in target 'booksUITests' from project 'books')
    cd /Users/justingardner/Downloads/xcode/books_build2
    builtin-Swift-Compilation -- /Applications/Xcode.app/Contents/Developer/Toolchains/XcodeDefault.xctoolchain/usr/bin/swiftc -module-name booksUITests -Onone -enforce-exclusivity\=checked @/Users/justingardner/Library/Developer/Xcode/DerivedData/books-fpommwulutefkublemohbizwfike/Build/Intermediates.noindex/books.build/Debug-iphonesimulator/booksUITests.build/Objects-normal/arm64/booksUITests.SwiftFileList -DDEBUG -module-alias Testing\=_Testing_Unavailable -plugin-path /Applications/Xcode.app/Contents/Developer/Toolchains/XcodeDefault.xctoolchain/usr/lib/swift/host/plugins/testing -enable-bare-slash-regex -enable-experimental-feature DebugDescriptionMacro -sdk /Applications/Xcode.app/Contents/Developer/Platforms/iPhoneSimulator.platform/Developer/SDKs/iPhoneSimulator18.5.sdk -target arm64-apple-ios18.0-simulator -g -module-cache-path /Users/justingardner/Library/Developer/Xcode/DerivedData/ModuleCache.noindex -Xfrontend -serialize-debugging-options -profile-coverage-mapping -profile-generate -enable-testing -index-store-path /Users/justingardner/Library/Developer/Xcode/DerivedData/books-fpommwulutefkublemohbizwfike/Index.noindex/DataStore -swift-version 5 -I /Users/justingardner/Library/Developer/Xcode/DerivedData/books-fpommwulutefkublemohbizwfike/Build/Products/Debug-iphonesimulator -I /Applications/Xcode.app/Contents/Developer/Platforms/iPhoneSimulator.platform/Developer/usr/lib -F /Users/justingardner/Library/Developer/Xcode/DerivedData/books-fpommwulutefkublemohbizwfike/Build/Products/Debug-iphonesimulator -F /Applications/Xcode.app/Contents/Developer/Platforms/iPhoneSimulator.platform/Developer/Library/Frameworks -F /Applications/Xcode.app/Contents/Developer/Platforms/iPhoneSimulator.platform/Developer/SDKs/iPhoneSimulator18.5.sdk/Developer/Library/Frameworks -c -j12 -enable-batch-mode -incremental -Xcc -ivfsstatcache -Xcc /Users/justingardner/Library/Developer/Xcode/DerivedData/SDKStatCaches.noindex/iphonesimulator18.5-22F76-d5fc8ad4295d2ef488fb7d0f804ce0c4.sdkstatcache -output-file-map /Users/justingardner/Library/Developer/Xcode/DerivedData/books-fpommwulutefkublemohbizwfike/Build/Intermediates.noindex/books.build/Debug-iphonesimulator/booksUITests.build/Objects-normal/arm64/booksUITests-OutputFileMap.json -use-frontend-parseable-output -save-temps -no-color-diagnostics -serialize-diagnostics -emit-dependencies -emit-module -emit-module-path /Users/justingardner/Library/Developer/Xcode/DerivedData/books-fpommwulutefkublemohbizwfike/Build/Intermediates.noindex/books.build/Debug-iphonesimulator/booksUITests.build/Objects-normal/arm64/booksUITests.swiftmodule -validate-clang-modules-once -clang-build-session-file /Users/justingardner/Library/Developer/Xcode/DerivedData/ModuleCache.noindex/Session.modulevalidation -Xcc -I/Users/justingardner/Library/Developer/Xcode/DerivedData/books-fpommwulutefkublemohbizwfike/Build/Intermediates.noindex/books.build/Debug-iphonesimulator/booksUITests.build/swift-overrides.hmap -emit-const-values -Xfrontend -const-gather-protocols-file -Xfrontend /Users/justingardner/Library/Developer/Xcode/DerivedData/books-fpommwulutefkublemohbizwfike/Build/Intermediates.noindex/books.build/Debug-iphonesimulator/booksUITests.build/Objects-normal/arm64/booksUITests_const_extract_protocols.json -Xcc -iquote -Xcc /Users/justingardner/Library/Developer/Xcode/DerivedData/books-fpommwulutefkublemohbizwfike/Build/Intermediates.noindex/books.build/Debug-iphonesimulator/booksUITests.build/booksUITests-generated-files.hmap -Xcc -I/Users/justingardner/Library/Developer/Xcode/DerivedData/books-fpommwulutefkublemohbizwfike/Build/Intermediates.noindex/books.build/Debug-iphonesimulator/booksUITests.build/booksUITests-own-target-headers.hmap -Xcc -I/Users/justingardner/Library/Developer/Xcode/DerivedData/books-fpommwulutefkublemohbizwfike/Build/Intermediates.noindex/books.build/Debug-iphonesimulator/booksUITests.build/booksUITests-all-target-headers.hmap -Xcc -iquote -Xcc /Users/justingardner/Library/Developer/Xcode/DerivedData/books-fpommwulutefkublemohbizwfike/Build/Intermediates.noindex/books.build/Debug-iphonesimulator/booksUITests.build/booksUITests-project-headers.hmap -Xcc -I/Users/justingardner/Library/Developer/Xcode/DerivedData/books-fpommwulutefkublemohbizwfike/Build/Products/Debug-iphonesimulator/include -Xcc -I/Users/justingardner/Library/Developer/Xcode/DerivedData/books-fpommwulutefkublemohbizwfike/Build/Intermediates.noindex/books.build/Debug-iphonesimulator/booksUITests.build/DerivedSources-normal/arm64 -Xcc -I/Users/justingardner/Library/Developer/Xcode/DerivedData/books-fpommwulutefkublemohbizwfike/Build/Intermediates.noindex/books.build/Debug-iphonesimulator/booksUITests.build/DerivedSources/arm64 -Xcc -I/Users/justingardner/Library/Developer/Xcode/DerivedData/books-fpommwulutefkublemohbizwfike/Build/Intermediates.noindex/books.build/Debug-iphonesimulator/booksUITests.build/DerivedSources -Xcc -DDEBUG\=1 -emit-objc-header -emit-objc-header-path /Users/justingardner/Library/Developer/Xcode/DerivedData/books-fpommwulutefkublemohbizwfike/Build/Intermediates.noindex/books.build/Debug-iphonesimulator/booksUITests.build/Objects-normal/arm64/booksUITests-Swift.h -working-directory /Users/justingardner/Downloads/xcode/books_build2 -experimental-emit-module-separately -disable-cmo

SwiftEmitModule normal arm64 Emitting\ module\ for\ booksTests (in target 'booksTests' from project 'books')

EmitSwiftModule normal arm64 (in target 'booksTests' from project 'books')
    cd /Users/justingardner/Downloads/xcode/books_build2
    

SwiftCompile normal arm64 Compiling\ booksTests.swift,\ LibraryResetTests.swift,\ BookTrackerTestSuite.swift /Users/justingardner/Downloads/xcode/books_build2/booksTests/booksTests.swift /Users/justingardner/Downloads/xcode/books_build2/booksTests/LibraryResetTests.swift /Users/justingardner/Downloads/xcode/books_build2/booksTests/BookTrackerTestSuite.swift (in target 'booksTests' from project 'books')

SwiftCompile normal arm64 /Users/justingardner/Downloads/xcode/books_build2/booksTests/booksTests.swift (in target 'booksTests' from project 'books')
    cd /Users/justingardner/Downloads/xcode/books_build2
    

SwiftCompile normal arm64 /Users/justingardner/Downloads/xcode/books_build2/booksTests/LibraryResetTests.swift (in target 'booksTests' from project 'books')
    cd /Users/justingardner/Downloads/xcode/books_build2
    
/Users/justingardner/Downloads/xcode/books_build2/booksTests/LibraryResetTests.swift:20:45: warning: non-sendable type 'ModelContext' of property 'mainContext' cannot exit main actor-isolated context; this is an error in the Swift 6 language mode
        modelContext = await modelContainer.mainContext
                                            ^
SwiftData.ModelContext:3:14: note: class 'ModelContext' does not conform to the 'Sendable' protocol
public class ModelContext : Equatable {
             ^
/Users/justingardner/Downloads/xcode/books_build2/booksTests/LibraryResetTests.swift:305:28: warning: capture of 'self' with non-sendable type 'LibraryResetTests' in a '@Sendable' closure
            XCTAssertEqual(self.resetViewModel.holdProgress, 0.0)
                           ^
/Users/justingardner/Downloads/xcode/books_build2/booksTests/LibraryResetTests.swift:6:13: note: class 'LibraryResetTests' does not conform to the 'Sendable' protocol
final class LibraryResetTests: XCTestCase {
            ^

SwiftCompile normal arm64 /Users/justingardner/Downloads/xcode/books_build2/booksTests/BookTrackerTestSuite.swift (in target 'booksTests' from project 'books')
    cd /Users/justingardner/Downloads/xcode/books_build2
    

SwiftDriverJobDiscovery normal arm64 Compiling LibraryFilterView.swift, Theme.swift, PerformanceMonitor.swift, LibraryView.swift (in target 'books' from project 'books')

SwiftCompile normal arm64 Compiling\ IntegrationTests.swift,\ ViewTests.swift,\ UserBookModelTests.swift /Users/justingardner/Downloads/xcode/books_build2/booksTests/IntegrationTests.swift /Users/justingardner/Downloads/xcode/books_build2/booksTests/ViewTests.swift /Users/justingardner/Downloads/xcode/books_build2/booksTests/UserBookModelTests.swift (in target 'booksTests' from project 'books')
SwiftCompile normal arm64 /Users/justingardner/Downloads/xcode/books_build2/booksTests/IntegrationTests.swift (in target 'booksTests' from project 'books')
    cd /Users/justingardner/Downloads/xcode/books_build2
    

SwiftCompile normal arm64 /Users/justingardner/Downloads/xcode/books_build2/booksTests/ViewTests.swift (in target 'booksTests' from project 'books')
    cd /Users/justingardner/Downloads/xcode/books_build2
    

SwiftCompile normal arm64 /Users/justingardner/Downloads/xcode/books_build2/booksTests/UserBookModelTests.swift (in target 'booksTests' from project 'books')
    cd /Users/justingardner/Downloads/xcode/books_build2
    

SwiftDriverJobDiscovery normal arm64 Compiling StatsView.swift, RatingGestureModifier.swift (in target 'books' from project 'books')

SwiftCompile normal arm64 Compiling\ ErrorHandlingAndRetryLogicTests.swift,\ SimpleISBNLookupServiceTests.swift /Users/justingardner/Downloads/xcode/books_build2/booksTests/ErrorHandlingAndRetryLogicTests.swift /Users/justingardner/Downloads/xcode/books_build2/booksTests/SimpleISBNLookupServiceTests.swift (in target 'booksTests' from project 'books')
SwiftCompile normal arm64 /Users/justingardner/Downloads/xcode/books_build2/booksTests/ErrorHandlingAndRetryLogicTests.swift (in target 'booksTests' from project 'books')
    cd /Users/justingardner/Downloads/xcode/books_build2
    

SwiftCompile normal arm64 /Users/justingardner/Downloads/xcode/books_build2/booksTests/SimpleISBNLookupServiceTests.swift (in target 'booksTests' from project 'books')
    cd /Users/justingardner/Downloads/xcode/books_build2
    

SwiftDriverJobDiscovery normal arm64 Compiling CSVImportView.swift, SupportingViews.swift, DataValidationService.swift (in target 'books' from project 'books')

SwiftCompile normal arm64 Compiling\ CSVParserISBNTests.swift,\ BackgroundProcessingResumeTests.swift /Users/justingardner/Downloads/xcode/books_build2/booksTests/CSVParserISBNTests.swift /Users/justingardner/Downloads/xcode/books_build2/booksTests/BackgroundProcessingResumeTests.swift (in target 'booksTests' from project 'books')
Failed frontend command:
/Applications/Xcode.app/Contents/Developer/Toolchains/XcodeDefault.xctoolchain/usr/bin/swift-frontend -frontend -c /Users/justingardner/Downloads/xcode/books_build2/booksTests/ImageCacheTests.swift /Users/justingardner/Downloads/xcode/books_build2/booksTests/BookSearchServiceTests.swift /Users/justingardner/Downloads/xcode/books_build2/booksTests/AdaptiveRateLimitingTests.swift /Users/justingardner/Downloads/xcode/books_build2/booksTests/IntegrationTests.swift /Users/justingardner/Downloads/xcode/books_build2/booksTests/ViewTests.swift /Users/justingardner/Downloads/xcode/books_build2/booksTests/UserBookModelTests.swift /Users/justingardner/Downloads/xcode/books_build2/booksTests/booksTests.swift /Users/justingardner/Downloads/xcode/books_build2/booksTests/LibraryResetTests.swift /Users/justingardner/Downloads/xcode/books_build2/booksTests/BookTrackerTestSuite.swift /Users/justingardner/Downloads/xcode/books_build2/booksTests/MockStrategiesAndNetworkTesting.swift /Users/justingardner/Downloads/xcode/books_build2/booksTests/CSVImportTests.swift /Users/justingardner/Downloads/xcode/books_build2/booksTests/ModelContainerTests.swift /Users/justingardner/Downloads/xcode/books_build2/booksTests/CSVImportWorkflowTests.swift /Users/justingardner/Downloads/xcode/books_build2/booksTests/ModelTests.swift -primary-file /Users/justingardner/Downloads/xcode/books_build2/booksTests/CSVParserISBNTests.swift -primary-file /Users/justingardner/Downloads/xcode/books_build2/booksTests/BackgroundProcessingResumeTests.swift /Users/justingardner/Downloads/xcode/books_build2/booksTests/PerformanceTestingStrategy.swift /Users/justingardner/Downloads/xcode/books_build2/booksTests/CulturalDiversityTests.swift /Users/justingardner/Downloads/xcode/books_build2/booksTests/AppLaunchTests.swift /Users/justingardner/Downloads/xcode/books_build2/booksTests/PriorityQueueIntegrationTests.swift /Users/justingardner/Downloads/xcode/books_build2/booksTests/DataMergingLogicTests.swift /Users/justingardner/Downloads/xcode/books_build2/booksTests/ServiceIntegrationTests.swift /Users/justingardner/Downloads/xcode/books_build2/booksTests/DuplicateDetectionTests.swift /Users/justingardner/Downloads/xcode/books_build2/booksTests/ServiceProtocols.swift /Users/justingardner/Downloads/xcode/books_build2/booksTests/ErrorHandlingAndRetryLogicTests.swift /Users/justingardner/Downloads/xcode/books_build2/booksTests/SimpleISBNLookupServiceTests.swift /Users/justingardner/Downloads/xcode/books_build2/booksTests/HapticFeedbackTests.swift /Users/justingardner/Downloads/xcode/books_build2/booksTests/BarcodeScannerTests.swift -emit-dependencies-path /Users/justingardner/Library/Developer/Xcode/DerivedData/books-fpommwulutefkublemohbizwfike/Build/Intermediates.noindex/books.build/Debug-iphonesimulator/booksTests.build/Objects-normal/arm64/CSVParserISBNTests.d -emit-const-values-path /Users/justingardner/Library/Developer/Xcode/DerivedData/books-fpommwulutefkublemohbizwfike/Build/Intermediates.noindex/books.build/Debug-iphonesimulator/booksTests.build/Objects-normal/arm64/CSVParserISBNTests.swiftconstvalues -emit-reference-dependencies-path /Users/justingardner/Library/Developer/Xcode/DerivedData/books-fpommwulutefkublemohbizwfike/Build/Intermediates.noindex/books.build/Debug-iphonesimulator/booksTests.build/Objects-normal/arm64/CSVParserISBNTests.swiftdeps -serialize-diagnostics-path /Users/justingardner/Library/Developer/Xcode/DerivedData/books-fpommwulutefkublemohbizwfike/Build/Intermediates.noindex/books.build/Debug-iphonesimulator/booksTests.build/Objects-normal/arm64/CSVParserISBNTests.dia -emit-dependencies-path /Users/justingardner/Library/Developer/Xcode/DerivedData/books-fpommwulutefkublemohbizwfike/Build/Intermediates.noindex/books.build/Debug-iphonesimulator/booksTests.build/Objects-normal/arm64/BackgroundProcessingResumeTests.d -emit-const-values-path /Users/justingardner/Library/Developer/Xcode/DerivedData/books-fpommwulutefkublemohbizwfike/Build/Intermediates.noindex/books.build/Debug-iphonesimulator/booksTests.build/Objects-normal/arm64/BackgroundProcessingResumeTests.swiftconstvalues -emit-reference-dependencies-path /Users/justingardner/Library/Developer/Xcode/DerivedData/books-fpommwulutefkublemohbizwfike/Build/Intermediates.noindex/books.build/Debug-iphonesimulator/booksTests.build/Objects-normal/arm64/BackgroundProcessingResumeTests.swiftdeps -serialize-diagnostics-path /Users/justingardner/Library/Developer/Xcode/DerivedData/books-fpommwulutefkublemohbizwfike/Build/Intermediates.noindex/books.build/Debug-iphonesimulator/booksTests.build/Objects-normal/arm64/BackgroundProcessingResumeTests.dia -target arm64-apple-ios18.0-simulator -Xllvm -aarch64-use-tbi -enable-objc-interop -sdk /Applications/Xcode.app/Contents/Developer/Platforms/iPhoneSimulator.platform/Developer/SDKs/iPhoneSimulator18.5.sdk -I /Users/justingardner/Library/Developer/Xcode/DerivedData/books-fpommwulutefkublemohbizwfike/Build/Products/Debug-iphonesimulator -I /Applications/Xcode.app/Contents/Developer/Platforms/iPhoneSimulator.platform/Developer/usr/lib -F /Users/justingardner/Library/Developer/Xcode/DerivedData/books-fpommwulutefkublemohbizwfike/Build/Products/Debug-iphonesimulator -F /Applications/Xcode.app/Contents/Developer/Platforms/iPhoneSimulator.platform/Developer/Library/Frameworks -F /Applications/Xcode.app/Contents/Developer/Platforms/iPhoneSimulator.platform/Developer/SDKs/iPhoneSimulator18.5.sdk/Developer/Library/Frameworks -no-color-diagnostics -enable-testing -g -debug-info-format\=dwarf -dwarf-version\=5 -module-cache-path /Users/justingardner/Library/Developer/Xcode/DerivedData/ModuleCache.noindex -profile-generate -profile-coverage-mapping -swift-version 5 -enforce-exclusivity\=checked -Onone -D DEBUG -serialize-debugging-options -const-gather-protocols-file /Users/justingardner/Library/Developer/Xcode/DerivedData/books-fpommwulutefkublemohbizwfike/Build/Intermediates.noindex/books.build/Debug-iphonesimulator/booksTests.build/Objects-normal/arm64/booksTests_const_extract_protocols.json -enable-experimental-feature DebugDescriptionMacro -enable-bare-slash-regex -empty-abi-descriptor -plugin-path /Applications/Xcode.app/Contents/Developer/Toolchains/XcodeDefault.xctoolchain/usr/lib/swift/host/plugins/testing -validate-clang-modules-once -clang-build-session-file /Users/justingardner/Library/Developer/Xcode/DerivedData/ModuleCache.noindex/Session.modulevalidation -Xcc -working-directory -Xcc /Users/justingardner/Downloads/xcode/books_build2 -resource-dir /Applications/Xcode.app/Contents/Developer/Toolchains/XcodeDefault.xctoolchain/usr/lib/swift -enable-anonymous-context-mangled-names -file-compilation-dir /Users/justingardner/Downloads/xcode/books_build2 -Xcc -ivfsstatcache -Xcc /Users/justingardner/Library/Developer/Xcode/DerivedData/SDKStatCaches.noindex/iphonesimulator18.5-22F76-d5fc8ad4295d2ef488fb7d0f804ce0c4.sdkstatcache -Xcc -I/Users/justingardner/Library/Developer/Xcode/DerivedData/books-fpommwulutefkublemohbizwfike/Build/Intermediates.noindex/books.build/Debug-iphonesimulator/booksTests.build/swift-overrides.hmap -Xcc -iquote -Xcc /Users/justingardner/Library/Developer/Xcode/DerivedData/books-fpommwulutefkublemohbizwfike/Build/Intermediates.noindex/books.build/Debug-iphonesimulator/booksTests.build/booksTests-generated-files.hmap -Xcc -I/Users/justingardner/Library/Developer/Xcode/DerivedData/books-fpommwulutefkublemohbizwfike/Build/Intermediates.noindex/books.build/Debug-iphonesimulator/booksTests.build/booksTests-own-target-headers.hmap -Xcc -I/Users/justingardner/Library/Developer/Xcode/DerivedData/books-fpommwulutefkublemohbizwfike/Build/Intermediates.noindex/books.build/Debug-iphonesimulator/booksTests.build/booksTests-all-target-headers.hmap -Xcc -iquote -Xcc /Users/justingardner/Library/Developer/Xcode/DerivedData/books-fpommwulutefkublemohbizwfike/Build/Intermediates.noindex/books.build/Debug-iphonesimulator/booksTests.build/booksTests-project-headers.hmap -Xcc -I/Users/justingardner/Library/Developer/Xcode/DerivedData/books-fpommwulutefkublemohbizwfike/Build/Products/Debug-iphonesimulator/include -Xcc -I/Users/justingardner/Library/Developer/Xcode/DerivedData/books-fpommwulutefkublemohbizwfike/Build/Intermediates.noindex/books.build/Debug-iphonesimulator/booksTests.build/DerivedSources-normal/arm64 -Xcc -I/Users/justingardner/Library/Developer/Xcode/DerivedData/books-fpommwulutefkublemohbizwfike/Build/Intermediates.noindex/books.build/Debug-iphonesimulator/booksTests.build/DerivedSources/arm64 -Xcc -I/Users/justingardner/Library/Developer/Xcode/DerivedData/books-fpommwulutefkublemohbizwfike/Build/Intermediates.noindex/books.build/Debug-iphonesimulator/booksTests.build/DerivedSources -Xcc -DDEBUG\=1 -module-name booksTests -frontend-parseable-output -disable-clang-spi -target-sdk-version 18.5 -target-sdk-name iphonesimulator18.5 -external-plugin-path /Applications/Xcode.app/Contents/Developer/Platforms/iPhoneOS.platform/Developer/usr/lib/swift/host/plugins\#/Applications/Xcode.app/Contents/Developer/Platforms/iPhoneOS.platform/Developer/usr/bin/swift-plugin-server -external-plugin-path /Applications/Xcode.app/Contents/Developer/Platforms/iPhoneOS.platform/Developer/usr/local/lib/swift/host/plugins\#/Applications/Xcode.app/Contents/Developer/Platforms/iPhoneOS.platform/Developer/usr/bin/swift-plugin-server -in-process-plugin-server-path /Applications/Xcode.app/Contents/Developer/Toolchains/XcodeDefault.xctoolchain/usr/lib/swift/host/libSwiftInProcPluginServer.dylib -plugin-path /Applications/Xcode.app/Contents/Developer/Toolchains/XcodeDefault.xctoolchain/usr/lib/swift/host/plugins -plugin-path /Applications/Xcode.app/Contents/Developer/Toolchains/XcodeDefault.xctoolchain/usr/local/lib/swift/host/plugins -o /Users/justingardner/Library/Developer/Xcode/DerivedData/books-fpommwulutefkublemohbizwfike/Build/Intermediates.noindex/books.build/Debug-iphonesimulator/booksTests.build/Objects-normal/arm64/CSVParserISBNTests.o -o /Users/justingardner/Library/Developer/Xcode/DerivedData/books-fpommwulutefkublemohbizwfike/Build/Intermediates.noindex/books.build/Debug-iphonesimulator/booksTests.build/Objects-normal/arm64/BackgroundProcessingResumeTests.o -index-unit-output-path /books.build/Debug-iphonesimulator/booksTests.build/Objects-normal/arm64/CSVParserISBNTests.o -index-unit-output-path /books.build/Debug-iphonesimulator/booksTests.build/Objects-normal/arm64/BackgroundProcessingResumeTests.o -index-store-path /Users/justingardner/Library/Developer/Xcode/DerivedData/books-fpommwulutefkublemohbizwfike/Index.noindex/DataStore -index-system-modules

SwiftCompile normal arm64 /Users/justingardner/Downloads/xcode/books_build2/booksTests/CSVParserISBNTests.swift (in target 'booksTests' from project 'books')
    cd /Users/justingardner/Downloads/xcode/books_build2
    
/Users/justingardner/Downloads/xcode/books_build2/booksTests/CSVParserISBNTests.swift:165:13: warning: initialization of immutable value 'expectedQuery' was never used; consider replacing with assignment to '_' or removing it
        let expectedQuery = "isbn:9780743273565"  // Cleaned ISBN
        ~~~~^~~~~~~~~~~~~
        _

SwiftCompile normal arm64 /Users/justingardner/Downloads/xcode/books_build2/booksTests/BackgroundProcessingResumeTests.swift (in target 'booksTests' from project 'books')
    cd /Users/justingardner/Downloads/xcode/books_build2
    
/Users/justingardner/Downloads/xcode/books_build2/booksTests/BackgroundProcessingResumeTests.swift:48:28: error: call to main actor-isolated initializer 'init()' in a synchronous nonisolated context
        let stateManager = MockImportStateManager()
                           ^
/Users/justingardner/Downloads/xcode/books_build2/booksTests/BackgroundProcessingResumeTests.swift:647:7: note: calls to initializer 'init()' from outside of its actor context are implicitly asynchronous
class MockImportStateManager {
      ^
/Users/justingardner/Downloads/xcode/books_build2/booksTests/BackgroundProcessingResumeTests.swift:46:18: note: add '@MainActor' to make instance method 'setupMockServices(for:)' part of global actor 'MainActor'
    private func setupMockServices(for bookCount: Int) -> (MockBookSearchService, MockImportStateManager, MockBackgroundTaskManager) {
                 ^
    @MainActor 
/Users/justingardner/Downloads/xcode/books_build2/booksTests/BackgroundProcessingResumeTests.swift:104:9: error: expression is 'async' but is not marked with 'await'
        #expect(stateManager.saveStateCallCount > 0, "Should save state when app backgrounds")
        ^~~~~~~~~~~~~~~~~~~~~~~~~~~~~~~~~~~~~~~~~~~~~~~~~~~~~~~~~~~~~~~~~~~~~~~~~~~~~~~~~~~~~~
        await 
@__swiftmacro_10booksTests0042BackgroundProcessingResumeTestsswift_IyBInfMX103_8_6expectfMf0_.swift:1:32: note: property access is 'async'
Testing.__checkBinaryOperation(stateManager.saveStateCallCount,{ $0 > $1() },0,expression: .__fromBinaryOperation(.__fromSyntaxNode("stateManager.saveStateCallCount"),">",.__fromSyntaxNode("0")),comments: ["Should save state when app backgrounds"],isRequired: false,sourceLocation: Testing.SourceLocation.__here()).__expected()
                               ^
/Users/justingardner/Downloads/xcode/books_build2/booksTests/BackgroundProcessingResumeTests.swift:104:9: note: in expansion of macro 'expect' here
        #expect(stateManager.saveStateCallCount > 0, "Should save state when app backgrounds")
        ^~~~~~~~~~~~~~~~~~~~~~~~~~~~~~~~~~~~~~~~~~~~~~~~~~~~~~~~~~~~~~~~~~~~~~~~~~~~~~~~~~~~~~
/Users/justingardner/Downloads/xcode/books_build2/booksTests/BackgroundProcessingResumeTests.swift:104:9: note: in expansion of macro 'expect' here
        #expect(stateManager.saveStateCallCount > 0, "Should save state when app backgrounds")
        ^~~~~~~~~~~~~~~~~~~~~~~~~~~~~~~~~~~~~~~~~~~~~~~~~~~~~~~~~~~~~~~~~~~~~~~~~~~~~~~~~~~~~~
/Users/justingardner/Downloads/xcode/books_build2/booksTests/BackgroundProcessingResumeTests.swift:148:13: warning: initialization of immutable value 'result' was never used; consider replacing with assignment to '_' or removing it
        let result = await importService.startImport(
        ~~~~^~~~~~
        _
/Users/justingardner/Downloads/xcode/books_build2/booksTests/BackgroundProcessingResumeTests.swift:158:13: error: expression is 'async' but is not marked with 'await'
            #expect(stateManager.saveStateCallCount > 0, "Should save state when background time runs out")
            ^~~~~~~~~~~~~~~~~~~~~~~~~~~~~~~~~~~~~~~~~~~~~~~~~~~~~~~~~~~~~~~~~~~~~~~~~~~~~~~~~~~~~~~~~~~~~~~
            await 
@__swiftmacro_10booksTests0042BackgroundProcessingResumeTestsswift_IyBInfMX157_12_6expectfMf0_.swift:1:32: note: property access is 'async'
Testing.__checkBinaryOperation(stateManager.saveStateCallCount,{ $0 > $1() },0,expression: .__fromBinaryOperation(.__fromSyntaxNode("stateManager.saveStateCallCount"),">",.__fromSyntaxNode("0")),comments: ["Should save state when background time runs out"],isRequired: false,sourceLocation: Testing.SourceLocation.__here()).__expected()
                               ^
/Users/justingardner/Downloads/xcode/books_build2/booksTests/BackgroundProcessingResumeTests.swift:158:13: note: in expansion of macro 'expect' here
            #expect(stateManager.saveStateCallCount > 0, "Should save state when background time runs out")
            ^~~~~~~~~~~~~~~~~~~~~~~~~~~~~~~~~~~~~~~~~~~~~~~~~~~~~~~~~~~~~~~~~~~~~~~~~~~~~~~~~~~~~~~~~~~~~~~
/Users/justingardner/Downloads/xcode/books_build2/booksTests/BackgroundProcessingResumeTests.swift:158:13: note: in expansion of macro 'expect' here
            #expect(stateManager.saveStateCallCount > 0, "Should save state when background time runs out")
            ^~~~~~~~~~~~~~~~~~~~~~~~~~~~~~~~~~~~~~~~~~~~~~~~~~~~~~~~~~~~~~~~~~~~~~~~~~~~~~~~~~~~~~~~~~~~~~~
/Users/justingardner/Downloads/xcode/books_build2/booksTests/BackgroundProcessingResumeTests.swift:265:28: warning: no 'async' operations occur within 'await' expression
        let resumeResult = await resumeImportService.resumeImport()
                           ^
/Users/justingardner/Downloads/xcode/books_build2/booksTests/BackgroundProcessingResumeTests.swift:320:9: error: expression is 'async' but is not marked with 'await'
        #expect(stateManager.clearStateCallCount > 0, "Should clear stale state")
        ^~~~~~~~~~~~~~~~~~~~~~~~~~~~~~~~~~~~~~~~~~~~~~~~~~~~~~~~~~~~~~~~~~~~~~~~~
        await 
@__swiftmacro_10booksTests0042BackgroundProcessingResumeTestsswift_IyBInfMX319_8_6expectfMf1_.swift:1:32: note: property access is 'async'
Testing.__checkBinaryOperation(stateManager.clearStateCallCount,{ $0 > $1() },0,expression: .__fromBinaryOperation(.__fromSyntaxNode("stateManager.clearStateCallCount"),">",.__fromSyntaxNode("0")),comments: ["Should clear stale state"],isRequired: false,sourceLocation: Testing.SourceLocation.__here()).__expected()
                               ^
/Users/justingardner/Downloads/xcode/books_build2/booksTests/BackgroundProcessingResumeTests.swift:320:9: note: in expansion of macro 'expect' here
        #expect(stateManager.clearStateCallCount > 0, "Should clear stale state")
        ^~~~~~~~~~~~~~~~~~~~~~~~~~~~~~~~~~~~~~~~~~~~~~~~~~~~~~~~~~~~~~~~~~~~~~~~~
/Users/justingardner/Downloads/xcode/books_build2/booksTests/BackgroundProcessingResumeTests.swift:320:9: note: in expansion of macro 'expect' here
        #expect(stateManager.clearStateCallCount > 0, "Should clear stale state")
        ^~~~~~~~~~~~~~~~~~~~~~~~~~~~~~~~~~~~~~~~~~~~~~~~~~~~~~~~~~~~~~~~~~~~~~~~~
/Users/justingardner/Downloads/xcode/books_build2/booksTests/BackgroundProcessingResumeTests.swift:392:27: error: value of type 'UserBook' has no member 'personalNotes'
        #expect(firstBook.personalNotes == "Great book!", "Should preserve personal notes")
                ~~~~~~~~~ ^~~~~~~~~~~~~
/Users/justingardner/Downloads/xcode/books_build2/booksTests/BackgroundProcessingResumeTests.swift:413:32: error: value of type 'UserBook' has no member 'personalNotes'
        #expect(sortedBooks[0].personalNotes == "Great book!", "Book 1 should have correct notes")
                ~~~~~~~~~~~~~~ ^~~~~~~~~~~~~
/Users/justingardner/Downloads/xcode/books_build2/booksTests/BackgroundProcessingResumeTests.swift:416:32: error: value of type 'UserBook' has no member 'personalNotes'
        #expect(sortedBooks[1].personalNotes == "Okay read", "Book 2 should have correct notes")
                ~~~~~~~~~~~~~~ ^~~~~~~~~~~~~
/Users/justingardner/Downloads/xcode/books_build2/booksTests/BackgroundProcessingResumeTests.swift:419:32: error: value of type 'UserBook' has no member 'personalNotes'
        #expect(sortedBooks[2].personalNotes == "Loved it!", "Book 3 should have correct notes")
                ~~~~~~~~~~~~~~ ^~~~~~~~~~~~~
/Users/justingardner/Downloads/xcode/books_build2/booksTests/BackgroundProcessingResumeTests.swift:403:28: warning: no 'async' operations occur within 'await' expression
        let resumeResult = await resumeService.resumeImport()
                           ^
/Users/justingardner/Downloads/xcode/books_build2/booksTests/BackgroundProcessingResumeTests.swift:460:9: error: expression is 'async' but is not marked with 'await'
        #expect(stateManager.terminationSaveCallCount > 0, "Should save state on app termination")
        ^~~~~~~~~~~~~~~~~~~~~~~~~~~~~~~~~~~~~~~~~~~~~~~~~~~~~~~~~~~~~~~~~~~~~~~~~~~~~~~~~~~~~~~~~~
        await 
@__swiftmacro_10booksTests0042BackgroundProcessingResumeTestsswift_IyBInfMX459_8_6expectfMf_.swift:1:32: note: property access is 'async'
Testing.__checkBinaryOperation(stateManager.terminationSaveCallCount,{ $0 > $1() },0,expression: .__fromBinaryOperation(.__fromSyntaxNode("stateManager.terminationSaveCallCount"),">",.__fromSyntaxNode("0")),comments: ["Should save state on app termination"],isRequired: false,sourceLocation: Testing.SourceLocation.__here()).__expected()
                               ^
/Users/justingardner/Downloads/xcode/books_build2/booksTests/BackgroundProcessingResumeTests.swift:460:9: note: in expansion of macro 'expect' here
        #expect(stateManager.terminationSaveCallCount > 0, "Should save state on app termination")
        ^~~~~~~~~~~~~~~~~~~~~~~~~~~~~~~~~~~~~~~~~~~~~~~~~~~~~~~~~~~~~~~~~~~~~~~~~~~~~~~~~~~~~~~~~~
/Users/justingardner/Downloads/xcode/books_build2/booksTests/BackgroundProcessingResumeTests.swift:460:9: note: in expansion of macro 'expect' here
        #expect(stateManager.terminationSaveCallCount > 0, "Should save state on app termination")
        ^~~~~~~~~~~~~~~~~~~~~~~~~~~~~~~~~~~~~~~~~~~~~~~~~~~~~~~~~~~~~~~~~~~~~~~~~~~~~~~~~~~~~~~~~~
/Users/justingardner/Downloads/xcode/books_build2/booksTests/BackgroundProcessingResumeTests.swift:508:9: error: expression is 'async' but is not marked with 'await'
        #expect(stateManager.saveStateCallCount > 0, "Should save state on memory warning")
        ^~~~~~~~~~~~~~~~~~~~~~~~~~~~~~~~~~~~~~~~~~~~~~~~~~~~~~~~~~~~~~~~~~~~~~~~~~~~~~~~~~~
        await 
@__swiftmacro_10booksTests0042BackgroundProcessingResumeTestsswift_IyBInfMX507_8_6expectfMf0_.swift:1:32: note: property access is 'async'
Testing.__checkBinaryOperation(stateManager.saveStateCallCount,{ $0 > $1() },0,expression: .__fromBinaryOperation(.__fromSyntaxNode("stateManager.saveStateCallCount"),">",.__fromSyntaxNode("0")),comments: [.__line("// Should save state as precaution"),"Should save state on memory warning"],isRequired: false,sourceLocation: Testing.SourceLocation.__here()).__expected()
                               ^
/Users/justingardner/Downloads/xcode/books_build2/booksTests/BackgroundProcessingResumeTests.swift:508:9: note: in expansion of macro 'expect' here
        #expect(stateManager.saveStateCallCount > 0, "Should save state on memory warning")
        ^~~~~~~~~~~~~~~~~~~~~~~~~~~~~~~~~~~~~~~~~~~~~~~~~~~~~~~~~~~~~~~~~~~~~~~~~~~~~~~~~~~
/Users/justingardner/Downloads/xcode/books_build2/booksTests/BackgroundProcessingResumeTests.swift:508:9: note: in expansion of macro 'expect' here
        #expect(stateManager.saveStateCallCount > 0, "Should save state on memory warning")
        ^~~~~~~~~~~~~~~~~~~~~~~~~~~~~~~~~~~~~~~~~~~~~~~~~~~~~~~~~~~~~~~~~~~~~~~~~~~~~~~~~~~
/Users/justingardner/Downloads/xcode/books_build2/booksTests/BackgroundProcessingResumeTests.swift:543:13: warning: initialization of immutable value 'result' was never used; consider replacing with assignment to '_' or removing it
        let result = await importService.startImport(
        ~~~~^~~~~~
        _
/Users/justingardner/Downloads/xcode/books_build2/booksTests/BackgroundProcessingResumeTests.swift:539:22: error: main actor-isolated property 'onProgressUpdate' can not be mutated from a nonisolated context
        stateManager.onProgressUpdate = { progress in
                     ^
/Users/justingardner/Downloads/xcode/books_build2/booksTests/BackgroundProcessingResumeTests.swift:539:22: note: consider declaring an isolated method on 'MainActor' to perform the mutation
        stateManager.onProgressUpdate = { progress in
                     ^
/Users/justingardner/Downloads/xcode/books_build2/booksTests/BackgroundProcessingResumeTests.swift:653:9: note: mutation of this property is only permitted within the actor
    var onProgressUpdate: ((ImportProgress) -> Void)?
        ^
/Users/justingardner/Downloads/xcode/books_build2/booksTests/BackgroundProcessingResumeTests.swift:550:9: error: expression is 'async' but is not marked with 'await'
        #expect(stateManager.saveStateCallCount >= progressUpdates.count, "Should save state for each progress update")
        ^~~~~~~~~~~~~~~~~~~~~~~~~~~~~~~~~~~~~~~~~~~~~~~~~~~~~~~~~~~~~~~~~~~~~~~~~~~~~~~~~~~~~~~~~~~~~~~~~~~~~~~~~~~~~~~
        await 
@__swiftmacro_10booksTests0042BackgroundProcessingResumeTestsswift_IyBInfMX549_8_6expectfMf0_.swift:1:32: note: property access is 'async'
Testing.__checkBinaryOperation(stateManager.saveStateCallCount,{ $0 >= $1() },progressUpdates.count,expression: .__fromBinaryOperation(.__fromSyntaxNode("stateManager.saveStateCallCount"),">=",.__fromSyntaxNode("progressUpdates.count")),comments: ["Should save state for each progress update"],isRequired: false,sourceLocation: Testing.SourceLocation.__here()).__expected()
                               ^
/Users/justingardner/Downloads/xcode/books_build2/booksTests/BackgroundProcessingResumeTests.swift:550:9: note: in expansion of macro 'expect' here
        #expect(stateManager.saveStateCallCount >= progressUpdates.count, "Should save state for each progress update")
        ^~~~~~~~~~~~~~~~~~~~~~~~~~~~~~~~~~~~~~~~~~~~~~~~~~~~~~~~~~~~~~~~~~~~~~~~~~~~~~~~~~~~~~~~~~~~~~~~~~~~~~~~~~~~~~~
/Users/justingardner/Downloads/xcode/books_build2/booksTests/BackgroundProcessingResumeTests.swift:550:9: note: in expansion of macro 'expect' here
        #expect(stateManager.saveStateCallCount >= progressUpdates.count, "Should save state for each progress update")
        ^~~~~~~~~~~~~~~~~~~~~~~~~~~~~~~~~~~~~~~~~~~~~~~~~~~~~~~~~~~~~~~~~~~~~~~~~~~~~~~~~~~~~~~~~~~~~~~~~~~~~~~~~~~~~~~
/Users/justingardner/Downloads/xcode/books_build2/booksTests/BackgroundProcessingResumeTests.swift:573:25: error: cannot assign to property: 'partialProgress' is a 'let' constant
        partialProgress.totalBooks = csvSession.totalRows
        ~~~~~~~~~~~~~~~ ^
/Users/justingardner/Downloads/xcode/books_build2/booksTests/BackgroundProcessingResumeTests.swift:572:9: note: change 'let' to 'var' to make it mutable
        let partialProgress = ImportProgress(sessionId: csvSession.id)
        ^~~
        var
/Users/justingardner/Downloads/xcode/books_build2/booksTests/BackgroundProcessingResumeTests.swift:574:25: error: cannot assign to property: 'partialProgress' is a 'let' constant
        partialProgress.processedBooks = 8
        ~~~~~~~~~~~~~~~ ^
/Users/justingardner/Downloads/xcode/books_build2/booksTests/BackgroundProcessingResumeTests.swift:572:9: note: change 'let' to 'var' to make it mutable
        let partialProgress = ImportProgress(sessionId: csvSession.id)
        ^~~
        var
/Users/justingardner/Downloads/xcode/books_build2/booksTests/BackgroundProcessingResumeTests.swift:575:25: error: cannot assign to property: 'partialProgress' is a 'let' constant
        partialProgress.successfulImports = 6
        ~~~~~~~~~~~~~~~ ^
/Users/justingardner/Downloads/xcode/books_build2/booksTests/BackgroundProcessingResumeTests.swift:572:9: note: change 'let' to 'var' to make it mutable
        let partialProgress = ImportProgress(sessionId: csvSession.id)
        ^~~
        var
/Users/justingardner/Downloads/xcode/books_build2/booksTests/BackgroundProcessingResumeTests.swift:576:25: error: cannot assign to property: 'partialProgress' is a 'let' constant
        partialProgress.failedImports = 2
        ~~~~~~~~~~~~~~~ ^
/Users/justingardner/Downloads/xcode/books_build2/booksTests/BackgroundProcessingResumeTests.swift:572:9: note: change 'let' to 'var' to make it mutable
        let partialProgress = ImportProgress(sessionId: csvSession.id)
        ^~~
        var
/Users/justingardner/Downloads/xcode/books_build2/booksTests/BackgroundProcessingResumeTests.swift:711:28: error: cannot assign to property: 'progress' is a 'let' constant
            state.progress.message = "Import paused - will resume when app reopens"
            ~~~~~~~~~~~~~~ ^
/Users/justingardner/Downloads/xcode/books_build2/booksTests/BackgroundProcessingResumeTests.swift:742:18: error: cannot assign to property: 'progress' is a 'let' constant
        progress.totalBooks = session.totalRows
        ~~~~~~~~ ^
/Users/justingardner/Downloads/xcode/books_build2/booksTests/BackgroundProcessingResumeTests.swift:741:9: note: change 'let' to 'var' to make it mutable
        let progress = ImportProgress(sessionId: session.id)
        ^~~
        var
/Users/justingardner/Downloads/xcode/books_build2/booksTests/BackgroundProcessingResumeTests.swift:756:26: error: cannot assign to property: 'progress' is a 'let' constant
                progress.message = "Import paused - background time expired"
                ~~~~~~~~ ^
/Users/justingardner/Downloads/xcode/books_build2/booksTests/BackgroundProcessingResumeTests.swift:741:9: note: change 'let' to 'var' to make it mutable
        let progress = ImportProgress(sessionId: session.id)
        ^~~
        var
/Users/justingardner/Downloads/xcode/books_build2/booksTests/BackgroundProcessingResumeTests.swift:770:22: error: cannot assign to property: 'progress' is a 'let' constant
            progress.processedBooks = i
            ~~~~~~~~ ^
/Users/justingardner/Downloads/xcode/books_build2/booksTests/BackgroundProcessingResumeTests.swift:741:9: note: change 'let' to 'var' to make it mutable
        let progress = ImportProgress(sessionId: session.id)
        ^~~
        var
/Users/justingardner/Downloads/xcode/books_build2/booksTests/BackgroundProcessingResumeTests.swift:771:22: error: cannot assign to property: 'progress' is a 'let' constant
            progress.successfulImports = i
            ~~~~~~~~ ^
/Users/justingardner/Downloads/xcode/books_build2/booksTests/BackgroundProcessingResumeTests.swift:741:9: note: change 'let' to 'var' to make it mutable
        let progress = ImportProgress(sessionId: session.id)
        ^~~
        var
/Users/justingardner/Downloads/xcode/books_build2/booksTests/BackgroundProcessingResumeTests.swift:810:38: error: call to main actor-isolated instance method 'canResumeImport()' in a synchronous nonisolated context
        let canResume = stateManager.canResumeImport()
                                     ^
/Users/justingardner/Downloads/xcode/books_build2/booksTests/BackgroundProcessingResumeTests.swift:676:10: note: calls to instance method 'canResumeImport()' from outside of its actor context are implicitly asynchronous
    func canResumeImport() -> Bool {
         ^
/Users/justingardner/Downloads/xcode/books_build2/booksTests/BackgroundProcessingResumeTests.swift:808:10: note: add '@MainActor' to make instance method 'resumeImport()' part of global actor 'MainActor'
    func resumeImport() -> BackgroundImportResumeResult {
         ^
    @MainActor 
/Users/justingardner/Downloads/xcode/books_build2/booksTests/BackgroundProcessingResumeTests.swift:812:53: error: call to main actor-isolated instance method 'getResumableImportInfo()' in a synchronous nonisolated context
        if canResume, let resumeInfo = stateManager.getResumableImportInfo() {
                                                    ^
/Users/justingardner/Downloads/xcode/books_build2/booksTests/BackgroundProcessingResumeTests.swift:688:10: note: calls to instance method 'getResumableImportInfo()' from outside of its actor context are implicitly asynchronous
    func getResumableImportInfo() -> ResumableImportInfo? {
         ^
/Users/justingardner/Downloads/xcode/books_build2/booksTests/BackgroundProcessingResumeTests.swift:808:10: note: add '@MainActor' to make instance method 'resumeImport()' part of global actor 'MainActor'
    func resumeImport() -> BackgroundImportResumeResult {
         ^
    @MainActor 
/Users/justingardner/Downloads/xcode/books_build2/booksTests/BackgroundProcessingResumeTests.swift:814:26: error: call to main actor-isolated instance method 'clearImportState()' in a synchronous nonisolated context
            stateManager.clearImportState()
                         ^
/Users/justingardner/Downloads/xcode/books_build2/booksTests/BackgroundProcessingResumeTests.swift:671:10: note: calls to instance method 'clearImportState()' from outside of its actor context are implicitly asynchronous
    func clearImportState() {
         ^
/Users/justingardner/Downloads/xcode/books_build2/booksTests/BackgroundProcessingResumeTests.swift:808:10: note: add '@MainActor' to make instance method 'resumeImport()' part of global actor 'MainActor'
    func resumeImport() -> BackgroundImportResumeResult {
         ^
    @MainActor 

SwiftDriverJobDiscovery normal arm64 Compiling DataMigrationManager.swift, BookMetadata.swift, BookRowView.swift, GenreBreakdownChartView.swift (in target 'books' from project 'books')

SwiftCompile normal arm64 Compiling\ HapticFeedbackTests.swift,\ BarcodeScannerTests.swift /Users/justingardner/Downloads/xcode/books_build2/booksTests/HapticFeedbackTests.swift /Users/justingardner/Downloads/xcode/books_build2/booksTests/BarcodeScannerTests.swift (in target 'booksTests' from project 'books')

SwiftCompile normal arm64 /Users/justingardner/Downloads/xcode/books_build2/booksTests/HapticFeedbackTests.swift (in target 'booksTests' from project 'books')
    cd /Users/justingardner/Downloads/xcode/books_build2
    
/Users/justingardner/Downloads/xcode/books_build2/booksTests/HapticFeedbackTests.swift:38:17: note: '#expect(_:_:)' will always pass here; use 'Bool(true)' to silence this warning (from macro 'expect')
        #expect(true)
                ^~~~

SwiftCompile normal arm64 /Users/justingardner/Downloads/xcode/books_build2/booksTests/BarcodeScannerTests.swift (in target 'booksTests' from project 'books')
    cd /Users/justingardner/Downloads/xcode/books_build2
    
/Users/justingardner/Downloads/xcode/books_build2/booksTests/HapticFeedbackTests.swift:38:17: note: '#expect(_:_:)' will always pass here; use 'Bool(true)' to silence this warning (from macro 'expect')
        #expect(true)
                ^~~~

SwiftDriverJobDiscovery normal arm64 Compiling LiveActivityManager.swift, BackgroundImportCoordinator.swift, ImportCompletionBanner.swift, AuthorSearchResultsView.swift (in target 'books' from project 'books')

SwiftCompile normal arm64 Compiling\ CSVImportWorkflowTests.swift,\ ModelTests.swift /Users/justingardner/Downloads/xcode/books_build2/booksTests/CSVImportWorkflowTests.swift /Users/justingardner/Downloads/xcode/books_build2/booksTests/ModelTests.swift (in target 'booksTests' from project 'books')

SwiftCompile normal arm64 /Users/justingardner/Downloads/xcode/books_build2/booksTests/CSVImportWorkflowTests.swift (in target 'booksTests' from project 'books')
    cd /Users/justingardner/Downloads/xcode/books_build2
    

SwiftCompile normal arm64 /Users/justingardner/Downloads/xcode/books_build2/booksTests/ModelTests.swift (in target 'booksTests' from project 'books')
    cd /Users/justingardner/Downloads/xcode/books_build2
    

SwiftDriverJobDiscovery normal arm64 Emitting module for booksTests (in target 'booksTests' from project 'books')

SwiftDriver\ Compilation\ Requirements booksTests normal arm64 com.apple.xcode.tools.swift.compiler (in target 'booksTests' from project 'books')
    cd /Users/justingardner/Downloads/xcode/books_build2
    builtin-Swift-Compilation-Requirements -- /Applications/Xcode.app/Contents/Developer/Toolchains/XcodeDefault.xctoolchain/usr/bin/swiftc -module-name booksTests -Onone -enforce-exclusivity\=checked @/Users/justingardner/Library/Developer/Xcode/DerivedData/books-fpommwulutefkublemohbizwfike/Build/Intermediates.noindex/books.build/Debug-iphonesimulator/booksTests.build/Objects-normal/arm64/booksTests.SwiftFileList -DDEBUG -plugin-path /Applications/Xcode.app/Contents/Developer/Toolchains/XcodeDefault.xctoolchain/usr/lib/swift/host/plugins/testing -enable-bare-slash-regex -enable-experimental-feature DebugDescriptionMacro -sdk /Applications/Xcode.app/Contents/Developer/Platforms/iPhoneSimulator.platform/Developer/SDKs/iPhoneSimulator18.5.sdk -target arm64-apple-ios18.0-simulator -g -module-cache-path /Users/justingardner/Library/Developer/Xcode/DerivedData/ModuleCache.noindex -Xfrontend -serialize-debugging-options -profile-coverage-mapping -profile-generate -enable-testing -index-store-path /Users/justingardner/Library/Developer/Xcode/DerivedData/books-fpommwulutefkublemohbizwfike/Index.noindex/DataStore -swift-version 5 -I /Users/justingardner/Library/Developer/Xcode/DerivedData/books-fpommwulutefkublemohbizwfike/Build/Products/Debug-iphonesimulator -I /Applications/Xcode.app/Contents/Developer/Platforms/iPhoneSimulator.platform/Developer/usr/lib -F /Users/justingardner/Library/Developer/Xcode/DerivedData/books-fpommwulutefkublemohbizwfike/Build/Products/Debug-iphonesimulator -F /Applications/Xcode.app/Contents/Developer/Platforms/iPhoneSimulator.platform/Developer/Library/Frameworks -F /Applications/Xcode.app/Contents/Developer/Platforms/iPhoneSimulator.platform/Developer/SDKs/iPhoneSimulator18.5.sdk/Developer/Library/Frameworks -c -j12 -enable-batch-mode -incremental -Xcc -ivfsstatcache -Xcc /Users/justingardner/Library/Developer/Xcode/DerivedData/SDKStatCaches.noindex/iphonesimulator18.5-22F76-d5fc8ad4295d2ef488fb7d0f804ce0c4.sdkstatcache -output-file-map /Users/justingardner/Library/Developer/Xcode/DerivedData/books-fpommwulutefkublemohbizwfike/Build/Intermediates.noindex/books.build/Debug-iphonesimulator/booksTests.build/Objects-normal/arm64/booksTests-OutputFileMap.json -use-frontend-parseable-output -save-temps -no-color-diagnostics -serialize-diagnostics -emit-dependencies -emit-module -emit-module-path /Users/justingardner/Library/Developer/Xcode/DerivedData/books-fpommwulutefkublemohbizwfike/Build/Intermediates.noindex/books.build/Debug-iphonesimulator/booksTests.build/Objects-normal/arm64/booksTests.swiftmodule -validate-clang-modules-once -clang-build-session-file /Users/justingardner/Library/Developer/Xcode/DerivedData/ModuleCache.noindex/Session.modulevalidation -Xcc -I/Users/justingardner/Library/Developer/Xcode/DerivedData/books-fpommwulutefkublemohbizwfike/Build/Intermediates.noindex/books.build/Debug-iphonesimulator/booksTests.build/swift-overrides.hmap -emit-const-values -Xfrontend -const-gather-protocols-file -Xfrontend /Users/justingardner/Library/Developer/Xcode/DerivedData/books-fpommwulutefkublemohbizwfike/Build/Intermediates.noindex/books.build/Debug-iphonesimulator/booksTests.build/Objects-normal/arm64/booksTests_const_extract_protocols.json -Xcc -iquote -Xcc /Users/justingardner/Library/Developer/Xcode/DerivedData/books-fpommwulutefkublemohbizwfike/Build/Intermediates.noindex/books.build/Debug-iphonesimulator/booksTests.build/booksTests-generated-files.hmap -Xcc -I/Users/justingardner/Library/Developer/Xcode/DerivedData/books-fpommwulutefkublemohbizwfike/Build/Intermediates.noindex/books.build/Debug-iphonesimulator/booksTests.build/booksTests-own-target-headers.hmap -Xcc -I/Users/justingardner/Library/Developer/Xcode/DerivedData/books-fpommwulutefkublemohbizwfike/Build/Intermediates.noindex/books.build/Debug-iphonesimulator/booksTests.build/booksTests-all-target-headers.hmap -Xcc -iquote -Xcc /Users/justingardner/Library/Developer/Xcode/DerivedData/books-fpommwulutefkublemohbizwfike/Build/Intermediates.noindex/books.build/Debug-iphonesimulator/booksTests.build/booksTests-project-headers.hmap -Xcc -I/Users/justingardner/Library/Developer/Xcode/DerivedData/books-fpommwulutefkublemohbizwfike/Build/Products/Debug-iphonesimulator/include -Xcc -I/Users/justingardner/Library/Developer/Xcode/DerivedData/books-fpommwulutefkublemohbizwfike/Build/Intermediates.noindex/books.build/Debug-iphonesimulator/booksTests.build/DerivedSources-normal/arm64 -Xcc -I/Users/justingardner/Library/Developer/Xcode/DerivedData/books-fpommwulutefkublemohbizwfike/Build/Intermediates.noindex/books.build/Debug-iphonesimulator/booksTests.build/DerivedSources/arm64 -Xcc -I/Users/justingardner/Library/Developer/Xcode/DerivedData/books-fpommwulutefkublemohbizwfike/Build/Intermediates.noindex/books.build/Debug-iphonesimulator/booksTests.build/DerivedSources -Xcc -DDEBUG\=1 -emit-objc-header -emit-objc-header-path /Users/justingardner/Library/Developer/Xcode/DerivedData/books-fpommwulutefkublemohbizwfike/Build/Intermediates.noindex/books.build/Debug-iphonesimulator/booksTests.build/Objects-normal/arm64/booksTests-Swift.h -working-directory /Users/justingardner/Downloads/xcode/books_build2 -experimental-emit-module-separately -disable-cmo

SwiftDriverJobDiscovery normal arm64 Compiling booksApp.swift, BarcodeScanner.swift, ThemeStore.swift (in target 'books' from project 'books')

SwiftCompile normal arm64 Compiling\ DataMergingLogicTests.swift,\ ServiceIntegrationTests.swift /Users/justingardner/Downloads/xcode/books_build2/booksTests/DataMergingLogicTests.swift /Users/justingardner/Downloads/xcode/books_build2/booksTests/ServiceIntegrationTests.swift (in target 'booksTests' from project 'books')

SwiftCompile normal arm64 /Users/justingardner/Downloads/xcode/books_build2/booksTests/DataMergingLogicTests.swift (in target 'booksTests' from project 'books')
    cd /Users/justingardner/Downloads/xcode/books_build2
    

SwiftCompile normal arm64 /Users/justingardner/Downloads/xcode/books_build2/booksTests/ServiceIntegrationTests.swift (in target 'booksTests' from project 'books')
    cd /Users/justingardner/Downloads/xcode/books_build2
    

SwiftCompile normal arm64 Compiling\ DuplicateDetectionTests.swift,\ ServiceProtocols.swift /Users/justingardner/Downloads/xcode/books_build2/booksTests/DuplicateDetectionTests.swift /Users/justingardner/Downloads/xcode/books_build2/booksTests/ServiceProtocols.swift (in target 'booksTests' from project 'books')

SwiftCompile normal arm64 /Users/justingardner/Downloads/xcode/books_build2/booksTests/DuplicateDetectionTests.swift (in target 'booksTests' from project 'books')
    cd /Users/justingardner/Downloads/xcode/books_build2
    

SwiftCompile normal arm64 /Users/justingardner/Downloads/xcode/books_build2/booksTests/ServiceProtocols.swift (in target 'booksTests' from project 'books')
    cd /Users/justingardner/Downloads/xcode/books_build2
    

SwiftDriverJobDiscovery normal arm64 Compiling HapticFeedbackTests.swift, BarcodeScannerTests.swift (in target 'booksTests' from project 'books')

Copy /Users/justingardner/Library/Developer/Xcode/DerivedData/books-fpommwulutefkublemohbizwfike/Build/Products/Debug-iphonesimulator/booksTests.swiftmodule/arm64-apple-ios-simulator.swiftmodule /Users/justingardner/Library/Developer/Xcode/DerivedData/books-fpommwulutefkublemohbizwfike/Build/Intermediates.noindex/books.build/Debug-iphonesimulator/booksTests.build/Objects-normal/arm64/booksTests.swiftmodule (in target 'booksTests' from project 'books')
    cd /Users/justingardner/Downloads/xcode/books_build2
    builtin-copy -exclude .DS_Store -exclude CVS -exclude .svn -exclude .git -exclude .hg -resolve-src-symlinks -rename /Users/justingardner/Library/Developer/Xcode/DerivedData/books-fpommwulutefkublemohbizwfike/Build/Intermediates.noindex/books.build/Debug-iphonesimulator/booksTests.build/Objects-normal/arm64/booksTests.swiftmodule /Users/justingardner/Library/Developer/Xcode/DerivedData/books-fpommwulutefkublemohbizwfike/Build/Products/Debug-iphonesimulator/booksTests.swiftmodule/arm64-apple-ios-simulator.swiftmodule

SwiftDriverJobDiscovery normal arm64 Compiling booksTests.swift, LibraryResetTests.swift, BookTrackerTestSuite.swift (in target 'booksTests' from project 'books')

Copy /Users/justingardner/Library/Developer/Xcode/DerivedData/books-fpommwulutefkublemohbizwfike/Build/Products/Debug-iphonesimulator/booksTests.swiftmodule/arm64-apple-ios-simulator.swiftdoc /Users/justingardner/Library/Developer/Xcode/DerivedData/books-fpommwulutefkublemohbizwfike/Build/Intermediates.noindex/books.build/Debug-iphonesimulator/booksTests.build/Objects-normal/arm64/booksTests.swiftdoc (in target 'booksTests' from project 'books')
    cd /Users/justingardner/Downloads/xcode/books_build2
    builtin-copy -exclude .DS_Store -exclude CVS -exclude .svn -exclude .git -exclude .hg -resolve-src-symlinks -rename /Users/justingardner/Library/Developer/Xcode/DerivedData/books-fpommwulutefkublemohbizwfike/Build/Intermediates.noindex/books.build/Debug-iphonesimulator/booksTests.build/Objects-normal/arm64/booksTests.swiftdoc /Users/justingardner/Library/Developer/Xcode/DerivedData/books-fpommwulutefkublemohbizwfike/Build/Products/Debug-iphonesimulator/booksTests.swiftmodule/arm64-apple-ios-simulator.swiftdoc

Copy /Users/justingardner/Library/Developer/Xcode/DerivedData/books-fpommwulutefkublemohbizwfike/Build/Products/Debug-iphonesimulator/booksTests.swiftmodule/arm64-apple-ios-simulator.abi.json /Users/justingardner/Library/Developer/Xcode/DerivedData/books-fpommwulutefkublemohbizwfike/Build/Intermediates.noindex/books.build/Debug-iphonesimulator/booksTests.build/Objects-normal/arm64/booksTests.abi.json (in target 'booksTests' from project 'books')
    cd /Users/justingardner/Downloads/xcode/books_build2
    builtin-copy -exclude .DS_Store -exclude CVS -exclude .svn -exclude .git -exclude .hg -resolve-src-symlinks -rename /Users/justingardner/Library/Developer/Xcode/DerivedData/books-fpommwulutefkublemohbizwfike/Build/Intermediates.noindex/books.build/Debug-iphonesimulator/booksTests.build/Objects-normal/arm64/booksTests.abi.json /Users/justingardner/Library/Developer/Xcode/DerivedData/books-fpommwulutefkublemohbizwfike/Build/Products/Debug-iphonesimulator/booksTests.swiftmodule/arm64-apple-ios-simulator.abi.json

Copy /Users/justingardner/Library/Developer/Xcode/DerivedData/books-fpommwulutefkublemohbizwfike/Build/Products/Debug-iphonesimulator/booksTests.swiftmodule/Project/arm64-apple-ios-simulator.swiftsourceinfo /Users/justingardner/Library/Developer/Xcode/DerivedData/books-fpommwulutefkublemohbizwfike/Build/Intermediates.noindex/books.build/Debug-iphonesimulator/booksTests.build/Objects-normal/arm64/booksTests.swiftsourceinfo (in target 'booksTests' from project 'books')
    cd /Users/justingardner/Downloads/xcode/books_build2
    builtin-copy -exclude .DS_Store -exclude CVS -exclude .svn -exclude .git -exclude .hg -resolve-src-symlinks -rename /Users/justingardner/Library/Developer/Xcode/DerivedData/books-fpommwulutefkublemohbizwfike/Build/Intermediates.noindex/books.build/Debug-iphonesimulator/booksTests.build/Objects-normal/arm64/booksTests.swiftsourceinfo /Users/justingardner/Library/Developer/Xcode/DerivedData/books-fpommwulutefkublemohbizwfike/Build/Products/Debug-iphonesimulator/booksTests.swiftmodule/Project/arm64-apple-ios-simulator.swiftsourceinfo

SwiftCompile normal arm64 Compiling\ MockStrategiesAndNetworkTesting.swift,\ CSVImportTests.swift,\ ModelContainerTests.swift /Users/justingardner/Downloads/xcode/books_build2/booksTests/MockStrategiesAndNetworkTesting.swift /Users/justingardner/Downloads/xcode/books_build2/booksTests/CSVImportTests.swift /Users/justingardner/Downloads/xcode/books_build2/booksTests/ModelContainerTests.swift (in target 'booksTests' from project 'books')

SwiftCompile normal arm64 /Users/justingardner/Downloads/xcode/books_build2/booksTests/MockStrategiesAndNetworkTesting.swift (in target 'booksTests' from project 'books')
    cd /Users/justingardner/Downloads/xcode/books_build2
    

SwiftCompile normal arm64 /Users/justingardner/Downloads/xcode/books_build2/booksTests/CSVImportTests.swift (in target 'booksTests' from project 'books')
    cd /Users/justingardner/Downloads/xcode/books_build2
    

SwiftCompile normal arm64 /Users/justingardner/Downloads/xcode/books_build2/booksTests/ModelContainerTests.swift (in target 'booksTests' from project 'books')
    cd /Users/justingardner/Downloads/xcode/books_build2
    

SwiftCompile normal arm64 Compiling\ ImageCacheTests.swift,\ BookSearchServiceTests.swift,\ AdaptiveRateLimitingTests.swift /Users/justingardner/Downloads/xcode/books_build2/booksTests/ImageCacheTests.swift /Users/justingardner/Downloads/xcode/books_build2/booksTests/BookSearchServiceTests.swift /Users/justingardner/Downloads/xcode/books_build2/booksTests/AdaptiveRateLimitingTests.swift (in target 'booksTests' from project 'books')
SwiftCompile normal arm64 /Users/justingardner/Downloads/xcode/books_build2/booksTests/ImageCacheTests.swift (in target 'booksTests' from project 'books')
    cd /Users/justingardner/Downloads/xcode/books_build2
    

SwiftCompile normal arm64 /Users/justingardner/Downloads/xcode/books_build2/booksTests/BookSearchServiceTests.swift (in target 'booksTests' from project 'books')
    cd /Users/justingardner/Downloads/xcode/books_build2
    

SwiftCompile normal arm64 /Users/justingardner/Downloads/xcode/books_build2/booksTests/AdaptiveRateLimitingTests.swift (in target 'booksTests' from project 'books')
    cd /Users/justingardner/Downloads/xcode/books_build2
    

SwiftDriverJobDiscovery normal arm64 Compiling ColumnMappingView.swift, SharedComponents.swift, GeneratedAssetSymbols.swift (in target 'books' from project 'books')

SwiftCompile normal arm64 Compiling\ AppLaunchTests.swift,\ PriorityQueueIntegrationTests.swift /Users/justingardner/Downloads/xcode/books_build2/booksTests/AppLaunchTests.swift /Users/justingardner/Downloads/xcode/books_build2/booksTests/PriorityQueueIntegrationTests.swift (in target 'booksTests' from project 'books')

SwiftCompile normal arm64 /Users/justingardner/Downloads/xcode/books_build2/booksTests/AppLaunchTests.swift (in target 'booksTests' from project 'books')
    cd /Users/justingardner/Downloads/xcode/books_build2
    

SwiftCompile normal arm64 /Users/justingardner/Downloads/xcode/books_build2/booksTests/PriorityQueueIntegrationTests.swift (in target 'booksTests' from project 'books')
    cd /Users/justingardner/Downloads/xcode/books_build2
    

SwiftDriverJobDiscovery normal arm64 Compiling DuplicateDetectionTests.swift, ServiceProtocols.swift (in target 'booksTests' from project 'books')

SwiftCompile normal arm64 Compiling\ PerformanceTestingStrategy.swift,\ CulturalDiversityTests.swift /Users/justingardner/Downloads/xcode/books_build2/booksTests/PerformanceTestingStrategy.swift /Users/justingardner/Downloads/xcode/books_build2/booksTests/CulturalDiversityTests.swift (in target 'booksTests' from project 'books')
Command SwiftCompile failed with a nonzero exit code


Test session results, code coverage, and logs:
	/Users/justingardner/Library/Developer/Xcode/DerivedData/books-fpommwulutefkublemohbizwfike/Logs/Test/Test-books-2025.08.13_09-19-20--0500.xcresult

