Command line invocation:
    /Applications/Xcode.app/Contents/Developer/usr/bin/xcodebuild -scheme books -project /Users/justingardner/Downloads/Xcode/books_build2/books.xcodeproj -destination "platform=iOS Simulator,id=C1463CC7-4EE6-4F97-BD44-99E9286B5BC4" -configuration Debug CODE_SIGNING_ALLOWED=NO -enableCodeCoverage YES test

Build settings from command line:
    CODE_SIGNING_ALLOWED = NO

ComputePackagePrebuildTargetDependencyGraph

Prepare packages

CreateBuildRequest

SendProjectDescription

CreateBuildOperation

ComputeTargetDependencyGraph
note: Building targets in dependency order
note: Target dependency graph (3 targets)
    Target 'booksUITests' in project 'books'
        ➜ Explicit dependency on target 'books' in project 'books'
    Target 'booksTests' in project 'books'
        ➜ Explicit dependency on target 'books' in project 'books'
    Target 'books' in project 'books' (no dependencies)

GatherProvisioningInputs

CreateBuildDescription

ExecuteExternalTool /Applications/Xcode.app/Contents/Developer/Toolchains/XcodeDefault.xctoolchain/usr/bin/swiftc --version

ExecuteExternalTool /Applications/Xcode.app/Contents/Developer/Toolchains/XcodeDefault.xctoolchain/usr/bin/clang -v -E -dM -isysroot /Applications/Xcode.app/Contents/Developer/Platforms/iPhoneSimulator.platform/Developer/SDKs/iPhoneSimulator18.5.sdk -x c -c /dev/null

ExecuteExternalTool /Applications/Xcode.app/Contents/Developer/usr/bin/actool --print-asset-tag-combinations --output-format xml1 /Users/justingardner/Downloads/xcode/books_build2/books/Assets.xcassets

ExecuteExternalTool /Applications/Xcode.app/Contents/Developer/Toolchains/XcodeDefault.xctoolchain/usr/bin/ld -version_details

ExecuteExternalTool /Applications/Xcode.app/Contents/Developer/usr/bin/actool --version --output-format xml1

Build description signature: ebcfb6a2aababc9fd0efd945adb3dde4
Build description path: /Users/justingardner/Library/Developer/Xcode/DerivedData/books-fpommwulutefkublemohbizwfike/Build/Intermediates.noindex/XCBuildData/ebcfb6a2aababc9fd0efd945adb3dde4.xcbuilddata
ClangStatCache /Applications/Xcode.app/Contents/Developer/Toolchains/XcodeDefault.xctoolchain/usr/bin/clang-stat-cache /Applications/Xcode.app/Contents/Developer/Platforms/iPhoneSimulator.platform/Developer/SDKs/iPhoneSimulator18.5.sdk /Users/justingardner/Library/Developer/Xcode/DerivedData/SDKStatCaches.noindex/iphonesimulator18.5-22F76-d5fc8ad4295d2ef488fb7d0f804ce0c4.sdkstatcache
    cd /Users/justingardner/Downloads/xcode/books_build2/books.xcodeproj
    /Applications/Xcode.app/Contents/Developer/Toolchains/XcodeDefault.xctoolchain/usr/bin/clang-stat-cache /Applications/Xcode.app/Contents/Developer/Platforms/iPhoneSimulator.platform/Developer/SDKs/iPhoneSimulator18.5.sdk -o /Users/justingardner/Library/Developer/Xcode/DerivedData/SDKStatCaches.noindex/iphonesimulator18.5-22F76-d5fc8ad4295d2ef488fb7d0f804ce0c4.sdkstatcache

WriteAuxiliaryFile /Users/justingardner/Library/Developer/Xcode/DerivedData/books-fpommwulutefkublemohbizwfike/Build/Intermediates.noindex/books.build/Debug-iphonesimulator/booksTests.build/Objects-normal/arm64/booksTests.SwiftFileList (in target 'booksTests' from project 'books')
    cd /Users/justingardner/Downloads/xcode/books_build2
    write-file /Users/justingardner/Library/Developer/Xcode/DerivedData/books-fpommwulutefkublemohbizwfike/Build/Intermediates.noindex/books.build/Debug-iphonesimulator/booksTests.build/Objects-normal/arm64/booksTests.SwiftFileList

WriteAuxiliaryFile /Users/justingardner/Library/Developer/Xcode/DerivedData/books-fpommwulutefkublemohbizwfike/Build/Intermediates.noindex/books.build/Debug-iphonesimulator/booksTests.build/Objects-normal/arm64/booksTests.SwiftConstValuesFileList (in target 'booksTests' from project 'books')
    cd /Users/justingardner/Downloads/xcode/books_build2
    write-file /Users/justingardner/Library/Developer/Xcode/DerivedData/books-fpommwulutefkublemohbizwfike/Build/Intermediates.noindex/books.build/Debug-iphonesimulator/booksTests.build/Objects-normal/arm64/booksTests.SwiftConstValuesFileList

WriteAuxiliaryFile /Users/justingardner/Library/Developer/Xcode/DerivedData/books-fpommwulutefkublemohbizwfike/Build/Intermediates.noindex/books.build/Debug-iphonesimulator/booksTests.build/Objects-normal/arm64/booksTests.LinkFileList (in target 'booksTests' from project 'books')
    cd /Users/justingardner/Downloads/xcode/books_build2
    write-file /Users/justingardner/Library/Developer/Xcode/DerivedData/books-fpommwulutefkublemohbizwfike/Build/Intermediates.noindex/books.build/Debug-iphonesimulator/booksTests.build/Objects-normal/arm64/booksTests.LinkFileList

WriteAuxiliaryFile /Users/justingardner/Library/Developer/Xcode/DerivedData/books-fpommwulutefkublemohbizwfike/Build/Intermediates.noindex/books.build/Debug-iphonesimulator/books.build/Objects-normal/arm64/books.SwiftFileList (in target 'books' from project 'books')
    cd /Users/justingardner/Downloads/xcode/books_build2
    write-file /Users/justingardner/Library/Developer/Xcode/DerivedData/books-fpommwulutefkublemohbizwfike/Build/Intermediates.noindex/books.build/Debug-iphonesimulator/books.build/Objects-normal/arm64/books.SwiftFileList

WriteAuxiliaryFile /Users/justingardner/Library/Developer/Xcode/DerivedData/books-fpommwulutefkublemohbizwfike/Build/Intermediates.noindex/books.build/Debug-iphonesimulator/books.build/Objects-normal/arm64/books.SwiftConstValuesFileList (in target 'books' from project 'books')
    cd /Users/justingardner/Downloads/xcode/books_build2
    write-file /Users/justingardner/Library/Developer/Xcode/DerivedData/books-fpommwulutefkublemohbizwfike/Build/Intermediates.noindex/books.build/Debug-iphonesimulator/books.build/Objects-normal/arm64/books.SwiftConstValuesFileList

WriteAuxiliaryFile /Users/justingardner/Library/Developer/Xcode/DerivedData/books-fpommwulutefkublemohbizwfike/Build/Intermediates.noindex/books.build/Debug-iphonesimulator/books.build/Objects-normal/arm64/books.LinkFileList (in target 'books' from project 'books')
    cd /Users/justingardner/Downloads/xcode/books_build2
    write-file /Users/justingardner/Library/Developer/Xcode/DerivedData/books-fpommwulutefkublemohbizwfike/Build/Intermediates.noindex/books.build/Debug-iphonesimulator/books.build/Objects-normal/arm64/books.LinkFileList

WriteAuxiliaryFile /Users/justingardner/Library/Developer/Xcode/DerivedData/books-fpommwulutefkublemohbizwfike/Build/Intermediates.noindex/books.build/Debug-iphonesimulator/booksUITests.build/Objects-normal/arm64/booksUITests.SwiftFileList (in target 'booksUITests' from project 'books')
    cd /Users/justingardner/Downloads/xcode/books_build2
    write-file /Users/justingardner/Library/Developer/Xcode/DerivedData/books-fpommwulutefkublemohbizwfike/Build/Intermediates.noindex/books.build/Debug-iphonesimulator/booksUITests.build/Objects-normal/arm64/booksUITests.SwiftFileList

WriteAuxiliaryFile /Users/justingardner/Library/Developer/Xcode/DerivedData/books-fpommwulutefkublemohbizwfike/Build/Intermediates.noindex/books.build/Debug-iphonesimulator/booksUITests.build/Objects-normal/arm64/booksUITests.SwiftConstValuesFileList (in target 'booksUITests' from project 'books')
    cd /Users/justingardner/Downloads/xcode/books_build2
    write-file /Users/justingardner/Library/Developer/Xcode/DerivedData/books-fpommwulutefkublemohbizwfike/Build/Intermediates.noindex/books.build/Debug-iphonesimulator/booksUITests.build/Objects-normal/arm64/booksUITests.SwiftConstValuesFileList

WriteAuxiliaryFile /Users/justingardner/Library/Developer/Xcode/DerivedData/books-fpommwulutefkublemohbizwfike/Build/Intermediates.noindex/books.build/Debug-iphonesimulator/booksUITests.build/Objects-normal/arm64/booksUITests.LinkFileList (in target 'booksUITests' from project 'books')
    cd /Users/justingardner/Downloads/xcode/books_build2
    write-file /Users/justingardner/Library/Developer/Xcode/DerivedData/books-fpommwulutefkublemohbizwfike/Build/Intermediates.noindex/books.build/Debug-iphonesimulator/booksUITests.build/Objects-normal/arm64/booksUITests.LinkFileList

ProcessInfoPlistFile /Users/justingardner/Library/Developer/Xcode/DerivedData/books-fpommwulutefkublemohbizwfike/Build/Products/Debug-iphonesimulator/books.app/Info.plist /Users/justingardner/Downloads/xcode/books_build2/books/Info.plist (in target 'books' from project 'books')
    cd /Users/justingardner/Downloads/xcode/books_build2
    builtin-infoPlistUtility /Users/justingardner/Downloads/xcode/books_build2/books/Info.plist -producttype com.apple.product-type.application -genpkginfo /Users/justingardner/Library/Developer/Xcode/DerivedData/books-fpommwulutefkublemohbizwfike/Build/Products/Debug-iphonesimulator/books.app/PkgInfo -expandbuildsettings -format binary -platform iphonesimulator -additionalcontentfile /Users/justingardner/Library/Developer/Xcode/DerivedData/books-fpommwulutefkublemohbizwfike/Build/Intermediates.noindex/books.build/Debug-iphonesimulator/books.build/assetcatalog_generated_info.plist -o /Users/justingardner/Library/Developer/Xcode/DerivedData/books-fpommwulutefkublemohbizwfike/Build/Products/Debug-iphonesimulator/books.app/Info.plist

SwiftDriver books normal arm64 com.apple.xcode.tools.swift.compiler (in target 'books' from project 'books')
    cd /Users/justingardner/Downloads/xcode/books_build2
    builtin-SwiftDriver -- /Applications/Xcode.app/Contents/Developer/Toolchains/XcodeDefault.xctoolchain/usr/bin/swiftc -module-name books -Onone -enforce-exclusivity\=checked @/Users/justingardner/Library/Developer/Xcode/DerivedData/books-fpommwulutefkublemohbizwfike/Build/Intermediates.noindex/books.build/Debug-iphonesimulator/books.build/Objects-normal/arm64/books.SwiftFileList -DDEBUG -enable-bare-slash-regex -enable-experimental-feature DebugDescriptionMacro -sdk /Applications/Xcode.app/Contents/Developer/Platforms/iPhoneSimulator.platform/Developer/SDKs/iPhoneSimulator18.5.sdk -target arm64-apple-ios18.0-simulator -g -module-cache-path /Users/justingardner/Library/Developer/Xcode/DerivedData/ModuleCache.noindex -Xfrontend -serialize-debugging-options -profile-coverage-mapping -profile-generate -enable-testing -index-store-path /Users/justingardner/Library/Developer/Xcode/DerivedData/books-fpommwulutefkublemohbizwfike/Index.noindex/DataStore -swift-version 5 -I /Users/justingardner/Library/Developer/Xcode/DerivedData/books-fpommwulutefkublemohbizwfike/Build/Products/Debug-iphonesimulator -F /Users/justingardner/Library/Developer/Xcode/DerivedData/books-fpommwulutefkublemohbizwfike/Build/Products/Debug-iphonesimulator -emit-localized-strings -emit-localized-strings-path /Users/justingardner/Library/Developer/Xcode/DerivedData/books-fpommwulutefkublemohbizwfike/Build/Intermediates.noindex/books.build/Debug-iphonesimulator/books.build/Objects-normal/arm64 -c -j12 -enable-batch-mode -incremental -Xcc -ivfsstatcache -Xcc /Users/justingardner/Library/Developer/Xcode/DerivedData/SDKStatCaches.noindex/iphonesimulator18.5-22F76-d5fc8ad4295d2ef488fb7d0f804ce0c4.sdkstatcache -output-file-map /Users/justingardner/Library/Developer/Xcode/DerivedData/books-fpommwulutefkublemohbizwfike/Build/Intermediates.noindex/books.build/Debug-iphonesimulator/books.build/Objects-normal/arm64/books-OutputFileMap.json -use-frontend-parseable-output -save-temps -no-color-diagnostics -serialize-diagnostics -emit-dependencies -emit-module -emit-module-path /Users/justingardner/Library/Developer/Xcode/DerivedData/books-fpommwulutefkublemohbizwfike/Build/Intermediates.noindex/books.build/Debug-iphonesimulator/books.build/Objects-normal/arm64/books.swiftmodule -validate-clang-modules-once -clang-build-session-file /Users/justingardner/Library/Developer/Xcode/DerivedData/ModuleCache.noindex/Session.modulevalidation -Xcc -I/Users/justingardner/Library/Developer/Xcode/DerivedData/books-fpommwulutefkublemohbizwfike/Build/Intermediates.noindex/books.build/Debug-iphonesimulator/books.build/swift-overrides.hmap -emit-const-values -Xfrontend -const-gather-protocols-file -Xfrontend /Users/justingardner/Library/Developer/Xcode/DerivedData/books-fpommwulutefkublemohbizwfike/Build/Intermediates.noindex/books.build/Debug-iphonesimulator/books.build/Objects-normal/arm64/books_const_extract_protocols.json -Xcc -iquote -Xcc /Users/justingardner/Library/Developer/Xcode/DerivedData/books-fpommwulutefkublemohbizwfike/Build/Intermediates.noindex/books.build/Debug-iphonesimulator/books.build/books-generated-files.hmap -Xcc -I/Users/justingardner/Library/Developer/Xcode/DerivedData/books-fpommwulutefkublemohbizwfike/Build/Intermediates.noindex/books.build/Debug-iphonesimulator/books.build/books-own-target-headers.hmap -Xcc -I/Users/justingardner/Library/Developer/Xcode/DerivedData/books-fpommwulutefkublemohbizwfike/Build/Intermediates.noindex/books.build/Debug-iphonesimulator/books.build/books-all-target-headers.hmap -Xcc -iquote -Xcc /Users/justingardner/Library/Developer/Xcode/DerivedData/books-fpommwulutefkublemohbizwfike/Build/Intermediates.noindex/books.build/Debug-iphonesimulator/books.build/books-project-headers.hmap -Xcc -I/Users/justingardner/Library/Developer/Xcode/DerivedData/books-fpommwulutefkublemohbizwfike/Build/Products/Debug-iphonesimulator/include -Xcc -I/Users/justingardner/Library/Developer/Xcode/DerivedData/books-fpommwulutefkublemohbizwfike/Build/Intermediates.noindex/books.build/Debug-iphonesimulator/books.build/DerivedSources-normal/arm64 -Xcc -I/Users/justingardner/Library/Developer/Xcode/DerivedData/books-fpommwulutefkublemohbizwfike/Build/Intermediates.noindex/books.build/Debug-iphonesimulator/books.build/DerivedSources/arm64 -Xcc -I/Users/justingardner/Library/Developer/Xcode/DerivedData/books-fpommwulutefkublemohbizwfike/Build/Intermediates.noindex/books.build/Debug-iphonesimulator/books.build/DerivedSources -Xcc -DDEBUG\=1 -emit-objc-header -emit-objc-header-path /Users/justingardner/Library/Developer/Xcode/DerivedData/books-fpommwulutefkublemohbizwfike/Build/Intermediates.noindex/books.build/Debug-iphonesimulator/books.build/Objects-normal/arm64/books-Swift.h -working-directory /Users/justingardner/Downloads/xcode/books_build2 -experimental-emit-module-separately -disable-cmo

SwiftEmitModule normal arm64 Emitting\ module\ for\ books (in target 'books' from project 'books')

EmitSwiftModule normal arm64 (in target 'books' from project 'books')
    cd /Users/justingardner/Downloads/xcode/books_build2
    

SwiftCompile normal arm64 Compiling\ PageInputView.swift /Users/justingardner/Downloads/xcode/books_build2/books/Views/Components/PageInputView.swift (in target 'books' from project 'books')

SwiftCompile normal arm64 /Users/justingardner/Downloads/xcode/books_build2/books/Views/Components/PageInputView.swift (in target 'books' from project 'books')
    cd /Users/justingardner/Downloads/xcode/books_build2
    

SwiftCompile normal arm64 Compiling\ SearchView.swift /Users/justingardner/Downloads/xcode/books_build2/books/Views/Main/SearchView.swift (in target 'books' from project 'books')
SwiftCompile normal arm64 /Users/justingardner/Downloads/xcode/books_build2/books/Views/Main/SearchView.swift (in target 'books' from project 'books')
    cd /Users/justingardner/Downloads/xcode/books_build2
    

SwiftCompile normal arm64 Compiling\ BookDetailsView.swift /Users/justingardner/Downloads/xcode/books_build2/books/Views/Detail/BookDetailsView.swift (in target 'books' from project 'books')

SwiftCompile normal arm64 /Users/justingardner/Downloads/xcode/books_build2/books/Views/Detail/BookDetailsView.swift (in target 'books' from project 'books')
    cd /Users/justingardner/Downloads/xcode/books_build2
    

SwiftCompile normal arm64 Compiling\ GoalSettingsView.swift /Users/justingardner/Downloads/xcode/books_build2/books/Views/Components/GoalSettingsView.swift (in target 'books' from project 'books')

SwiftCompile normal arm64 /Users/justingardner/Downloads/xcode/books_build2/books/Views/Components/GoalSettingsView.swift (in target 'books' from project 'books')
    cd /Users/justingardner/Downloads/xcode/books_build2
    

SwiftCompile normal arm64 Compiling\ BookSearchService.swift /Users/justingardner/Downloads/xcode/books_build2/books/Services/BookSearchService.swift (in target 'books' from project 'books')

SwiftCompile normal arm64 /Users/justingardner/Downloads/xcode/books_build2/books/Services/BookSearchService.swift (in target 'books' from project 'books')
    cd /Users/justingardner/Downloads/xcode/books_build2
    

SwiftCompile normal arm64 Compiling\ EditBookView.swift /Users/justingardner/Downloads/xcode/books_build2/books/Views/Detail/EditBookView.swift (in target 'books' from project 'books')

SwiftCompile normal arm64 /Users/justingardner/Downloads/xcode/books_build2/books/Views/Detail/EditBookView.swift (in target 'books' from project 'books')
    cd /Users/justingardner/Downloads/xcode/books_build2
    

SwiftCompile normal arm64 Compiling\ CulturalDiversityView.swift /Users/justingardner/Downloads/xcode/books_build2/books/Views/Main/CulturalDiversityView.swift (in target 'books' from project 'books')
SwiftCompile normal arm64 /Users/justingardner/Downloads/xcode/books_build2/books/Views/Main/CulturalDiversityView.swift (in target 'books' from project 'books')
    cd /Users/justingardner/Downloads/xcode/books_build2
    

SwiftDriverJobDiscovery normal arm64 Compiling BookSearchService.swift (in target 'books' from project 'books')

SwiftDriverJobDiscovery normal arm64 Compiling GoalSettingsView.swift (in target 'books' from project 'books')

SwiftDriverJobDiscovery normal arm64 Compiling BookDetailsView.swift (in target 'books' from project 'books')

SwiftCompile normal arm64 Compiling\ BookCoverImage.swift,\ ColumnMappingView.swift,\ SharedComponents.swift /Users/justingardner/Downloads/xcode/books_build2/books/Views/Components/BookCoverImage.swift /Users/justingardner/Downloads/xcode/books_build2/books/Views/Import/ColumnMappingView.swift /Users/justingardner/Downloads/xcode/books_build2/books/Views/Components/SharedComponents.swift (in target 'books' from project 'books')

SwiftCompile normal arm64 /Users/justingardner/Downloads/xcode/books_build2/books/Views/Components/BookCoverImage.swift (in target 'books' from project 'books')
    cd /Users/justingardner/Downloads/xcode/books_build2
    

SwiftCompile normal arm64 /Users/justingardner/Downloads/xcode/books_build2/books/Views/Import/ColumnMappingView.swift (in target 'books' from project 'books')
    cd /Users/justingardner/Downloads/xcode/books_build2
    

SwiftCompile normal arm64 /Users/justingardner/Downloads/xcode/books_build2/books/Views/Components/SharedComponents.swift (in target 'books' from project 'books')
    cd /Users/justingardner/Downloads/xcode/books_build2
    

SwiftCompile normal arm64 Compiling\ UnifiedBookComponents.swift,\ ImportCompletionBanner.swift,\ DataMigrationManager.swift /Users/justingardner/Downloads/xcode/books_build2/books/Views/Components/UnifiedBookComponents.swift /Users/justingardner/Downloads/xcode/books_build2/books/Views/Components/ImportCompletionBanner.swift /Users/justingardner/Downloads/xcode/books_build2/books/Services/DataMigrationManager.swift (in target 'books' from project 'books')

SwiftCompile normal arm64 /Users/justingardner/Downloads/xcode/books_build2/books/Views/Components/UnifiedBookComponents.swift (in target 'books' from project 'books')
    cd /Users/justingardner/Downloads/xcode/books_build2
    

SwiftCompile normal arm64 /Users/justingardner/Downloads/xcode/books_build2/books/Views/Components/ImportCompletionBanner.swift (in target 'books' from project 'books')
    cd /Users/justingardner/Downloads/xcode/books_build2
    

SwiftCompile normal arm64 /Users/justingardner/Downloads/xcode/books_build2/books/Services/DataMigrationManager.swift (in target 'books' from project 'books')
    cd /Users/justingardner/Downloads/xcode/books_build2
    

SwiftCompile normal arm64 Compiling\ NavigationDestinations.swift,\ ImportPreviewView.swift,\ DataQualityIndicator.swift /Users/justingardner/Downloads/xcode/books_build2/books/Views/Navigation/NavigationDestinations.swift /Users/justingardner/Downloads/xcode/books_build2/books/Views/Import/ImportPreviewView.swift /Users/justingardner/Downloads/xcode/books_build2/books/Views/Components/DataQualityIndicator.swift (in target 'books' from project 'books')

SwiftCompile normal arm64 /Users/justingardner/Downloads/xcode/books_build2/books/Views/Navigation/NavigationDestinations.swift (in target 'books' from project 'books')
    cd /Users/justingardner/Downloads/xcode/books_build2
    

SwiftCompile normal arm64 /Users/justingardner/Downloads/xcode/books_build2/books/Views/Import/ImportPreviewView.swift (in target 'books' from project 'books')
    cd /Users/justingardner/Downloads/xcode/books_build2
    

SwiftCompile normal arm64 /Users/justingardner/Downloads/xcode/books_build2/books/Views/Components/DataQualityIndicator.swift (in target 'books' from project 'books')
    cd /Users/justingardner/Downloads/xcode/books_build2
    

SwiftCompile normal arm64 Compiling\ booksApp.swift,\ CSVImportService.swift,\ ContentView.swift /Users/justingardner/Downloads/xcode/books_build2/books/App/booksApp.swift /Users/justingardner/Downloads/xcode/books_build2/books/Services/CSVImportService.swift /Users/justingardner/Downloads/xcode/books_build2/books/Views/Main/ContentView.swift (in target 'books' from project 'books')

SwiftCompile normal arm64 /Users/justingardner/Downloads/xcode/books_build2/books/App/booksApp.swift (in target 'books' from project 'books')
    cd /Users/justingardner/Downloads/xcode/books_build2
    

SwiftCompile normal arm64 /Users/justingardner/Downloads/xcode/books_build2/books/Services/CSVImportService.swift (in target 'books' from project 'books')
    cd /Users/justingardner/Downloads/xcode/books_build2
    

SwiftCompile normal arm64 /Users/justingardner/Downloads/xcode/books_build2/books/Views/Main/ContentView.swift (in target 'books' from project 'books')
    cd /Users/justingardner/Downloads/xcode/books_build2
    

SwiftCompile normal arm64 Compiling\ GoalProgressRing.swift,\ SharedModifiers.swift,\ AboutThisAppView.swift /Users/justingardner/Downloads/xcode/books_build2/books/Views/Components/GoalProgressRing.swift /Users/justingardner/Downloads/xcode/books_build2/books/Theme/SharedModifiers.swift /Users/justingardner/Downloads/xcode/books_build2/books/Views/Main/AboutThisAppView.swift (in target 'books' from project 'books')

SwiftCompile normal arm64 /Users/justingardner/Downloads/xcode/books_build2/books/Views/Components/GoalProgressRing.swift (in target 'books' from project 'books')
    cd /Users/justingardner/Downloads/xcode/books_build2
    

SwiftCompile normal arm64 /Users/justingardner/Downloads/xcode/books_build2/books/Theme/SharedModifiers.swift (in target 'books' from project 'books')
    cd /Users/justingardner/Downloads/xcode/books_build2
    

SwiftCompile normal arm64 /Users/justingardner/Downloads/xcode/books_build2/books/Views/Main/AboutThisAppView.swift (in target 'books' from project 'books')
    cd /Users/justingardner/Downloads/xcode/books_build2
    

SwiftCompile normal arm64 Compiling\ BarcodeScanner.swift,\ StatsView.swift,\ RatingGestureModifier.swift /Users/justingardner/Downloads/xcode/books_build2/books/Utilities/BarcodeScanner.swift /Users/justingardner/Downloads/xcode/books_build2/books/Views/Main/StatsView.swift /Users/justingardner/Downloads/xcode/books_build2/books/Views/Components/RatingGestureModifier.swift (in target 'books' from project 'books')
SwiftCompile normal arm64 /Users/justingardner/Downloads/xcode/books_build2/books/Utilities/BarcodeScanner.swift (in target 'books' from project 'books')
    cd /Users/justingardner/Downloads/xcode/books_build2
    

SwiftCompile normal arm64 /Users/justingardner/Downloads/xcode/books_build2/books/Views/Main/StatsView.swift (in target 'books' from project 'books')
    cd /Users/justingardner/Downloads/xcode/books_build2
    

SwiftCompile normal arm64 /Users/justingardner/Downloads/xcode/books_build2/books/Views/Components/RatingGestureModifier.swift (in target 'books' from project 'books')
    cd /Users/justingardner/Downloads/xcode/books_build2
    

SwiftCompile normal arm64 Compiling\ SupportingViews.swift,\ CulturalSelectionPickers.swift,\ DuplicateDetection.swift /Users/justingardner/Downloads/xcode/books_build2/books/Views/Components/SupportingViews.swift /Users/justingardner/Downloads/xcode/books_build2/books/Views/Components/CulturalSelectionPickers.swift /Users/justingardner/Downloads/xcode/books_build2/books/Utilities/DuplicateDetection.swift (in target 'books' from project 'books')

SwiftCompile normal arm64 /Users/justingardner/Downloads/xcode/books_build2/books/Views/Components/SupportingViews.swift (in target 'books' from project 'books')
    cd /Users/justingardner/Downloads/xcode/books_build2
    

SwiftCompile normal arm64 /Users/justingardner/Downloads/xcode/books_build2/books/Views/Components/CulturalSelectionPickers.swift (in target 'books' from project 'books')
    cd /Users/justingardner/Downloads/xcode/books_build2
    

SwiftCompile normal arm64 /Users/justingardner/Downloads/xcode/books_build2/books/Utilities/DuplicateDetection.swift (in target 'books' from project 'books')
    cd /Users/justingardner/Downloads/xcode/books_build2
    

SwiftCompile normal arm64 Compiling\ BookRowView.swift,\ ReadingGoalsManager.swift,\ CSVImportView.swift /Users/justingardner/Downloads/xcode/books_build2/books/Views/Components/BookRowView.swift /Users/justingardner/Downloads/xcode/books_build2/books/Managers/ReadingGoalsManager.swift /Users/justingardner/Downloads/xcode/books_build2/books/Views/Import/CSVImportView.swift (in target 'books' from project 'books')

SwiftCompile normal arm64 /Users/justingardner/Downloads/xcode/books_build2/books/Views/Components/BookRowView.swift (in target 'books' from project 'books')
    cd /Users/justingardner/Downloads/xcode/books_build2
    

SwiftCompile normal arm64 /Users/justingardner/Downloads/xcode/books_build2/books/Managers/ReadingGoalsManager.swift (in target 'books' from project 'books')
    cd /Users/justingardner/Downloads/xcode/books_build2
    

SwiftCompile normal arm64 /Users/justingardner/Downloads/xcode/books_build2/books/Views/Import/CSVImportView.swift (in target 'books' from project 'books')
    cd /Users/justingardner/Downloads/xcode/books_build2
    

SwiftDriverJobDiscovery normal arm64 Compiling PageInputView.swift (in target 'books' from project 'books')

SwiftCompile normal arm64 Compiling\ BookMetadata.swift,\ GenreBreakdownChartView.swift,\ AuthorSearchResultsView.swift,\ LibraryFilterView.swift /Users/justingardner/Downloads/xcode/books_build2/books/Models/BookMetadata.swift /Users/justingardner/Downloads/xcode/books_build2/books/Charts/GenreBreakdownChartView.swift /Users/justingardner/Downloads/xcode/books_build2/books/Views/Detail/AuthorSearchResultsView.swift /Users/justingardner/Downloads/xcode/books_build2/books/Views/Components/LibraryFilterView.swift (in target 'books' from project 'books')

SwiftCompile normal arm64 /Users/justingardner/Downloads/xcode/books_build2/books/Models/BookMetadata.swift (in target 'books' from project 'books')
    cd /Users/justingardner/Downloads/xcode/books_build2
    

SwiftCompile normal arm64 /Users/justingardner/Downloads/xcode/books_build2/books/Charts/GenreBreakdownChartView.swift (in target 'books' from project 'books')
    cd /Users/justingardner/Downloads/xcode/books_build2
    

SwiftCompile normal arm64 /Users/justingardner/Downloads/xcode/books_build2/books/Views/Detail/AuthorSearchResultsView.swift (in target 'books' from project 'books')
    cd /Users/justingardner/Downloads/xcode/books_build2
    

SwiftCompile normal arm64 /Users/justingardner/Downloads/xcode/books_build2/books/Views/Components/LibraryFilterView.swift (in target 'books' from project 'books')
    cd /Users/justingardner/Downloads/xcode/books_build2
    

SwiftDriverJobDiscovery normal arm64 Emitting module for books (in target 'books' from project 'books')

SwiftDriver\ Compilation\ Requirements books normal arm64 com.apple.xcode.tools.swift.compiler (in target 'books' from project 'books')
    cd /Users/justingardner/Downloads/xcode/books_build2
    builtin-Swift-Compilation-Requirements -- /Applications/Xcode.app/Contents/Developer/Toolchains/XcodeDefault.xctoolchain/usr/bin/swiftc -module-name books -Onone -enforce-exclusivity\=checked @/Users/justingardner/Library/Developer/Xcode/DerivedData/books-fpommwulutefkublemohbizwfike/Build/Intermediates.noindex/books.build/Debug-iphonesimulator/books.build/Objects-normal/arm64/books.SwiftFileList -DDEBUG -enable-bare-slash-regex -enable-experimental-feature DebugDescriptionMacro -sdk /Applications/Xcode.app/Contents/Developer/Platforms/iPhoneSimulator.platform/Developer/SDKs/iPhoneSimulator18.5.sdk -target arm64-apple-ios18.0-simulator -g -module-cache-path /Users/justingardner/Library/Developer/Xcode/DerivedData/ModuleCache.noindex -Xfrontend -serialize-debugging-options -profile-coverage-mapping -profile-generate -enable-testing -index-store-path /Users/justingardner/Library/Developer/Xcode/DerivedData/books-fpommwulutefkublemohbizwfike/Index.noindex/DataStore -swift-version 5 -I /Users/justingardner/Library/Developer/Xcode/DerivedData/books-fpommwulutefkublemohbizwfike/Build/Products/Debug-iphonesimulator -F /Users/justingardner/Library/Developer/Xcode/DerivedData/books-fpommwulutefkublemohbizwfike/Build/Products/Debug-iphonesimulator -emit-localized-strings -emit-localized-strings-path /Users/justingardner/Library/Developer/Xcode/DerivedData/books-fpommwulutefkublemohbizwfike/Build/Intermediates.noindex/books.build/Debug-iphonesimulator/books.build/Objects-normal/arm64 -c -j12 -enable-batch-mode -incremental -Xcc -ivfsstatcache -Xcc /Users/justingardner/Library/Developer/Xcode/DerivedData/SDKStatCaches.noindex/iphonesimulator18.5-22F76-d5fc8ad4295d2ef488fb7d0f804ce0c4.sdkstatcache -output-file-map /Users/justingardner/Library/Developer/Xcode/DerivedData/books-fpommwulutefkublemohbizwfike/Build/Intermediates.noindex/books.build/Debug-iphonesimulator/books.build/Objects-normal/arm64/books-OutputFileMap.json -use-frontend-parseable-output -save-temps -no-color-diagnostics -serialize-diagnostics -emit-dependencies -emit-module -emit-module-path /Users/justingardner/Library/Developer/Xcode/DerivedData/books-fpommwulutefkublemohbizwfike/Build/Intermediates.noindex/books.build/Debug-iphonesimulator/books.build/Objects-normal/arm64/books.swiftmodule -validate-clang-modules-once -clang-build-session-file /Users/justingardner/Library/Developer/Xcode/DerivedData/ModuleCache.noindex/Session.modulevalidation -Xcc -I/Users/justingardner/Library/Developer/Xcode/DerivedData/books-fpommwulutefkublemohbizwfike/Build/Intermediates.noindex/books.build/Debug-iphonesimulator/books.build/swift-overrides.hmap -emit-const-values -Xfrontend -const-gather-protocols-file -Xfrontend /Users/justingardner/Library/Developer/Xcode/DerivedData/books-fpommwulutefkublemohbizwfike/Build/Intermediates.noindex/books.build/Debug-iphonesimulator/books.build/Objects-normal/arm64/books_const_extract_protocols.json -Xcc -iquote -Xcc /Users/justingardner/Library/Developer/Xcode/DerivedData/books-fpommwulutefkublemohbizwfike/Build/Intermediates.noindex/books.build/Debug-iphonesimulator/books.build/books-generated-files.hmap -Xcc -I/Users/justingardner/Library/Developer/Xcode/DerivedData/books-fpommwulutefkublemohbizwfike/Build/Intermediates.noindex/books.build/Debug-iphonesimulator/books.build/books-own-target-headers.hmap -Xcc -I/Users/justingardner/Library/Developer/Xcode/DerivedData/books-fpommwulutefkublemohbizwfike/Build/Intermediates.noindex/books.build/Debug-iphonesimulator/books.build/books-all-target-headers.hmap -Xcc -iquote -Xcc /Users/justingardner/Library/Developer/Xcode/DerivedData/books-fpommwulutefkublemohbizwfike/Build/Intermediates.noindex/books.build/Debug-iphonesimulator/books.build/books-project-headers.hmap -Xcc -I/Users/justingardner/Library/Developer/Xcode/DerivedData/books-fpommwulutefkublemohbizwfike/Build/Products/Debug-iphonesimulator/include -Xcc -I/Users/justingardner/Library/Developer/Xcode/DerivedData/books-fpommwulutefkublemohbizwfike/Build/Intermediates.noindex/books.build/Debug-iphonesimulator/books.build/DerivedSources-normal/arm64 -Xcc -I/Users/justingardner/Library/Developer/Xcode/DerivedData/books-fpommwulutefkublemohbizwfike/Build/Intermediates.noindex/books.build/Debug-iphonesimulator/books.build/DerivedSources/arm64 -Xcc -I/Users/justingardner/Library/Developer/Xcode/DerivedData/books-fpommwulutefkublemohbizwfike/Build/Intermediates.noindex/books.build/Debug-iphonesimulator/books.build/DerivedSources -Xcc -DDEBUG\=1 -emit-objc-header -emit-objc-header-path /Users/justingardner/Library/Developer/Xcode/DerivedData/books-fpommwulutefkublemohbizwfike/Build/Intermediates.noindex/books.build/Debug-iphonesimulator/books.build/Objects-normal/arm64/books-Swift.h -working-directory /Users/justingardner/Downloads/xcode/books_build2 -experimental-emit-module-separately -disable-cmo

SwiftDriverJobDiscovery normal arm64 Compiling EditBookView.swift (in target 'books' from project 'books')

SwiftCompile normal arm64 Compiling\ BackgroundImportProgressIndicator.swift,\ UserBook.swift,\ SearchResultDetailView.swift /Users/justingardner/Downloads/xcode/books_build2/books/Views/Components/BackgroundImportProgressIndicator.swift /Users/justingardner/Downloads/xcode/books_build2/books/Models/UserBook.swift /Users/justingardner/Downloads/xcode/books_build2/books/Views/Detail/SearchResultDetailView.swift (in target 'books' from project 'books')

SwiftCompile normal arm64 /Users/justingardner/Downloads/xcode/books_build2/books/Views/Components/BackgroundImportProgressIndicator.swift (in target 'books' from project 'books')
    cd /Users/justingardner/Downloads/xcode/books_build2
    

SwiftCompile normal arm64 /Users/justingardner/Downloads/xcode/books_build2/books/Models/UserBook.swift (in target 'books' from project 'books')
    cd /Users/justingardner/Downloads/xcode/books_build2
    

SwiftCompile normal arm64 /Users/justingardner/Downloads/xcode/books_build2/books/Views/Detail/SearchResultDetailView.swift (in target 'books' from project 'books')
    cd /Users/justingardner/Downloads/xcode/books_build2
    

Copy /Users/justingardner/Library/Developer/Xcode/DerivedData/books-fpommwulutefkublemohbizwfike/Build/Products/Debug-iphonesimulator/books.swiftmodule/arm64-apple-ios-simulator.swiftmodule /Users/justingardner/Library/Developer/Xcode/DerivedData/books-fpommwulutefkublemohbizwfike/Build/Intermediates.noindex/books.build/Debug-iphonesimulator/books.build/Objects-normal/arm64/books.swiftmodule (in target 'books' from project 'books')
    cd /Users/justingardner/Downloads/xcode/books_build2
    builtin-copy -exclude .DS_Store -exclude CVS -exclude .svn -exclude .git -exclude .hg -resolve-src-symlinks -rename /Users/justingardner/Library/Developer/Xcode/DerivedData/books-fpommwulutefkublemohbizwfike/Build/Intermediates.noindex/books.build/Debug-iphonesimulator/books.build/Objects-normal/arm64/books.swiftmodule /Users/justingardner/Library/Developer/Xcode/DerivedData/books-fpommwulutefkublemohbizwfike/Build/Products/Debug-iphonesimulator/books.swiftmodule/arm64-apple-ios-simulator.swiftmodule

SwiftDriverJobDiscovery normal arm64 Compiling SearchView.swift (in target 'books' from project 'books')

Copy /Users/justingardner/Library/Developer/Xcode/DerivedData/books-fpommwulutefkublemohbizwfike/Build/Products/Debug-iphonesimulator/books.swiftmodule/arm64-apple-ios-simulator.swiftdoc /Users/justingardner/Library/Developer/Xcode/DerivedData/books-fpommwulutefkublemohbizwfike/Build/Intermediates.noindex/books.build/Debug-iphonesimulator/books.build/Objects-normal/arm64/books.swiftdoc (in target 'books' from project 'books')
    cd /Users/justingardner/Downloads/xcode/books_build2
    builtin-copy -exclude .DS_Store -exclude CVS -exclude .svn -exclude .git -exclude .hg -resolve-src-symlinks -rename /Users/justingardner/Library/Developer/Xcode/DerivedData/books-fpommwulutefkublemohbizwfike/Build/Intermediates.noindex/books.build/Debug-iphonesimulator/books.build/Objects-normal/arm64/books.swiftdoc /Users/justingardner/Library/Developer/Xcode/DerivedData/books-fpommwulutefkublemohbizwfike/Build/Products/Debug-iphonesimulator/books.swiftmodule/arm64-apple-ios-simulator.swiftdoc

Copy /Users/justingardner/Library/Developer/Xcode/DerivedData/books-fpommwulutefkublemohbizwfike/Build/Products/Debug-iphonesimulator/books.swiftmodule/arm64-apple-ios-simulator.abi.json /Users/justingardner/Library/Developer/Xcode/DerivedData/books-fpommwulutefkublemohbizwfike/Build/Intermediates.noindex/books.build/Debug-iphonesimulator/books.build/Objects-normal/arm64/books.abi.json (in target 'books' from project 'books')
    cd /Users/justingardner/Downloads/xcode/books_build2
    builtin-copy -exclude .DS_Store -exclude CVS -exclude .svn -exclude .git -exclude .hg -resolve-src-symlinks -rename /Users/justingardner/Library/Developer/Xcode/DerivedData/books-fpommwulutefkublemohbizwfike/Build/Intermediates.noindex/books.build/Debug-iphonesimulator/books.build/Objects-normal/arm64/books.abi.json /Users/justingardner/Library/Developer/Xcode/DerivedData/books-fpommwulutefkublemohbizwfike/Build/Products/Debug-iphonesimulator/books.swiftmodule/arm64-apple-ios-simulator.abi.json

Copy /Users/justingardner/Library/Developer/Xcode/DerivedData/books-fpommwulutefkublemohbizwfike/Build/Products/Debug-iphonesimulator/books.swiftmodule/Project/arm64-apple-ios-simulator.swiftsourceinfo /Users/justingardner/Library/Developer/Xcode/DerivedData/books-fpommwulutefkublemohbizwfike/Build/Intermediates.noindex/books.build/Debug-iphonesimulator/books.build/Objects-normal/arm64/books.swiftsourceinfo (in target 'books' from project 'books')
    cd /Users/justingardner/Downloads/xcode/books_build2
    builtin-copy -exclude .DS_Store -exclude CVS -exclude .svn -exclude .git -exclude .hg -resolve-src-symlinks -rename /Users/justingardner/Library/Developer/Xcode/DerivedData/books-fpommwulutefkublemohbizwfike/Build/Intermediates.noindex/books.build/Debug-iphonesimulator/books.build/Objects-normal/arm64/books.swiftsourceinfo /Users/justingardner/Library/Developer/Xcode/DerivedData/books-fpommwulutefkublemohbizwfike/Build/Products/Debug-iphonesimulator/books.swiftmodule/Project/arm64-apple-ios-simulator.swiftsourceinfo

SwiftCompile normal arm64 Compiling\ QuickRatingView.swift,\ LibraryResetService.swift,\ BookCardView.swift /Users/justingardner/Downloads/xcode/books_build2/books/Views/Components/QuickRatingView.swift /Users/justingardner/Downloads/xcode/books_build2/books/Services/LibraryResetService.swift /Users/justingardner/Downloads/xcode/books_build2/books/Views/Components/BookCardView.swift (in target 'books' from project 'books')

SwiftCompile normal arm64 /Users/justingardner/Downloads/xcode/books_build2/books/Views/Components/QuickRatingView.swift (in target 'books' from project 'books')
    cd /Users/justingardner/Downloads/xcode/books_build2
    

SwiftCompile normal arm64 /Users/justingardner/Downloads/xcode/books_build2/books/Services/LibraryResetService.swift (in target 'books' from project 'books')
    cd /Users/justingardner/Downloads/xcode/books_build2
    

SwiftCompile normal arm64 /Users/justingardner/Downloads/xcode/books_build2/books/Views/Components/BookCardView.swift (in target 'books' from project 'books')
    cd /Users/justingardner/Downloads/xcode/books_build2
    

SwiftCompile normal arm64 Compiling\ LibraryView.swift,\ MonthlyReadsChartView.swift,\ QuickFilterBar.swift /Users/justingardner/Downloads/xcode/books_build2/books/Views/Main/LibraryView.swift /Users/justingardner/Downloads/xcode/books_build2/books/Charts/MonthlyReadsChartView.swift /Users/justingardner/Downloads/xcode/books_build2/books/Views/Components/QuickFilterBar.swift (in target 'books' from project 'books')

SwiftCompile normal arm64 /Users/justingardner/Downloads/xcode/books_build2/books/Views/Main/LibraryView.swift (in target 'books' from project 'books')
    cd /Users/justingardner/Downloads/xcode/books_build2
    

SwiftCompile normal arm64 /Users/justingardner/Downloads/xcode/books_build2/books/Charts/MonthlyReadsChartView.swift (in target 'books' from project 'books')
    cd /Users/justingardner/Downloads/xcode/books_build2
    

SwiftCompile normal arm64 /Users/justingardner/Downloads/xcode/books_build2/books/Views/Components/QuickFilterBar.swift (in target 'books' from project 'books')
    cd /Users/justingardner/Downloads/xcode/books_build2
    

SwiftDriverJobDiscovery normal arm64 Compiling GoalProgressRing.swift, SharedModifiers.swift, AboutThisAppView.swift (in target 'books' from project 'books')

SwiftDriverJobDiscovery normal arm64 Compiling NavigationDestinations.swift, ImportPreviewView.swift, DataQualityIndicator.swift (in target 'books' from project 'books')

SwiftDriver booksUITests normal arm64 com.apple.xcode.tools.swift.compiler (in target 'booksUITests' from project 'books')
    cd /Users/justingardner/Downloads/xcode/books_build2
    builtin-SwiftDriver -- /Applications/Xcode.app/Contents/Developer/Toolchains/XcodeDefault.xctoolchain/usr/bin/swiftc -module-name booksUITests -Onone -enforce-exclusivity\=checked @/Users/justingardner/Library/Developer/Xcode/DerivedData/books-fpommwulutefkublemohbizwfike/Build/Intermediates.noindex/books.build/Debug-iphonesimulator/booksUITests.build/Objects-normal/arm64/booksUITests.SwiftFileList -DDEBUG -module-alias Testing\=_Testing_Unavailable -plugin-path /Applications/Xcode.app/Contents/Developer/Toolchains/XcodeDefault.xctoolchain/usr/lib/swift/host/plugins/testing -enable-bare-slash-regex -enable-experimental-feature DebugDescriptionMacro -sdk /Applications/Xcode.app/Contents/Developer/Platforms/iPhoneSimulator.platform/Developer/SDKs/iPhoneSimulator18.5.sdk -target arm64-apple-ios18.0-simulator -g -module-cache-path /Users/justingardner/Library/Developer/Xcode/DerivedData/ModuleCache.noindex -Xfrontend -serialize-debugging-options -profile-coverage-mapping -profile-generate -enable-testing -index-store-path /Users/justingardner/Library/Developer/Xcode/DerivedData/books-fpommwulutefkublemohbizwfike/Index.noindex/DataStore -swift-version 5 -I /Users/justingardner/Library/Developer/Xcode/DerivedData/books-fpommwulutefkublemohbizwfike/Build/Products/Debug-iphonesimulator -I /Applications/Xcode.app/Contents/Developer/Platforms/iPhoneSimulator.platform/Developer/usr/lib -F /Users/justingardner/Library/Developer/Xcode/DerivedData/books-fpommwulutefkublemohbizwfike/Build/Products/Debug-iphonesimulator -F /Applications/Xcode.app/Contents/Developer/Platforms/iPhoneSimulator.platform/Developer/Library/Frameworks -F /Applications/Xcode.app/Contents/Developer/Platforms/iPhoneSimulator.platform/Developer/SDKs/iPhoneSimulator18.5.sdk/Developer/Library/Frameworks -c -j12 -enable-batch-mode -incremental -Xcc -ivfsstatcache -Xcc /Users/justingardner/Library/Developer/Xcode/DerivedData/SDKStatCaches.noindex/iphonesimulator18.5-22F76-d5fc8ad4295d2ef488fb7d0f804ce0c4.sdkstatcache -output-file-map /Users/justingardner/Library/Developer/Xcode/DerivedData/books-fpommwulutefkublemohbizwfike/Build/Intermediates.noindex/books.build/Debug-iphonesimulator/booksUITests.build/Objects-normal/arm64/booksUITests-OutputFileMap.json -use-frontend-parseable-output -save-temps -no-color-diagnostics -serialize-diagnostics -emit-dependencies -emit-module -emit-module-path /Users/justingardner/Library/Developer/Xcode/DerivedData/books-fpommwulutefkublemohbizwfike/Build/Intermediates.noindex/books.build/Debug-iphonesimulator/booksUITests.build/Objects-normal/arm64/booksUITests.swiftmodule -validate-clang-modules-once -clang-build-session-file /Users/justingardner/Library/Developer/Xcode/DerivedData/ModuleCache.noindex/Session.modulevalidation -Xcc -I/Users/justingardner/Library/Developer/Xcode/DerivedData/books-fpommwulutefkublemohbizwfike/Build/Intermediates.noindex/books.build/Debug-iphonesimulator/booksUITests.build/swift-overrides.hmap -emit-const-values -Xfrontend -const-gather-protocols-file -Xfrontend /Users/justingardner/Library/Developer/Xcode/DerivedData/books-fpommwulutefkublemohbizwfike/Build/Intermediates.noindex/books.build/Debug-iphonesimulator/booksUITests.build/Objects-normal/arm64/booksUITests_const_extract_protocols.json -Xcc -iquote -Xcc /Users/justingardner/Library/Developer/Xcode/DerivedData/books-fpommwulutefkublemohbizwfike/Build/Intermediates.noindex/books.build/Debug-iphonesimulator/booksUITests.build/booksUITests-generated-files.hmap -Xcc -I/Users/justingardner/Library/Developer/Xcode/DerivedData/books-fpommwulutefkublemohbizwfike/Build/Intermediates.noindex/books.build/Debug-iphonesimulator/booksUITests.build/booksUITests-own-target-headers.hmap -Xcc -I/Users/justingardner/Library/Developer/Xcode/DerivedData/books-fpommwulutefkublemohbizwfike/Build/Intermediates.noindex/books.build/Debug-iphonesimulator/booksUITests.build/booksUITests-all-target-headers.hmap -Xcc -iquote -Xcc /Users/justingardner/Library/Developer/Xcode/DerivedData/books-fpommwulutefkublemohbizwfike/Build/Intermediates.noindex/books.build/Debug-iphonesimulator/booksUITests.build/booksUITests-project-headers.hmap -Xcc -I/Users/justingardner/Library/Developer/Xcode/DerivedData/books-fpommwulutefkublemohbizwfike/Build/Products/Debug-iphonesimulator/include -Xcc -I/Users/justingardner/Library/Developer/Xcode/DerivedData/books-fpommwulutefkublemohbizwfike/Build/Intermediates.noindex/books.build/Debug-iphonesimulator/booksUITests.build/DerivedSources-normal/arm64 -Xcc -I/Users/justingardner/Library/Developer/Xcode/DerivedData/books-fpommwulutefkublemohbizwfike/Build/Intermediates.noindex/books.build/Debug-iphonesimulator/booksUITests.build/DerivedSources/arm64 -Xcc -I/Users/justingardner/Library/Developer/Xcode/DerivedData/books-fpommwulutefkublemohbizwfike/Build/Intermediates.noindex/books.build/Debug-iphonesimulator/booksUITests.build/DerivedSources -Xcc -DDEBUG\=1 -emit-objc-header -emit-objc-header-path /Users/justingardner/Library/Developer/Xcode/DerivedData/books-fpommwulutefkublemohbizwfike/Build/Intermediates.noindex/books.build/Debug-iphonesimulator/booksUITests.build/Objects-normal/arm64/booksUITests-Swift.h -working-directory /Users/justingardner/Downloads/xcode/books_build2 -experimental-emit-module-separately -disable-cmo

SwiftDriver booksTests normal arm64 com.apple.xcode.tools.swift.compiler (in target 'booksTests' from project 'books')
    cd /Users/justingardner/Downloads/xcode/books_build2
    builtin-SwiftDriver -- /Applications/Xcode.app/Contents/Developer/Toolchains/XcodeDefault.xctoolchain/usr/bin/swiftc -module-name booksTests -Onone -enforce-exclusivity\=checked @/Users/justingardner/Library/Developer/Xcode/DerivedData/books-fpommwulutefkublemohbizwfike/Build/Intermediates.noindex/books.build/Debug-iphonesimulator/booksTests.build/Objects-normal/arm64/booksTests.SwiftFileList -DDEBUG -plugin-path /Applications/Xcode.app/Contents/Developer/Toolchains/XcodeDefault.xctoolchain/usr/lib/swift/host/plugins/testing -enable-bare-slash-regex -enable-experimental-feature DebugDescriptionMacro -sdk /Applications/Xcode.app/Contents/Developer/Platforms/iPhoneSimulator.platform/Developer/SDKs/iPhoneSimulator18.5.sdk -target arm64-apple-ios18.0-simulator -g -module-cache-path /Users/justingardner/Library/Developer/Xcode/DerivedData/ModuleCache.noindex -Xfrontend -serialize-debugging-options -profile-coverage-mapping -profile-generate -enable-testing -index-store-path /Users/justingardner/Library/Developer/Xcode/DerivedData/books-fpommwulutefkublemohbizwfike/Index.noindex/DataStore -swift-version 5 -I /Users/justingardner/Library/Developer/Xcode/DerivedData/books-fpommwulutefkublemohbizwfike/Build/Products/Debug-iphonesimulator -I /Applications/Xcode.app/Contents/Developer/Platforms/iPhoneSimulator.platform/Developer/usr/lib -F /Users/justingardner/Library/Developer/Xcode/DerivedData/books-fpommwulutefkublemohbizwfike/Build/Products/Debug-iphonesimulator -F /Applications/Xcode.app/Contents/Developer/Platforms/iPhoneSimulator.platform/Developer/Library/Frameworks -F /Applications/Xcode.app/Contents/Developer/Platforms/iPhoneSimulator.platform/Developer/SDKs/iPhoneSimulator18.5.sdk/Developer/Library/Frameworks -c -j12 -enable-batch-mode -incremental -Xcc -ivfsstatcache -Xcc /Users/justingardner/Library/Developer/Xcode/DerivedData/SDKStatCaches.noindex/iphonesimulator18.5-22F76-d5fc8ad4295d2ef488fb7d0f804ce0c4.sdkstatcache -output-file-map /Users/justingardner/Library/Developer/Xcode/DerivedData/books-fpommwulutefkublemohbizwfike/Build/Intermediates.noindex/books.build/Debug-iphonesimulator/booksTests.build/Objects-normal/arm64/booksTests-OutputFileMap.json -use-frontend-parseable-output -save-temps -no-color-diagnostics -serialize-diagnostics -emit-dependencies -emit-module -emit-module-path /Users/justingardner/Library/Developer/Xcode/DerivedData/books-fpommwulutefkublemohbizwfike/Build/Intermediates.noindex/books.build/Debug-iphonesimulator/booksTests.build/Objects-normal/arm64/booksTests.swiftmodule -validate-clang-modules-once -clang-build-session-file /Users/justingardner/Library/Developer/Xcode/DerivedData/ModuleCache.noindex/Session.modulevalidation -Xcc -I/Users/justingardner/Library/Developer/Xcode/DerivedData/books-fpommwulutefkublemohbizwfike/Build/Intermediates.noindex/books.build/Debug-iphonesimulator/booksTests.build/swift-overrides.hmap -emit-const-values -Xfrontend -const-gather-protocols-file -Xfrontend /Users/justingardner/Library/Developer/Xcode/DerivedData/books-fpommwulutefkublemohbizwfike/Build/Intermediates.noindex/books.build/Debug-iphonesimulator/booksTests.build/Objects-normal/arm64/booksTests_const_extract_protocols.json -Xcc -iquote -Xcc /Users/justingardner/Library/Developer/Xcode/DerivedData/books-fpommwulutefkublemohbizwfike/Build/Intermediates.noindex/books.build/Debug-iphonesimulator/booksTests.build/booksTests-generated-files.hmap -Xcc -I/Users/justingardner/Library/Developer/Xcode/DerivedData/books-fpommwulutefkublemohbizwfike/Build/Intermediates.noindex/books.build/Debug-iphonesimulator/booksTests.build/booksTests-own-target-headers.hmap -Xcc -I/Users/justingardner/Library/Developer/Xcode/DerivedData/books-fpommwulutefkublemohbizwfike/Build/Intermediates.noindex/books.build/Debug-iphonesimulator/booksTests.build/booksTests-all-target-headers.hmap -Xcc -iquote -Xcc /Users/justingardner/Library/Developer/Xcode/DerivedData/books-fpommwulutefkublemohbizwfike/Build/Intermediates.noindex/books.build/Debug-iphonesimulator/booksTests.build/booksTests-project-headers.hmap -Xcc -I/Users/justingardner/Library/Developer/Xcode/DerivedData/books-fpommwulutefkublemohbizwfike/Build/Products/Debug-iphonesimulator/include -Xcc -I/Users/justingardner/Library/Developer/Xcode/DerivedData/books-fpommwulutefkublemohbizwfike/Build/Intermediates.noindex/books.build/Debug-iphonesimulator/booksTests.build/DerivedSources-normal/arm64 -Xcc -I/Users/justingardner/Library/Developer/Xcode/DerivedData/books-fpommwulutefkublemohbizwfike/Build/Intermediates.noindex/books.build/Debug-iphonesimulator/booksTests.build/DerivedSources/arm64 -Xcc -I/Users/justingardner/Library/Developer/Xcode/DerivedData/books-fpommwulutefkublemohbizwfike/Build/Intermediates.noindex/books.build/Debug-iphonesimulator/booksTests.build/DerivedSources -Xcc -DDEBUG\=1 -emit-objc-header -emit-objc-header-path /Users/justingardner/Library/Developer/Xcode/DerivedData/books-fpommwulutefkublemohbizwfike/Build/Intermediates.noindex/books.build/Debug-iphonesimulator/booksTests.build/Objects-normal/arm64/booksTests-Swift.h -working-directory /Users/justingardner/Downloads/xcode/books_build2 -experimental-emit-module-separately -disable-cmo

SwiftDriverJobDiscovery normal arm64 Compiling UnifiedBookComponents.swift, ImportCompletionBanner.swift, DataMigrationManager.swift (in target 'books' from project 'books')

SwiftDriver\ Compilation\ Requirements booksUITests normal arm64 com.apple.xcode.tools.swift.compiler (in target 'booksUITests' from project 'books')
    cd /Users/justingardner/Downloads/xcode/books_build2
    builtin-Swift-Compilation-Requirements -- /Applications/Xcode.app/Contents/Developer/Toolchains/XcodeDefault.xctoolchain/usr/bin/swiftc -module-name booksUITests -Onone -enforce-exclusivity\=checked @/Users/justingardner/Library/Developer/Xcode/DerivedData/books-fpommwulutefkublemohbizwfike/Build/Intermediates.noindex/books.build/Debug-iphonesimulator/booksUITests.build/Objects-normal/arm64/booksUITests.SwiftFileList -DDEBUG -module-alias Testing\=_Testing_Unavailable -plugin-path /Applications/Xcode.app/Contents/Developer/Toolchains/XcodeDefault.xctoolchain/usr/lib/swift/host/plugins/testing -enable-bare-slash-regex -enable-experimental-feature DebugDescriptionMacro -sdk /Applications/Xcode.app/Contents/Developer/Platforms/iPhoneSimulator.platform/Developer/SDKs/iPhoneSimulator18.5.sdk -target arm64-apple-ios18.0-simulator -g -module-cache-path /Users/justingardner/Library/Developer/Xcode/DerivedData/ModuleCache.noindex -Xfrontend -serialize-debugging-options -profile-coverage-mapping -profile-generate -enable-testing -index-store-path /Users/justingardner/Library/Developer/Xcode/DerivedData/books-fpommwulutefkublemohbizwfike/Index.noindex/DataStore -swift-version 5 -I /Users/justingardner/Library/Developer/Xcode/DerivedData/books-fpommwulutefkublemohbizwfike/Build/Products/Debug-iphonesimulator -I /Applications/Xcode.app/Contents/Developer/Platforms/iPhoneSimulator.platform/Developer/usr/lib -F /Users/justingardner/Library/Developer/Xcode/DerivedData/books-fpommwulutefkublemohbizwfike/Build/Products/Debug-iphonesimulator -F /Applications/Xcode.app/Contents/Developer/Platforms/iPhoneSimulator.platform/Developer/Library/Frameworks -F /Applications/Xcode.app/Contents/Developer/Platforms/iPhoneSimulator.platform/Developer/SDKs/iPhoneSimulator18.5.sdk/Developer/Library/Frameworks -c -j12 -enable-batch-mode -incremental -Xcc -ivfsstatcache -Xcc /Users/justingardner/Library/Developer/Xcode/DerivedData/SDKStatCaches.noindex/iphonesimulator18.5-22F76-d5fc8ad4295d2ef488fb7d0f804ce0c4.sdkstatcache -output-file-map /Users/justingardner/Library/Developer/Xcode/DerivedData/books-fpommwulutefkublemohbizwfike/Build/Intermediates.noindex/books.build/Debug-iphonesimulator/booksUITests.build/Objects-normal/arm64/booksUITests-OutputFileMap.json -use-frontend-parseable-output -save-temps -no-color-diagnostics -serialize-diagnostics -emit-dependencies -emit-module -emit-module-path /Users/justingardner/Library/Developer/Xcode/DerivedData/books-fpommwulutefkublemohbizwfike/Build/Intermediates.noindex/books.build/Debug-iphonesimulator/booksUITests.build/Objects-normal/arm64/booksUITests.swiftmodule -validate-clang-modules-once -clang-build-session-file /Users/justingardner/Library/Developer/Xcode/DerivedData/ModuleCache.noindex/Session.modulevalidation -Xcc -I/Users/justingardner/Library/Developer/Xcode/DerivedData/books-fpommwulutefkublemohbizwfike/Build/Intermediates.noindex/books.build/Debug-iphonesimulator/booksUITests.build/swift-overrides.hmap -emit-const-values -Xfrontend -const-gather-protocols-file -Xfrontend /Users/justingardner/Library/Developer/Xcode/DerivedData/books-fpommwulutefkublemohbizwfike/Build/Intermediates.noindex/books.build/Debug-iphonesimulator/booksUITests.build/Objects-normal/arm64/booksUITests_const_extract_protocols.json -Xcc -iquote -Xcc /Users/justingardner/Library/Developer/Xcode/DerivedData/books-fpommwulutefkublemohbizwfike/Build/Intermediates.noindex/books.build/Debug-iphonesimulator/booksUITests.build/booksUITests-generated-files.hmap -Xcc -I/Users/justingardner/Library/Developer/Xcode/DerivedData/books-fpommwulutefkublemohbizwfike/Build/Intermediates.noindex/books.build/Debug-iphonesimulator/booksUITests.build/booksUITests-own-target-headers.hmap -Xcc -I/Users/justingardner/Library/Developer/Xcode/DerivedData/books-fpommwulutefkublemohbizwfike/Build/Intermediates.noindex/books.build/Debug-iphonesimulator/booksUITests.build/booksUITests-all-target-headers.hmap -Xcc -iquote -Xcc /Users/justingardner/Library/Developer/Xcode/DerivedData/books-fpommwulutefkublemohbizwfike/Build/Intermediates.noindex/books.build/Debug-iphonesimulator/booksUITests.build/booksUITests-project-headers.hmap -Xcc -I/Users/justingardner/Library/Developer/Xcode/DerivedData/books-fpommwulutefkublemohbizwfike/Build/Products/Debug-iphonesimulator/include -Xcc -I/Users/justingardner/Library/Developer/Xcode/DerivedData/books-fpommwulutefkublemohbizwfike/Build/Intermediates.noindex/books.build/Debug-iphonesimulator/booksUITests.build/DerivedSources-normal/arm64 -Xcc -I/Users/justingardner/Library/Developer/Xcode/DerivedData/books-fpommwulutefkublemohbizwfike/Build/Intermediates.noindex/books.build/Debug-iphonesimulator/booksUITests.build/DerivedSources/arm64 -Xcc -I/Users/justingardner/Library/Developer/Xcode/DerivedData/books-fpommwulutefkublemohbizwfike/Build/Intermediates.noindex/books.build/Debug-iphonesimulator/booksUITests.build/DerivedSources -Xcc -DDEBUG\=1 -emit-objc-header -emit-objc-header-path /Users/justingardner/Library/Developer/Xcode/DerivedData/books-fpommwulutefkublemohbizwfike/Build/Intermediates.noindex/books.build/Debug-iphonesimulator/booksUITests.build/Objects-normal/arm64/booksUITests-Swift.h -working-directory /Users/justingardner/Downloads/xcode/books_build2 -experimental-emit-module-separately -disable-cmo

SwiftDriver\ Compilation booksUITests normal arm64 com.apple.xcode.tools.swift.compiler (in target 'booksUITests' from project 'books')
    cd /Users/justingardner/Downloads/xcode/books_build2
    builtin-Swift-Compilation -- /Applications/Xcode.app/Contents/Developer/Toolchains/XcodeDefault.xctoolchain/usr/bin/swiftc -module-name booksUITests -Onone -enforce-exclusivity\=checked @/Users/justingardner/Library/Developer/Xcode/DerivedData/books-fpommwulutefkublemohbizwfike/Build/Intermediates.noindex/books.build/Debug-iphonesimulator/booksUITests.build/Objects-normal/arm64/booksUITests.SwiftFileList -DDEBUG -module-alias Testing\=_Testing_Unavailable -plugin-path /Applications/Xcode.app/Contents/Developer/Toolchains/XcodeDefault.xctoolchain/usr/lib/swift/host/plugins/testing -enable-bare-slash-regex -enable-experimental-feature DebugDescriptionMacro -sdk /Applications/Xcode.app/Contents/Developer/Platforms/iPhoneSimulator.platform/Developer/SDKs/iPhoneSimulator18.5.sdk -target arm64-apple-ios18.0-simulator -g -module-cache-path /Users/justingardner/Library/Developer/Xcode/DerivedData/ModuleCache.noindex -Xfrontend -serialize-debugging-options -profile-coverage-mapping -profile-generate -enable-testing -index-store-path /Users/justingardner/Library/Developer/Xcode/DerivedData/books-fpommwulutefkublemohbizwfike/Index.noindex/DataStore -swift-version 5 -I /Users/justingardner/Library/Developer/Xcode/DerivedData/books-fpommwulutefkublemohbizwfike/Build/Products/Debug-iphonesimulator -I /Applications/Xcode.app/Contents/Developer/Platforms/iPhoneSimulator.platform/Developer/usr/lib -F /Users/justingardner/Library/Developer/Xcode/DerivedData/books-fpommwulutefkublemohbizwfike/Build/Products/Debug-iphonesimulator -F /Applications/Xcode.app/Contents/Developer/Platforms/iPhoneSimulator.platform/Developer/Library/Frameworks -F /Applications/Xcode.app/Contents/Developer/Platforms/iPhoneSimulator.platform/Developer/SDKs/iPhoneSimulator18.5.sdk/Developer/Library/Frameworks -c -j12 -enable-batch-mode -incremental -Xcc -ivfsstatcache -Xcc /Users/justingardner/Library/Developer/Xcode/DerivedData/SDKStatCaches.noindex/iphonesimulator18.5-22F76-d5fc8ad4295d2ef488fb7d0f804ce0c4.sdkstatcache -output-file-map /Users/justingardner/Library/Developer/Xcode/DerivedData/books-fpommwulutefkublemohbizwfike/Build/Intermediates.noindex/books.build/Debug-iphonesimulator/booksUITests.build/Objects-normal/arm64/booksUITests-OutputFileMap.json -use-frontend-parseable-output -save-temps -no-color-diagnostics -serialize-diagnostics -emit-dependencies -emit-module -emit-module-path /Users/justingardner/Library/Developer/Xcode/DerivedData/books-fpommwulutefkublemohbizwfike/Build/Intermediates.noindex/books.build/Debug-iphonesimulator/booksUITests.build/Objects-normal/arm64/booksUITests.swiftmodule -validate-clang-modules-once -clang-build-session-file /Users/justingardner/Library/Developer/Xcode/DerivedData/ModuleCache.noindex/Session.modulevalidation -Xcc -I/Users/justingardner/Library/Developer/Xcode/DerivedData/books-fpommwulutefkublemohbizwfike/Build/Intermediates.noindex/books.build/Debug-iphonesimulator/booksUITests.build/swift-overrides.hmap -emit-const-values -Xfrontend -const-gather-protocols-file -Xfrontend /Users/justingardner/Library/Developer/Xcode/DerivedData/books-fpommwulutefkublemohbizwfike/Build/Intermediates.noindex/books.build/Debug-iphonesimulator/booksUITests.build/Objects-normal/arm64/booksUITests_const_extract_protocols.json -Xcc -iquote -Xcc /Users/justingardner/Library/Developer/Xcode/DerivedData/books-fpommwulutefkublemohbizwfike/Build/Intermediates.noindex/books.build/Debug-iphonesimulator/booksUITests.build/booksUITests-generated-files.hmap -Xcc -I/Users/justingardner/Library/Developer/Xcode/DerivedData/books-fpommwulutefkublemohbizwfike/Build/Intermediates.noindex/books.build/Debug-iphonesimulator/booksUITests.build/booksUITests-own-target-headers.hmap -Xcc -I/Users/justingardner/Library/Developer/Xcode/DerivedData/books-fpommwulutefkublemohbizwfike/Build/Intermediates.noindex/books.build/Debug-iphonesimulator/booksUITests.build/booksUITests-all-target-headers.hmap -Xcc -iquote -Xcc /Users/justingardner/Library/Developer/Xcode/DerivedData/books-fpommwulutefkublemohbizwfike/Build/Intermediates.noindex/books.build/Debug-iphonesimulator/booksUITests.build/booksUITests-project-headers.hmap -Xcc -I/Users/justingardner/Library/Developer/Xcode/DerivedData/books-fpommwulutefkublemohbizwfike/Build/Products/Debug-iphonesimulator/include -Xcc -I/Users/justingardner/Library/Developer/Xcode/DerivedData/books-fpommwulutefkublemohbizwfike/Build/Intermediates.noindex/books.build/Debug-iphonesimulator/booksUITests.build/DerivedSources-normal/arm64 -Xcc -I/Users/justingardner/Library/Developer/Xcode/DerivedData/books-fpommwulutefkublemohbizwfike/Build/Intermediates.noindex/books.build/Debug-iphonesimulator/booksUITests.build/DerivedSources/arm64 -Xcc -I/Users/justingardner/Library/Developer/Xcode/DerivedData/books-fpommwulutefkublemohbizwfike/Build/Intermediates.noindex/books.build/Debug-iphonesimulator/booksUITests.build/DerivedSources -Xcc -DDEBUG\=1 -emit-objc-header -emit-objc-header-path /Users/justingardner/Library/Developer/Xcode/DerivedData/books-fpommwulutefkublemohbizwfike/Build/Intermediates.noindex/books.build/Debug-iphonesimulator/booksUITests.build/Objects-normal/arm64/booksUITests-Swift.h -working-directory /Users/justingardner/Downloads/xcode/books_build2 -experimental-emit-module-separately -disable-cmo

SwiftCompile normal arm64 Compiling\ ModelTests.swift,\ CSVParserISBNTests.swift /Users/justingardner/Downloads/xcode/books_build2/booksTests/ModelTests.swift /Users/justingardner/Downloads/xcode/books_build2/booksTests/CSVParserISBNTests.swift (in target 'booksTests' from project 'books')

SwiftCompile normal arm64 /Users/justingardner/Downloads/xcode/books_build2/booksTests/ModelTests.swift (in target 'booksTests' from project 'books')
    cd /Users/justingardner/Downloads/xcode/books_build2
    

SwiftCompile normal arm64 /Users/justingardner/Downloads/xcode/books_build2/booksTests/CSVParserISBNTests.swift (in target 'booksTests' from project 'books')
    cd /Users/justingardner/Downloads/xcode/books_build2
    

SwiftEmitModule normal arm64 Emitting\ module\ for\ booksTests (in target 'booksTests' from project 'books')

EmitSwiftModule normal arm64 (in target 'booksTests' from project 'books')
    cd /Users/justingardner/Downloads/xcode/books_build2
    

SwiftCompile normal arm64 Compiling\ AdaptiveRateLimitingTests.swift /Users/justingardner/Downloads/xcode/books_build2/booksTests/AdaptiveRateLimitingTests.swift (in target 'booksTests' from project 'books')

SwiftCompile normal arm64 /Users/justingardner/Downloads/xcode/books_build2/booksTests/AdaptiveRateLimitingTests.swift (in target 'booksTests' from project 'books')
    cd /Users/justingardner/Downloads/xcode/books_build2
    

SwiftDriverJobDiscovery normal arm64 Compiling BookRowView.swift, ReadingGoalsManager.swift, CSVImportView.swift (in target 'books' from project 'books')

SwiftCompile normal arm64 Compiling\ ServiceIntegrationTests.swift,\ ErrorHandlingAndRetryLogicTests.swift /Users/justingardner/Downloads/xcode/books_build2/booksTests/ServiceIntegrationTests.swift /Users/justingardner/Downloads/xcode/books_build2/booksTests/ErrorHandlingAndRetryLogicTests.swift (in target 'booksTests' from project 'books')

SwiftCompile normal arm64 /Users/justingardner/Downloads/xcode/books_build2/booksTests/ServiceIntegrationTests.swift (in target 'booksTests' from project 'books')
    cd /Users/justingardner/Downloads/xcode/books_build2
    

SwiftCompile normal arm64 /Users/justingardner/Downloads/xcode/books_build2/booksTests/ErrorHandlingAndRetryLogicTests.swift (in target 'booksTests' from project 'books')
    cd /Users/justingardner/Downloads/xcode/books_build2
    

SwiftDriverJobDiscovery normal arm64 Compiling BookCoverImage.swift, ColumnMappingView.swift, SharedComponents.swift (in target 'books' from project 'books')

SwiftCompile normal arm64 Compiling\ ImageCacheTests.swift,\ BackgroundProcessingResumeTests.swift /Users/justingardner/Downloads/xcode/books_build2/booksTests/ImageCacheTests.swift /Users/justingardner/Downloads/xcode/books_build2/booksTests/BackgroundProcessingResumeTests.swift (in target 'booksTests' from project 'books')
Failed frontend command:
/Applications/Xcode.app/Contents/Developer/Toolchains/XcodeDefault.xctoolchain/usr/bin/swift-frontend -frontend -c -primary-file /Users/justingardner/Downloads/xcode/books_build2/booksTests/ImageCacheTests.swift -primary-file /Users/justingardner/Downloads/xcode/books_build2/booksTests/BackgroundProcessingResumeTests.swift /Users/justingardner/Downloads/xcode/books_build2/booksTests/IntegrationTests.swift /Users/justingardner/Downloads/xcode/books_build2/booksTests/BarcodeScannerTests.swift /Users/justingardner/Downloads/xcode/books_build2/booksTests/ViewTests.swift /Users/justingardner/Downloads/xcode/books_build2/booksTests/BookSearchServiceTests.swift /Users/justingardner/Downloads/xcode/books_build2/booksTests/UserBookModelTests.swift /Users/justingardner/Downloads/xcode/books_build2/booksTests/booksTests.swift /Users/justingardner/Downloads/xcode/books_build2/booksTests/LibraryResetTests.swift /Users/justingardner/Downloads/xcode/books_build2/booksTests/BookTrackerTestSuite.swift /Users/justingardner/Downloads/xcode/books_build2/booksTests/MockStrategiesAndNetworkTesting.swift /Users/justingardner/Downloads/xcode/books_build2/booksTests/CSVImportTests.swift /Users/justingardner/Downloads/xcode/books_build2/booksTests/ModelContainerTests.swift /Users/justingardner/Downloads/xcode/books_build2/booksTests/CSVImportWorkflowTests.swift /Users/justingardner/Downloads/xcode/books_build2/booksTests/ModelTests.swift /Users/justingardner/Downloads/xcode/books_build2/booksTests/CSVParserISBNTests.swift /Users/justingardner/Downloads/xcode/books_build2/booksTests/PerformanceTestingStrategy.swift /Users/justingardner/Downloads/xcode/books_build2/booksTests/CulturalDiversityTests.swift /Users/justingardner/Downloads/xcode/books_build2/booksTests/PriorityQueueIntegrationTests.swift /Users/justingardner/Downloads/xcode/books_build2/booksTests/DataMergingLogicTests.swift /Users/justingardner/Downloads/xcode/books_build2/booksTests/ServiceIntegrationTests.swift /Users/justingardner/Downloads/xcode/books_build2/booksTests/DuplicateDetectionTests.swift /Users/justingardner/Downloads/xcode/books_build2/booksTests/ServiceProtocols.swift /Users/justingardner/Downloads/xcode/books_build2/booksTests/ErrorHandlingAndRetryLogicTests.swift /Users/justingardner/Downloads/xcode/books_build2/booksTests/SimpleISBNLookupServiceTests.swift /Users/justingardner/Downloads/xcode/books_build2/booksTests/AdaptiveRateLimitingTests.swift /Users/justingardner/Downloads/xcode/books_build2/booksTests/HapticFeedbackTests.swift /Users/justingardner/Downloads/xcode/books_build2/booksTests/AppLaunchTests.swift -emit-dependencies-path /Users/justingardner/Library/Developer/Xcode/DerivedData/books-fpommwulutefkublemohbizwfike/Build/Intermediates.noindex/books.build/Debug-iphonesimulator/booksTests.build/Objects-normal/arm64/ImageCacheTests.d -emit-const-values-path /Users/justingardner/Library/Developer/Xcode/DerivedData/books-fpommwulutefkublemohbizwfike/Build/Intermediates.noindex/books.build/Debug-iphonesimulator/booksTests.build/Objects-normal/arm64/ImageCacheTests.swiftconstvalues -emit-reference-dependencies-path /Users/justingardner/Library/Developer/Xcode/DerivedData/books-fpommwulutefkublemohbizwfike/Build/Intermediates.noindex/books.build/Debug-iphonesimulator/booksTests.build/Objects-normal/arm64/ImageCacheTests.swiftdeps -serialize-diagnostics-path /Users/justingardner/Library/Developer/Xcode/DerivedData/books-fpommwulutefkublemohbizwfike/Build/Intermediates.noindex/books.build/Debug-iphonesimulator/booksTests.build/Objects-normal/arm64/ImageCacheTests.dia -emit-dependencies-path /Users/justingardner/Library/Developer/Xcode/DerivedData/books-fpommwulutefkublemohbizwfike/Build/Intermediates.noindex/books.build/Debug-iphonesimulator/booksTests.build/Objects-normal/arm64/BackgroundProcessingResumeTests.d -emit-const-values-path /Users/justingardner/Library/Developer/Xcode/DerivedData/books-fpommwulutefkublemohbizwfike/Build/Intermediates.noindex/books.build/Debug-iphonesimulator/booksTests.build/Objects-normal/arm64/BackgroundProcessingResumeTests.swiftconstvalues -emit-reference-dependencies-path /Users/justingardner/Library/Developer/Xcode/DerivedData/books-fpommwulutefkublemohbizwfike/Build/Intermediates.noindex/books.build/Debug-iphonesimulator/booksTests.build/Objects-normal/arm64/BackgroundProcessingResumeTests.swiftdeps -serialize-diagnostics-path /Users/justingardner/Library/Developer/Xcode/DerivedData/books-fpommwulutefkublemohbizwfike/Build/Intermediates.noindex/books.build/Debug-iphonesimulator/booksTests.build/Objects-normal/arm64/BackgroundProcessingResumeTests.dia -target arm64-apple-ios18.0-simulator -Xllvm -aarch64-use-tbi -enable-objc-interop -sdk /Applications/Xcode.app/Contents/Developer/Platforms/iPhoneSimulator.platform/Developer/SDKs/iPhoneSimulator18.5.sdk -I /Users/justingardner/Library/Developer/Xcode/DerivedData/books-fpommwulutefkublemohbizwfike/Build/Products/Debug-iphonesimulator -I /Applications/Xcode.app/Contents/Developer/Platforms/iPhoneSimulator.platform/Developer/usr/lib -F /Users/justingardner/Library/Developer/Xcode/DerivedData/books-fpommwulutefkublemohbizwfike/Build/Products/Debug-iphonesimulator -F /Applications/Xcode.app/Contents/Developer/Platforms/iPhoneSimulator.platform/Developer/Library/Frameworks -F /Applications/Xcode.app/Contents/Developer/Platforms/iPhoneSimulator.platform/Developer/SDKs/iPhoneSimulator18.5.sdk/Developer/Library/Frameworks -no-color-diagnostics -enable-testing -g -debug-info-format\=dwarf -dwarf-version\=5 -module-cache-path /Users/justingardner/Library/Developer/Xcode/DerivedData/ModuleCache.noindex -profile-generate -profile-coverage-mapping -swift-version 5 -enforce-exclusivity\=checked -Onone -D DEBUG -serialize-debugging-options -const-gather-protocols-file /Users/justingardner/Library/Developer/Xcode/DerivedData/books-fpommwulutefkublemohbizwfike/Build/Intermediates.noindex/books.build/Debug-iphonesimulator/booksTests.build/Objects-normal/arm64/booksTests_const_extract_protocols.json -enable-experimental-feature DebugDescriptionMacro -enable-bare-slash-regex -empty-abi-descriptor -plugin-path /Applications/Xcode.app/Contents/Developer/Toolchains/XcodeDefault.xctoolchain/usr/lib/swift/host/plugins/testing -validate-clang-modules-once -clang-build-session-file /Users/justingardner/Library/Developer/Xcode/DerivedData/ModuleCache.noindex/Session.modulevalidation -Xcc -working-directory -Xcc /Users/justingardner/Downloads/xcode/books_build2 -resource-dir /Applications/Xcode.app/Contents/Developer/Toolchains/XcodeDefault.xctoolchain/usr/lib/swift -enable-anonymous-context-mangled-names -file-compilation-dir /Users/justingardner/Downloads/xcode/books_build2 -Xcc -ivfsstatcache -Xcc /Users/justingardner/Library/Developer/Xcode/DerivedData/SDKStatCaches.noindex/iphonesimulator18.5-22F76-d5fc8ad4295d2ef488fb7d0f804ce0c4.sdkstatcache -Xcc -I/Users/justingardner/Library/Developer/Xcode/DerivedData/books-fpommwulutefkublemohbizwfike/Build/Intermediates.noindex/books.build/Debug-iphonesimulator/booksTests.build/swift-overrides.hmap -Xcc -iquote -Xcc /Users/justingardner/Library/Developer/Xcode/DerivedData/books-fpommwulutefkublemohbizwfike/Build/Intermediates.noindex/books.build/Debug-iphonesimulator/booksTests.build/booksTests-generated-files.hmap -Xcc -I/Users/justingardner/Library/Developer/Xcode/DerivedData/books-fpommwulutefkublemohbizwfike/Build/Intermediates.noindex/books.build/Debug-iphonesimulator/booksTests.build/booksTests-own-target-headers.hmap -Xcc -I/Users/justingardner/Library/Developer/Xcode/DerivedData/books-fpommwulutefkublemohbizwfike/Build/Intermediates.noindex/books.build/Debug-iphonesimulator/booksTests.build/booksTests-all-target-headers.hmap -Xcc -iquote -Xcc /Users/justingardner/Library/Developer/Xcode/DerivedData/books-fpommwulutefkublemohbizwfike/Build/Intermediates.noindex/books.build/Debug-iphonesimulator/booksTests.build/booksTests-project-headers.hmap -Xcc -I/Users/justingardner/Library/Developer/Xcode/DerivedData/books-fpommwulutefkublemohbizwfike/Build/Products/Debug-iphonesimulator/include -Xcc -I/Users/justingardner/Library/Developer/Xcode/DerivedData/books-fpommwulutefkublemohbizwfike/Build/Intermediates.noindex/books.build/Debug-iphonesimulator/booksTests.build/DerivedSources-normal/arm64 -Xcc -I/Users/justingardner/Library/Developer/Xcode/DerivedData/books-fpommwulutefkublemohbizwfike/Build/Intermediates.noindex/books.build/Debug-iphonesimulator/booksTests.build/DerivedSources/arm64 -Xcc -I/Users/justingardner/Library/Developer/Xcode/DerivedData/books-fpommwulutefkublemohbizwfike/Build/Intermediates.noindex/books.build/Debug-iphonesimulator/booksTests.build/DerivedSources -Xcc -DDEBUG\=1 -module-name booksTests -frontend-parseable-output -disable-clang-spi -target-sdk-version 18.5 -target-sdk-name iphonesimulator18.5 -external-plugin-path /Applications/Xcode.app/Contents/Developer/Platforms/iPhoneOS.platform/Developer/usr/lib/swift/host/plugins\#/Applications/Xcode.app/Contents/Developer/Platforms/iPhoneOS.platform/Developer/usr/bin/swift-plugin-server -external-plugin-path /Applications/Xcode.app/Contents/Developer/Platforms/iPhoneOS.platform/Developer/usr/local/lib/swift/host/plugins\#/Applications/Xcode.app/Contents/Developer/Platforms/iPhoneOS.platform/Developer/usr/bin/swift-plugin-server -in-process-plugin-server-path /Applications/Xcode.app/Contents/Developer/Toolchains/XcodeDefault.xctoolchain/usr/lib/swift/host/libSwiftInProcPluginServer.dylib -plugin-path /Applications/Xcode.app/Contents/Developer/Toolchains/XcodeDefault.xctoolchain/usr/lib/swift/host/plugins -plugin-path /Applications/Xcode.app/Contents/Developer/Toolchains/XcodeDefault.xctoolchain/usr/local/lib/swift/host/plugins -o /Users/justingardner/Library/Developer/Xcode/DerivedData/books-fpommwulutefkublemohbizwfike/Build/Intermediates.noindex/books.build/Debug-iphonesimulator/booksTests.build/Objects-normal/arm64/ImageCacheTests.o -o /Users/justingardner/Library/Developer/Xcode/DerivedData/books-fpommwulutefkublemohbizwfike/Build/Intermediates.noindex/books.build/Debug-iphonesimulator/booksTests.build/Objects-normal/arm64/BackgroundProcessingResumeTests.o -index-unit-output-path /books.build/Debug-iphonesimulator/booksTests.build/Objects-normal/arm64/ImageCacheTests.o -index-unit-output-path /books.build/Debug-iphonesimulator/booksTests.build/Objects-normal/arm64/BackgroundProcessingResumeTests.o -index-store-path /Users/justingardner/Library/Developer/Xcode/DerivedData/books-fpommwulutefkublemohbizwfike/Index.noindex/DataStore -index-system-modules

SwiftCompile normal arm64 /Users/justingardner/Downloads/xcode/books_build2/booksTests/ImageCacheTests.swift (in target 'booksTests' from project 'books')
    cd /Users/justingardner/Downloads/xcode/books_build2
    

SwiftCompile normal arm64 /Users/justingardner/Downloads/xcode/books_build2/booksTests/BackgroundProcessingResumeTests.swift (in target 'booksTests' from project 'books')
    cd /Users/justingardner/Downloads/xcode/books_build2
    
/Users/justingardner/Downloads/xcode/books_build2/booksTests/BackgroundProcessingResumeTests.swift:113:26: warning: no 'async' operations occur within 'await' expression
        let savedState = await stateManager.getLastSavedState()
                         ^
/Users/justingardner/Downloads/xcode/books_build2/booksTests/BackgroundProcessingResumeTests.swift:149:13: warning: initialization of immutable value 'result' was never used; consider replacing with assignment to '_' or removing it
        let result = await importService.startImport(
        ~~~~^~~~~~
        _
/Users/justingardner/Downloads/xcode/books_build2/booksTests/BackgroundProcessingResumeTests.swift:161:30: warning: no 'async' operations occur within 'await' expression
            let savedState = await stateManager.getLastSavedState()
                             ^
/Users/justingardner/Downloads/xcode/books_build2/booksTests/BackgroundProcessingResumeTests.swift:240:9: warning: no 'async' operations occur within 'await' expression
        await stateManager.saveImportState(
        ^
/Users/justingardner/Downloads/xcode/books_build2/booksTests/BackgroundProcessingResumeTests.swift:247:26: warning: no 'async' operations occur within 'await' expression
        let savedState = await stateManager.getLastSavedState()
                         ^
/Users/justingardner/Downloads/xcode/books_build2/booksTests/BackgroundProcessingResumeTests.swift:262:25: warning: no 'async' operations occur within 'await' expression
        let canResume = await stateManager.canResumeImport()
                        ^
/Users/justingardner/Downloads/xcode/books_build2/booksTests/BackgroundProcessingResumeTests.swift:266:28: warning: no 'async' operations occur within 'await' expression
        let resumeResult = await resumeImportService.resumeImport()
                           ^
/Users/justingardner/Downloads/xcode/books_build2/booksTests/BackgroundProcessingResumeTests.swift:301:9: warning: no 'async' operations occur within 'await' expression
        await stateManager.setPersistedState(oldState)
        ^
/Users/justingardner/Downloads/xcode/books_build2/booksTests/BackgroundProcessingResumeTests.swift:311:25: warning: no 'async' operations occur within 'await' expression
        let canResume = await stateManager.canResumeImport()
                        ^
/Users/justingardner/Downloads/xcode/books_build2/booksTests/BackgroundProcessingResumeTests.swift:404:13: warning: initialization of immutable value 'resumeResult' was never used; consider replacing with assignment to '_' or removing it
        let resumeResult = await resumeService.resumeImport()
        ~~~~^~~~~~~~~~~~
        _
/Users/justingardner/Downloads/xcode/books_build2/booksTests/BackgroundProcessingResumeTests.swift:404:28: warning: no 'async' operations occur within 'await' expression
        let resumeResult = await resumeService.resumeImport()
                           ^
/Users/justingardner/Downloads/xcode/books_build2/booksTests/BackgroundProcessingResumeTests.swift:459:9: warning: no 'async' operations occur within 'await' expression
        await stateManager.handleAppWillTerminate()
        ^
/Users/justingardner/Downloads/xcode/books_build2/booksTests/BackgroundProcessingResumeTests.swift:463:32: warning: no 'async' operations occur within 'await' expression
        let terminationState = await stateManager.getLastSavedState()
                               ^
/Users/justingardner/Downloads/xcode/books_build2/booksTests/BackgroundProcessingResumeTests.swift:544:13: warning: initialization of immutable value 'result' was never used; consider replacing with assignment to '_' or removing it
        let result = await importService.startImport(
        ~~~~^~~~~~
        _
/Users/justingardner/Downloads/xcode/books_build2/booksTests/BackgroundProcessingResumeTests.swift:574:25: error: cannot assign to property: 'partialProgress' is a 'let' constant
        partialProgress.totalBooks = csvSession.totalRows
        ~~~~~~~~~~~~~~~ ^
/Users/justingardner/Downloads/xcode/books_build2/booksTests/BackgroundProcessingResumeTests.swift:573:9: note: change 'let' to 'var' to make it mutable
        let partialProgress = ImportProgress(sessionId: csvSession.id)
        ^~~
        var
/Users/justingardner/Downloads/xcode/books_build2/booksTests/BackgroundProcessingResumeTests.swift:575:25: error: cannot assign to property: 'partialProgress' is a 'let' constant
        partialProgress.processedBooks = 8
        ~~~~~~~~~~~~~~~ ^
/Users/justingardner/Downloads/xcode/books_build2/booksTests/BackgroundProcessingResumeTests.swift:573:9: note: change 'let' to 'var' to make it mutable
        let partialProgress = ImportProgress(sessionId: csvSession.id)
        ^~~
        var
/Users/justingardner/Downloads/xcode/books_build2/booksTests/BackgroundProcessingResumeTests.swift:576:25: error: cannot assign to property: 'partialProgress' is a 'let' constant
        partialProgress.successfulImports = 6
        ~~~~~~~~~~~~~~~ ^
/Users/justingardner/Downloads/xcode/books_build2/booksTests/BackgroundProcessingResumeTests.swift:573:9: note: change 'let' to 'var' to make it mutable
        let partialProgress = ImportProgress(sessionId: csvSession.id)
        ^~~
        var
/Users/justingardner/Downloads/xcode/books_build2/booksTests/BackgroundProcessingResumeTests.swift:577:25: error: cannot assign to property: 'partialProgress' is a 'let' constant
        partialProgress.failedImports = 2
        ~~~~~~~~~~~~~~~ ^
/Users/justingardner/Downloads/xcode/books_build2/booksTests/BackgroundProcessingResumeTests.swift:573:9: note: change 'let' to 'var' to make it mutable
        let partialProgress = ImportProgress(sessionId: csvSession.id)
        ^~~
        var
/Users/justingardner/Downloads/xcode/books_build2/booksTests/BackgroundProcessingResumeTests.swift:712:28: error: cannot assign to property: 'progress' is a 'let' constant
            state.progress.message = "Import paused - will resume when app reopens"
            ~~~~~~~~~~~~~~ ^
/Users/justingardner/Downloads/xcode/books_build2/booksTests/BackgroundProcessingResumeTests.swift:743:18: error: cannot assign to property: 'progress' is a 'let' constant
        progress.totalBooks = session.totalRows
        ~~~~~~~~ ^
/Users/justingardner/Downloads/xcode/books_build2/booksTests/BackgroundProcessingResumeTests.swift:742:9: note: change 'let' to 'var' to make it mutable
        let progress = ImportProgress(sessionId: session.id)
        ^~~
        var
/Users/justingardner/Downloads/xcode/books_build2/booksTests/BackgroundProcessingResumeTests.swift:757:26: error: cannot assign to property: 'progress' is a 'let' constant
                progress.message = "Import paused - background time expired"
                ~~~~~~~~ ^
/Users/justingardner/Downloads/xcode/books_build2/booksTests/BackgroundProcessingResumeTests.swift:742:9: note: change 'let' to 'var' to make it mutable
        let progress = ImportProgress(sessionId: session.id)
        ^~~
        var
/Users/justingardner/Downloads/xcode/books_build2/booksTests/BackgroundProcessingResumeTests.swift:771:22: error: cannot assign to property: 'progress' is a 'let' constant
            progress.processedBooks = i
            ~~~~~~~~ ^
/Users/justingardner/Downloads/xcode/books_build2/booksTests/BackgroundProcessingResumeTests.swift:742:9: note: change 'let' to 'var' to make it mutable
        let progress = ImportProgress(sessionId: session.id)
        ^~~
        var
/Users/justingardner/Downloads/xcode/books_build2/booksTests/BackgroundProcessingResumeTests.swift:772:22: error: cannot assign to property: 'progress' is a 'let' constant
            progress.successfulImports = i
            ~~~~~~~~ ^
/Users/justingardner/Downloads/xcode/books_build2/booksTests/BackgroundProcessingResumeTests.swift:742:9: note: change 'let' to 'var' to make it mutable
        let progress = ImportProgress(sessionId: session.id)
        ^~~
        var
/Users/justingardner/Downloads/xcode/books_build2/booksTests/BackgroundProcessingResumeTests.swift:811:38: error: call to main actor-isolated instance method 'canResumeImport()' in a synchronous nonisolated context
        let canResume = stateManager.canResumeImport()
                                     ^
/Users/justingardner/Downloads/xcode/books_build2/booksTests/BackgroundProcessingResumeTests.swift:677:10: note: calls to instance method 'canResumeImport()' from outside of its actor context are implicitly asynchronous
    func canResumeImport() -> Bool {
         ^
/Users/justingardner/Downloads/xcode/books_build2/booksTests/BackgroundProcessingResumeTests.swift:809:10: note: add '@MainActor' to make instance method 'resumeImport()' part of global actor 'MainActor'
    func resumeImport() -> BackgroundImportResumeResult {
         ^
    @MainActor 
/Users/justingardner/Downloads/xcode/books_build2/booksTests/BackgroundProcessingResumeTests.swift:813:53: error: call to main actor-isolated instance method 'getResumableImportInfo()' in a synchronous nonisolated context
        if canResume, let resumeInfo = stateManager.getResumableImportInfo() {
                                                    ^
/Users/justingardner/Downloads/xcode/books_build2/booksTests/BackgroundProcessingResumeTests.swift:689:10: note: calls to instance method 'getResumableImportInfo()' from outside of its actor context are implicitly asynchronous
    func getResumableImportInfo() -> ResumableImportInfo? {
         ^
/Users/justingardner/Downloads/xcode/books_build2/booksTests/BackgroundProcessingResumeTests.swift:809:10: note: add '@MainActor' to make instance method 'resumeImport()' part of global actor 'MainActor'
    func resumeImport() -> BackgroundImportResumeResult {
         ^
    @MainActor 
/Users/justingardner/Downloads/xcode/books_build2/booksTests/BackgroundProcessingResumeTests.swift:815:26: error: call to main actor-isolated instance method 'clearImportState()' in a synchronous nonisolated context
            stateManager.clearImportState()
                         ^
/Users/justingardner/Downloads/xcode/books_build2/booksTests/BackgroundProcessingResumeTests.swift:672:10: note: calls to instance method 'clearImportState()' from outside of its actor context are implicitly asynchronous
    func clearImportState() {
         ^
/Users/justingardner/Downloads/xcode/books_build2/booksTests/BackgroundProcessingResumeTests.swift:809:10: note: add '@MainActor' to make instance method 'resumeImport()' part of global actor 'MainActor'
    func resumeImport() -> BackgroundImportResumeResult {
         ^
    @MainActor 

SwiftDriverJobDiscovery normal arm64 Compiling BookMetadata.swift, GenreBreakdownChartView.swift, AuthorSearchResultsView.swift, LibraryFilterView.swift (in target 'books' from project 'books')

SwiftCompile normal arm64 Compiling\ AppLaunchTests.swift /Users/justingardner/Downloads/xcode/books_build2/booksTests/AppLaunchTests.swift (in target 'booksTests' from project 'books')

SwiftCompile normal arm64 /Users/justingardner/Downloads/xcode/books_build2/booksTests/AppLaunchTests.swift (in target 'booksTests' from project 'books')
    cd /Users/justingardner/Downloads/xcode/books_build2
    

SwiftDriverJobDiscovery normal arm64 Compiling AdaptiveRateLimitingTests.swift (in target 'booksTests' from project 'books')

SwiftCompile normal arm64 Compiling\ ModelContainerTests.swift,\ CSVImportWorkflowTests.swift /Users/justingardner/Downloads/xcode/books_build2/booksTests/ModelContainerTests.swift /Users/justingardner/Downloads/xcode/books_build2/booksTests/CSVImportWorkflowTests.swift (in target 'booksTests' from project 'books')

SwiftCompile normal arm64 /Users/justingardner/Downloads/xcode/books_build2/booksTests/ModelContainerTests.swift (in target 'booksTests' from project 'books')
    cd /Users/justingardner/Downloads/xcode/books_build2
    
/Users/justingardner/Downloads/xcode/books_build2/booksTests/ModelContainerTests.swift:102:38: error: value of optional type '[UserBook]?' must be unwrapped to refer to member 'count' of wrapped base type '[UserBook]'
        #expect(savedMetadata.first?.userBooks.count == 2)
                                     ^
/Users/justingardner/Downloads/xcode/books_build2/booksTests/ModelContainerTests.swift:102:38: note: chain the optional using '?' to access member 'count' only for non-'nil' base values
        #expect(savedMetadata.first?.userBooks.count == 2)
                                     ^
                                              ?

SwiftCompile normal arm64 /Users/justingardner/Downloads/xcode/books_build2/booksTests/CSVImportWorkflowTests.swift (in target 'booksTests' from project 'books')
    cd /Users/justingardner/Downloads/xcode/books_build2
    
/Users/justingardner/Downloads/xcode/books_build2/booksTests/CSVImportWorkflowTests.swift:300:13: warning: initialization of immutable value 'book1' was never used; consider replacing with assignment to '_' or removing it
        let book1 = createTestUserBook(title: "Imported Book 1", author: "Author 1")
        ~~~~^~~~~
        _
/Users/justingardner/Downloads/xcode/books_build2/booksTests/CSVImportWorkflowTests.swift:301:13: warning: initialization of immutable value 'book2' was never used; consider replacing with assignment to '_' or removing it
        let book2 = createTestUserBook(title: "Imported Book 2", author: "Author 2")
        ~~~~^~~~~
        _
/Users/justingardner/Downloads/xcode/books_build2/booksTests/CSVImportWorkflowTests.swift:302:13: warning: initialization of immutable value 'book3' was never used; consider replacing with assignment to '_' or removing it
        let book3 = createTestUserBook(title: "Imported Book 3", author: "Author 3")
        ~~~~^~~~~
        _

SwiftDriverJobDiscovery normal arm64 Emitting module for booksTests (in target 'booksTests' from project 'books')

SwiftDriver\ Compilation\ Requirements booksTests normal arm64 com.apple.xcode.tools.swift.compiler (in target 'booksTests' from project 'books')
    cd /Users/justingardner/Downloads/xcode/books_build2
    builtin-Swift-Compilation-Requirements -- /Applications/Xcode.app/Contents/Developer/Toolchains/XcodeDefault.xctoolchain/usr/bin/swiftc -module-name booksTests -Onone -enforce-exclusivity\=checked @/Users/justingardner/Library/Developer/Xcode/DerivedData/books-fpommwulutefkublemohbizwfike/Build/Intermediates.noindex/books.build/Debug-iphonesimulator/booksTests.build/Objects-normal/arm64/booksTests.SwiftFileList -DDEBUG -plugin-path /Applications/Xcode.app/Contents/Developer/Toolchains/XcodeDefault.xctoolchain/usr/lib/swift/host/plugins/testing -enable-bare-slash-regex -enable-experimental-feature DebugDescriptionMacro -sdk /Applications/Xcode.app/Contents/Developer/Platforms/iPhoneSimulator.platform/Developer/SDKs/iPhoneSimulator18.5.sdk -target arm64-apple-ios18.0-simulator -g -module-cache-path /Users/justingardner/Library/Developer/Xcode/DerivedData/ModuleCache.noindex -Xfrontend -serialize-debugging-options -profile-coverage-mapping -profile-generate -enable-testing -index-store-path /Users/justingardner/Library/Developer/Xcode/DerivedData/books-fpommwulutefkublemohbizwfike/Index.noindex/DataStore -swift-version 5 -I /Users/justingardner/Library/Developer/Xcode/DerivedData/books-fpommwulutefkublemohbizwfike/Build/Products/Debug-iphonesimulator -I /Applications/Xcode.app/Contents/Developer/Platforms/iPhoneSimulator.platform/Developer/usr/lib -F /Users/justingardner/Library/Developer/Xcode/DerivedData/books-fpommwulutefkublemohbizwfike/Build/Products/Debug-iphonesimulator -F /Applications/Xcode.app/Contents/Developer/Platforms/iPhoneSimulator.platform/Developer/Library/Frameworks -F /Applications/Xcode.app/Contents/Developer/Platforms/iPhoneSimulator.platform/Developer/SDKs/iPhoneSimulator18.5.sdk/Developer/Library/Frameworks -c -j12 -enable-batch-mode -incremental -Xcc -ivfsstatcache -Xcc /Users/justingardner/Library/Developer/Xcode/DerivedData/SDKStatCaches.noindex/iphonesimulator18.5-22F76-d5fc8ad4295d2ef488fb7d0f804ce0c4.sdkstatcache -output-file-map /Users/justingardner/Library/Developer/Xcode/DerivedData/books-fpommwulutefkublemohbizwfike/Build/Intermediates.noindex/books.build/Debug-iphonesimulator/booksTests.build/Objects-normal/arm64/booksTests-OutputFileMap.json -use-frontend-parseable-output -save-temps -no-color-diagnostics -serialize-diagnostics -emit-dependencies -emit-module -emit-module-path /Users/justingardner/Library/Developer/Xcode/DerivedData/books-fpommwulutefkublemohbizwfike/Build/Intermediates.noindex/books.build/Debug-iphonesimulator/booksTests.build/Objects-normal/arm64/booksTests.swiftmodule -validate-clang-modules-once -clang-build-session-file /Users/justingardner/Library/Developer/Xcode/DerivedData/ModuleCache.noindex/Session.modulevalidation -Xcc -I/Users/justingardner/Library/Developer/Xcode/DerivedData/books-fpommwulutefkublemohbizwfike/Build/Intermediates.noindex/books.build/Debug-iphonesimulator/booksTests.build/swift-overrides.hmap -emit-const-values -Xfrontend -const-gather-protocols-file -Xfrontend /Users/justingardner/Library/Developer/Xcode/DerivedData/books-fpommwulutefkublemohbizwfike/Build/Intermediates.noindex/books.build/Debug-iphonesimulator/booksTests.build/Objects-normal/arm64/booksTests_const_extract_protocols.json -Xcc -iquote -Xcc /Users/justingardner/Library/Developer/Xcode/DerivedData/books-fpommwulutefkublemohbizwfike/Build/Intermediates.noindex/books.build/Debug-iphonesimulator/booksTests.build/booksTests-generated-files.hmap -Xcc -I/Users/justingardner/Library/Developer/Xcode/DerivedData/books-fpommwulutefkublemohbizwfike/Build/Intermediates.noindex/books.build/Debug-iphonesimulator/booksTests.build/booksTests-own-target-headers.hmap -Xcc -I/Users/justingardner/Library/Developer/Xcode/DerivedData/books-fpommwulutefkublemohbizwfike/Build/Intermediates.noindex/books.build/Debug-iphonesimulator/booksTests.build/booksTests-all-target-headers.hmap -Xcc -iquote -Xcc /Users/justingardner/Library/Developer/Xcode/DerivedData/books-fpommwulutefkublemohbizwfike/Build/Intermediates.noindex/books.build/Debug-iphonesimulator/booksTests.build/booksTests-project-headers.hmap -Xcc -I/Users/justingardner/Library/Developer/Xcode/DerivedData/books-fpommwulutefkublemohbizwfike/Build/Products/Debug-iphonesimulator/include -Xcc -I/Users/justingardner/Library/Developer/Xcode/DerivedData/books-fpommwulutefkublemohbizwfike/Build/Intermediates.noindex/books.build/Debug-iphonesimulator/booksTests.build/DerivedSources-normal/arm64 -Xcc -I/Users/justingardner/Library/Developer/Xcode/DerivedData/books-fpommwulutefkublemohbizwfike/Build/Intermediates.noindex/books.build/Debug-iphonesimulator/booksTests.build/DerivedSources/arm64 -Xcc -I/Users/justingardner/Library/Developer/Xcode/DerivedData/books-fpommwulutefkublemohbizwfike/Build/Intermediates.noindex/books.build/Debug-iphonesimulator/booksTests.build/DerivedSources -Xcc -DDEBUG\=1 -emit-objc-header -emit-objc-header-path /Users/justingardner/Library/Developer/Xcode/DerivedData/books-fpommwulutefkublemohbizwfike/Build/Intermediates.noindex/books.build/Debug-iphonesimulator/booksTests.build/Objects-normal/arm64/booksTests-Swift.h -working-directory /Users/justingardner/Downloads/xcode/books_build2 -experimental-emit-module-separately -disable-cmo

SwiftDriverJobDiscovery normal arm64 Compiling QuickRatingView.swift, LibraryResetService.swift, BookCardView.swift (in target 'books' from project 'books')

SwiftCompile normal arm64 Compiling\ MockStrategiesAndNetworkTesting.swift,\ CSVImportTests.swift /Users/justingardner/Downloads/xcode/books_build2/booksTests/MockStrategiesAndNetworkTesting.swift /Users/justingardner/Downloads/xcode/books_build2/booksTests/CSVImportTests.swift (in target 'booksTests' from project 'books')

SwiftCompile normal arm64 /Users/justingardner/Downloads/xcode/books_build2/booksTests/MockStrategiesAndNetworkTesting.swift (in target 'booksTests' from project 'books')
    cd /Users/justingardner/Downloads/xcode/books_build2
    

SwiftCompile normal arm64 /Users/justingardner/Downloads/xcode/books_build2/booksTests/CSVImportTests.swift (in target 'booksTests' from project 'books')
    cd /Users/justingardner/Downloads/xcode/books_build2
    

Copy /Users/justingardner/Library/Developer/Xcode/DerivedData/books-fpommwulutefkublemohbizwfike/Build/Products/Debug-iphonesimulator/booksTests.swiftmodule/arm64-apple-ios-simulator.swiftmodule /Users/justingardner/Library/Developer/Xcode/DerivedData/books-fpommwulutefkublemohbizwfike/Build/Intermediates.noindex/books.build/Debug-iphonesimulator/booksTests.build/Objects-normal/arm64/booksTests.swiftmodule (in target 'booksTests' from project 'books')
    cd /Users/justingardner/Downloads/xcode/books_build2
    builtin-copy -exclude .DS_Store -exclude CVS -exclude .svn -exclude .git -exclude .hg -resolve-src-symlinks -rename /Users/justingardner/Library/Developer/Xcode/DerivedData/books-fpommwulutefkublemohbizwfike/Build/Intermediates.noindex/books.build/Debug-iphonesimulator/booksTests.build/Objects-normal/arm64/booksTests.swiftmodule /Users/justingardner/Library/Developer/Xcode/DerivedData/books-fpommwulutefkublemohbizwfike/Build/Products/Debug-iphonesimulator/booksTests.swiftmodule/arm64-apple-ios-simulator.swiftmodule

SwiftDriverJobDiscovery normal arm64 Compiling booksApp.swift, CSVImportService.swift, ContentView.swift (in target 'books' from project 'books')

Copy /Users/justingardner/Library/Developer/Xcode/DerivedData/books-fpommwulutefkublemohbizwfike/Build/Products/Debug-iphonesimulator/booksTests.swiftmodule/arm64-apple-ios-simulator.abi.json /Users/justingardner/Library/Developer/Xcode/DerivedData/books-fpommwulutefkublemohbizwfike/Build/Intermediates.noindex/books.build/Debug-iphonesimulator/booksTests.build/Objects-normal/arm64/booksTests.abi.json (in target 'booksTests' from project 'books')
    cd /Users/justingardner/Downloads/xcode/books_build2
    builtin-copy -exclude .DS_Store -exclude CVS -exclude .svn -exclude .git -exclude .hg -resolve-src-symlinks -rename /Users/justingardner/Library/Developer/Xcode/DerivedData/books-fpommwulutefkublemohbizwfike/Build/Intermediates.noindex/books.build/Debug-iphonesimulator/booksTests.build/Objects-normal/arm64/booksTests.abi.json /Users/justingardner/Library/Developer/Xcode/DerivedData/books-fpommwulutefkublemohbizwfike/Build/Products/Debug-iphonesimulator/booksTests.swiftmodule/arm64-apple-ios-simulator.abi.json

Copy /Users/justingardner/Library/Developer/Xcode/DerivedData/books-fpommwulutefkublemohbizwfike/Build/Products/Debug-iphonesimulator/booksTests.swiftmodule/Project/arm64-apple-ios-simulator.swiftsourceinfo /Users/justingardner/Library/Developer/Xcode/DerivedData/books-fpommwulutefkublemohbizwfike/Build/Intermediates.noindex/books.build/Debug-iphonesimulator/booksTests.build/Objects-normal/arm64/booksTests.swiftsourceinfo (in target 'booksTests' from project 'books')
    cd /Users/justingardner/Downloads/xcode/books_build2
    builtin-copy -exclude .DS_Store -exclude CVS -exclude .svn -exclude .git -exclude .hg -resolve-src-symlinks -rename /Users/justingardner/Library/Developer/Xcode/DerivedData/books-fpommwulutefkublemohbizwfike/Build/Intermediates.noindex/books.build/Debug-iphonesimulator/booksTests.build/Objects-normal/arm64/booksTests.swiftsourceinfo /Users/justingardner/Library/Developer/Xcode/DerivedData/books-fpommwulutefkublemohbizwfike/Build/Products/Debug-iphonesimulator/booksTests.swiftmodule/Project/arm64-apple-ios-simulator.swiftsourceinfo

SwiftCompile normal arm64 Compiling\ PerformanceTestingStrategy.swift,\ CulturalDiversityTests.swift /Users/justingardner/Downloads/xcode/books_build2/booksTests/PerformanceTestingStrategy.swift /Users/justingardner/Downloads/xcode/books_build2/booksTests/CulturalDiversityTests.swift (in target 'booksTests' from project 'books')

SwiftCompile normal arm64 /Users/justingardner/Downloads/xcode/books_build2/booksTests/PerformanceTestingStrategy.swift (in target 'booksTests' from project 'books')
    cd /Users/justingardner/Downloads/xcode/books_build2
    

SwiftCompile normal arm64 /Users/justingardner/Downloads/xcode/books_build2/booksTests/CulturalDiversityTests.swift (in target 'booksTests' from project 'books')
    cd /Users/justingardner/Downloads/xcode/books_build2
    

SwiftCompile normal arm64 Compiling\ PriorityQueueIntegrationTests.swift,\ DataMergingLogicTests.swift /Users/justingardner/Downloads/xcode/books_build2/booksTests/PriorityQueueIntegrationTests.swift /Users/justingardner/Downloads/xcode/books_build2/booksTests/DataMergingLogicTests.swift (in target 'booksTests' from project 'books')

SwiftCompile normal arm64 /Users/justingardner/Downloads/xcode/books_build2/booksTests/PriorityQueueIntegrationTests.swift (in target 'booksTests' from project 'books')
    cd /Users/justingardner/Downloads/xcode/books_build2
    

SwiftCompile normal arm64 /Users/justingardner/Downloads/xcode/books_build2/booksTests/DataMergingLogicTests.swift (in target 'booksTests' from project 'books')
    cd /Users/justingardner/Downloads/xcode/books_build2
    

SwiftDriverJobDiscovery normal arm64 Compiling CulturalDiversityView.swift (in target 'books' from project 'books')

SwiftCompile normal arm64 Compiling\ SimpleISBNLookupServiceTests.swift /Users/justingardner/Downloads/xcode/books_build2/booksTests/SimpleISBNLookupServiceTests.swift (in target 'booksTests' from project 'books')

SwiftCompile normal arm64 /Users/justingardner/Downloads/xcode/books_build2/booksTests/SimpleISBNLookupServiceTests.swift (in target 'booksTests' from project 'books')
    cd /Users/justingardner/Downloads/xcode/books_build2
    

SwiftCompile normal arm64 Compiling\ IntegrationTests.swift,\ ViewTests.swift /Users/justingardner/Downloads/xcode/books_build2/booksTests/IntegrationTests.swift /Users/justingardner/Downloads/xcode/books_build2/booksTests/ViewTests.swift (in target 'booksTests' from project 'books')

SwiftCompile normal arm64 /Users/justingardner/Downloads/xcode/books_build2/booksTests/IntegrationTests.swift (in target 'booksTests' from project 'books')
    cd /Users/justingardner/Downloads/xcode/books_build2
    

SwiftCompile normal arm64 /Users/justingardner/Downloads/xcode/books_build2/booksTests/ViewTests.swift (in target 'booksTests' from project 'books')
    cd /Users/justingardner/Downloads/xcode/books_build2
    

SwiftDriverJobDiscovery normal arm64 Compiling SupportingViews.swift, CulturalSelectionPickers.swift, DuplicateDetection.swift (in target 'books' from project 'books')

SwiftDriverJobDiscovery normal arm64 Compiling BackgroundImportProgressIndicator.swift, UserBook.swift, SearchResultDetailView.swift (in target 'books' from project 'books')

SwiftCompile normal arm64 Compiling\ BookSearchServiceTests.swift,\ UserBookModelTests.swift /Users/justingardner/Downloads/xcode/books_build2/booksTests/BookSearchServiceTests.swift /Users/justingardner/Downloads/xcode/books_build2/booksTests/UserBookModelTests.swift (in target 'booksTests' from project 'books')
Command SwiftCompile failed with a nonzero exit code


Test session results, code coverage, and logs:
	/Users/justingardner/Library/Developer/Xcode/DerivedData/books-fpommwulutefkublemohbizwfike/Logs/Test/Test-books-2025.08.13_09-47-23--0500.xcresult

